"../../../../../../Users/Alyx/Documents/Unreal Projects/LTF-Launcher/Content/Blueprints/BP_Game.uasset" 0
"../../../../../../Users/Alyx/Documents/Unreal Projects/LTF-Launcher/Content/Blueprints/GM_Launcher.uasset" 1
"../../../../../../Users/Alyx/Documents/Unreal Projects/LTF-Launcher/Content/Images/Achievements/Locked/Locked_ABWFR.uasset" 2
"../../../../../../Users/Alyx/Documents/Unreal Projects/LTF-Launcher/Content/Images/Achievements/Unlocked/Unlocked_FirstGame.uasset" 3
"../../../Engine/Content/EngineMaterials/T_Default_Material_Grid_N.uasset" 4
"../../../Engine/Content/EngineMaterials/T_Default_Material_Grid_M.uasset" 5
"../../../Engine/Content/Functions/Engine_MaterialFunctions01/Opacity/CameraDepthFade.uasset" 6
"../../../Engine/Content/EngineMaterials/WorldGridMaterial.uasset" 7
"../../../Engine/Content/ArtTools/RenderToTexture/Meshes/S_1_Unit_Plane.uasset" 8
"../../../Engine/Content/EngineMaterials/DefaultMaterial.uasset" 9
"../../../Engine/Content/BasicShapes/Cone.uasset" 10
"../../../Engine/Content/BasicShapes/Cube.uasset" 11
"../../../Engine/Content/BasicShapes/Plane.uasset" 12
"../../../Engine/Content/BasicShapes/Sphere.uasset" 13
"../../../Engine/Content/EditorLandscapeResources/DataLayer.uasset" 14
"../../../Engine/Content/EditorLandscapeResources/DefaultAlphaTexture.uasset" 15
"../../../Engine/Content/EditorMaterials/MAT_Groups_Toggle.uasset" 16
"../../../Engine/Content/EditorMaterials/MAT_Groups_Visibility.uasset" 17
"../../../Engine/Content/EditorMaterials/PreviewShadowIndicator.uasset" 18
"../../../Engine/Content/EditorMaterials/PreviewShadowIndicatorMaterial.uasset" 19
"../../../Engine/Content/EditorMaterials/MatineeGroups/MAT_ColorTrack.uasset" 20
"../../../Engine/Content/EditorMaterials/MatineeGroups/MAT_Groups_Anim.uasset" 21
"../../../Engine/Content/EditorMaterials/MatineeGroups/MAT_Groups_AudioMaster.uasset" 22
"../../../Engine/Content/EditorMaterials/MatineeGroups/MAT_Groups_Director.uasset" 23
"../../../Engine/Content/EditorMaterials/MatineeGroups/MAT_Groups_Event.uasset" 24
"../../../Engine/Content/EditorMaterials/MatineeGroups/MAT_Groups_Fade.uasset" 25
"../../../Engine/Content/EditorMaterials/MatineeGroups/MAT_Groups_Float.uasset" 26
"../../../Engine/Content/EditorMaterials/MatineeGroups/MAT_Groups_Move.uasset" 27
"../../../Engine/Content/EditorMaterials/MatineeGroups/MAT_Groups_Slomo.uasset" 28
"../../../Engine/Content/EditorMaterials/MatineeGroups/MAT_Groups_Sound.uasset" 29
"../../../Engine/Content/EditorMaterials/MatineeGroups/MAT_Groups_Vector.uasset" 30
"../../../Engine/Content/EditorMaterials/ParticleSystems/PSysThumbnail_NoImage.uasset" 31
"../../../Engine/Content/EditorMaterials/ParticleSystems/PSysThumbnail_OOD.uasset" 32
"../../../Engine/Content/EditorMaterials/Camera/CineMat.uasset" 33
"../../../Engine/Content/EditorMaterials/Camera/MI_CineMat_Rig.uasset" 34
"../../../Engine/Content/EditorMeshes/Camera/SM_CraneRig_Arm.uasset" 35
"../../../Engine/Content/EditorMeshes/Camera/SM_CraneRig_Base.uasset" 36
"../../../Engine/Content/EditorMeshes/Camera/SM_CraneRig_Body.uasset" 37
"../../../Engine/Content/EditorMeshes/Camera/SM_CraneRig_Mount.uasset" 38
"../../../Engine/Content/EditorMeshes/Camera/SM_RailRig_Mount.uasset" 39
"../../../Engine/Content/EditorMeshes/Camera/SM_RailRig_Track.uasset" 40
"../../../Engine/Content/EditorResources/BSPVertex.uasset" 41
"../../../Engine/Content/EditorResources/S_Actor.uasset" 42
"../../../Engine/Content/EditorResources/S_Note.uasset" 43
"../../../Engine/Content/EditorResources/S_Solver.uasset" 44
"../../../Engine/Content/EditorResources/S_Terrain.uasset" 45
"../../../Engine/Content/EditorResources/S_Trigger.uasset" 46
"../../../Engine/Content/EditorResources/SequenceRecorder/Countdown.uasset" 47
"../../../Engine/Content/EditorResources/SequenceRecorder/RecordingIndicator.uasset" 48
"../../../Engine/Content/EngineDamageTypes/DmgTypeBP_Environmental.uasset" 49
"../../../Engine/Content/EngineDebugMaterials/DebugEditorMaterial.uasset" 50
"../../../Engine/Content/EngineDebugMaterials/DebugMeshMaterial.uasset" 51
"../../../Engine/Content/EngineDebugMaterials/M_SimpleUnlitTranslucent.uasset" 52
"../../../Engine/Content/EngineDebugMaterials/VolumeToRender.uasset" 53
"../../../Engine/Content/Functions/Engine_MaterialFunctions02/Utility/CameraDirectionVector.uasset" 54
"../../../Engine/Content/EngineDebugMaterials/M_VolumeRenderSphereTracePP.uasset" 55
"../../../Engine/Content/Functions/Engine_MaterialFunctions01/Shading/ConvertFromDiffSpec.uasset" 56
"../../../Engine/Content/EngineDebugMaterials/VertexColorMaterial.uasset" 57
"../../../Engine/Content/EngineDebugMaterials/WireframeMaterial.uasset" 58
"../../../Engine/Content/EngineFonts/Faces/RobotoRegular.uasset" 59
"../../../Engine/Content/EngineFonts/Faces/RobotoLight.uasset" 60
"../../../Engine/Content/EngineFonts/Faces/RobotoItalic.uasset" 61
"../../../Engine/Content/EngineFonts/Faces/RobotoBoldItalic.uasset" 62
"../../../Engine/Content/EngineFonts/Faces/RobotoBold.uasset" 63
"../../../Engine/Content/EngineFonts/Faces/DroidSansFallback.uasset" 64
"../../../Engine/Content/EngineFonts/Roboto.uasset" 65
"../../../Engine/Content/EngineMaterials/BaseFlattenNormalMap.uasset" 66
"../../../Engine/Content/EngineMaterials/BaseFlattenGrayscaleMap.uasset" 67
"../../../Engine/Content/EngineMaterials/BaseFlattenEmissiveMap.uasset" 68
"../../../Engine/Content/EngineMaterials/BaseFlattenDiffuseMap.uasset" 69
"../../../Engine/Content/EngineMaterials/BaseFlattenMaterial.uasset" 70
"../../../Engine/Content/EngineMaterials/BlueNoise.uasset" 71
"../../../Engine/Content/EngineMaterials/DefaultBloomKernel.uasset" 72
"../../../Engine/Content/EngineMaterials/DefaultBokeh.uasset" 73
"../../../Engine/Content/EngineMaterials/DefaultDiffuse.uasset" 74
"../../../Engine/Content/EngineMaterials/DefaultDeferredDecalMaterial.uasset" 75
"../../../Engine/Content/EngineMaterials/DefaultLightFunctionMaterial.uasset" 76
"../../../Engine/Content/EngineMaterials/DefaultPhysicalMaterial.uasset" 77
"../../../Engine/Content/Functions/Engine_MaterialFunctions02/Utility/BreakOutFloat2Components.uasset" 78
"../../../Engine/Content/EngineMaterials/DefaultPostProcessMaterial.uasset" 79
"../../../Engine/Content/EngineFonts/RobotoDistanceField.uasset" 80
"../../../Engine/Content/EngineMaterials/DefaultTextMaterialOpaque.uasset" 81
"../../../Engine/Content/EngineMaterials/DefaultWhiteGrid.uasset" 82
"../../../Engine/Content/EngineMaterials/DefaultWhiteGrid_Low.uasset" 83
"../../../Engine/Content/EngineMaterials/EmissiveMeshMaterial.uasset" 84
"../../../Engine/Content/EngineMaterials/GizmoMaterial.uasset" 85
"../../../Engine/Content/EngineMaterials/Good64x64TilingNoiseHighFreq.uasset" 86
"../../../Engine/Content/EngineMaterials/MiniFont.uasset" 87
"../../../Engine/Content/EngineMaterials/InvalidLightmapSettings.uasset" 88
"../../../Engine/Content/EngineMaterials/M_InvalidLightmapSettings.uasset" 89
"../../../Engine/Content/Functions/Engine_MaterialFunctions02/WorldPositionOffset/CameraOffset.uasset" 90
"../../../Engine/Content/EngineMaterials/PhAT_JointLimitMaterial.uasset" 91
"../../../Engine/Content/EngineMaterials/PreintegratedSkinBRDF.uasset" 92
"../../../Engine/Content/EngineMaterials/RemoveSurfaceMaterial.uasset" 93
"../../../Engine/Content/EngineMaterials/WeightMapPlaceholderTexture.uasset" 94
"../../../Engine/Content/EngineResources/WhiteSquareTexture.uasset" 95
"../../../Engine/Content/EngineMaterials/Widget3DPassThrough.uasset" 96
"../../../Engine/Content/EngineMaterials/Widget3DPassThrough_Masked.uasset" 97
"../../../Engine/Content/EngineMaterials/Widget3DPassThrough_Opaque.uasset" 98
"../../../Engine/Content/EngineMaterials/Widget3DPassThrough_Masked_OneSided.uasset" 99
"../../../Engine/Content/EngineMaterials/Widget3DPassThrough_Opaque_OneSided.uasset" 100
"../../../Engine/Content/EngineMaterials/Widget3DPassThrough_Translucent.uasset" 101
"../../../Engine/Content/EngineMaterials/Widget3DPassThrough_Translucent_OneSided.uasset" 102
"../../../Engine/Content/EngineMeshes/Sphere.uasset" 103
"../../../Engine/Content/EngineResources/Black.uasset" 104
"../../../Engine/Content/EngineResources/DefaultTexture.uasset" 105
"../../../Engine/Content/EngineResources/DefaultTextureCube.uasset" 106
"../../../Engine/Content/EngineResources/DefaultVolumeTexture2D.uasset" 107
"../../../Engine/Content/EngineResources/DefaultVolumeTexture.uasset" 108
"../../../Engine/Content/EngineResources/GradientTexture0.uasset" 109
"../../../Engine/Content/EngineSky/VolumetricClouds/T_NoiseShape64.uasset" 110
"../../../Engine/Content/EngineSky/VolumetricClouds/T_VolumeNoiseShape64.uasset" 111
"../../../Engine/Content/EngineSky/VolumetricClouds/T_NoiseErosion.uasset" 112
"../../../Engine/Content/EngineSky/VolumetricClouds/T_VolumeNoiseErosion32.uasset" 113
"../../../Engine/Content/EngineSky/VolumetricClouds/CloudWeatherTexture.uasset" 114
"../../../Engine/Content/EngineSky/VolumetricClouds/CloudGradientTexture.uasset" 115
"../../../Engine/Content/Functions/Engine_MaterialFunctions02/Utility/MakeFloat2.uasset" 116
"../../../Engine/Content/EngineSky/VolumetricClouds/m_SimpleVolumetricCloud.uasset" 117
"../../../Engine/Content/EngineSky/VolumetricClouds/m_SimpleVolumetricCloud_Inst.uasset" 118
"../../../Engine/Content/Functions/Engine_MaterialFunctions01/Shading/PowerToRoughness.uasset" 119
"../../../Engine/Content/Maps/Templates/Thumbnails/Default.uasset" 120
"../../../Engine/Content/Maps/Templates/Thumbnails/TimeOfDay.uasset" 121
"../../../Engine/Content/Maps/Templates/Thumbnails/VR-Basic.uasset" 122
"../../../Engine/Content/MobileResources/T_MobileControls_texture.uasset" 123
"../../../Engine/Content/MobileResources/T_MobileMenu2.uasset" 124
"../../../Engine/Content/MobileResources/HUD/AnalogHat.uasset" 125
"../../../Engine/Content/MobileResources/HUD/VirtualJoystick_Thumb.uasset" 126
"../../../Engine/Content/MobileResources/HUD/VirtualJoystick_Background.uasset" 127
"../../../Engine/Content/MobileResources/HUD/DefaultVirtualJoysticks.uasset" 128
"../../../Engine/Content/MobileResources/HUD/LeftVirtualJoystickOnly.uasset" 129
"../../../Engine/Content/MobileResources/HUD/MobileHUDButton1_off.uasset" 130
"../../../Engine/Content/MobileResources/HUD/MobileHUDButton1_on.uasset" 131
"../../../Engine/Content/MobileResources/HUD/MobileHUDButton2_off.uasset" 132
"../../../Engine/Content/MobileResources/HUD/MobileHUDButton2_on.uasset" 133
"../../../Engine/Content/MobileResources/HUD/MobileHUDButton3.uasset" 134
"../../../Engine/Content/MobileResources/HUD/MobileHUDButtonFire.uasset" 135
"../../../Engine/Content/MobileResources/HUD/MobileHUDDirectionPad.uasset" 136
"../../../Engine/Content/MobileResources/HUD/MobileHUDDirectionPad2.uasset" 137
"../../../Engine/Content/MobileResources/HUD/MobileHUDDirectionPad3.uasset" 138
"../../../Engine/Content/MobileResources/HUD/MobileHUDDirectionStick.uasset" 139
"../../../Engine/Content/MobileResources/HUD/T_Castle_ThumbstickInner.uasset" 140
"../../../Engine/Content/MobileResources/HUD/T_Castle_ThumbstickOutter.uasset" 141
"../../../Engine/Content/Tutorial/ContentIntroCurve.uasset" 142
"../../../Engine/Content/Tutorial/Basics/LevelEditorAttract.uasset" 143
"../../../Engine/Content/Tutorial/Basics/TutorialAssets/icon_tab_Levels_40x.uasset" 144
"../../../Engine/Content/Tutorial/Basics/LevelEditorOverview.uasset" 145
"../../../Engine/Content/Tutorial/BlueprintTutorials/TutorialAssets/Blueprint_64x.uasset" 146
"../../../Engine/Content/Tutorial/BlueprintTutorials/BlueprintEditorTutorial.uasset" 147
"../../../Engine/Content/Tutorial/Installation/InstallingVisualStudioTutorial.uasset" 148
"../../../Engine/Content/VREditor/TransformGizmo/TranslucentTransformGizmoMaterial.uasset" 149
"../../../Engine/Content/VREditor/LaserPointer/VR_LaserPower_01.uasset" 150
"../../../Engine/Content/VREditor/TransformGizmo/TransformGizmoMaterial.uasset" 151
"../../../Engine/Content/VREditor/TransformGizmo/BoundingBoxCorner.uasset" 152
"../../../Engine/Content/VREditor/TransformGizmo/BoundingBoxEdge.uasset" 153
"../../../Engine/Content/VREditor/TransformGizmo/PlaneTranslationHandle.uasset" 154
"../../../Engine/Content/VREditor/TransformGizmo/Xray.uasset" 155
"../../../Engine/Content/VREditor/TransformGizmo/Main.uasset" 156
"../../../Engine/Content/VREditor/TransformGizmo/SM_Sequencer_Key.uasset" 157
"../../../Engine/Content/VREditor/TransformGizmo/SM_Sequencer_Node.uasset" 158
"../../Plugins/2D/Paper2D/Content/PlaceholderTextures/DummySpriteTexture.uasset" 159
"../../Plugins/2D/Paper2D/Content/DummySprite.uasset" 160
"../../Plugins/2D/Paper2D/Content/DefaultPaperTerrainMaterial.uasset" 161
"../../Plugins/2D/Paper2D/Content/DefaultSpriteMaterial.uasset" 162
"../../Plugins/2D/Paper2D/Content/MaskedUnlitSpriteMaterial.uasset" 163
"../../Plugins/2D/Paper2D/Content/OpaqueUnlitSpriteMaterial.uasset" 164
"../../../Engine/Content/BasicShapes/Cylinder.uasset" 165
"../../../Engine/Content/ArtTools/RenderToTexture/Materials/Debug/M_Emissive_Color.uasset" 166
"../../Plugins/Lumin/MagicLeapPassableWorld/Content/MagicLeapARPinInfoActor.uasset" 167
"../../Plugins/Runtime/WebBrowserWidget/Content/WebTexture_T.uasset" 168
"../../Plugins/Runtime/WebBrowserWidget/Content/WebTexture_M.uasset" 169
"../../Plugins/Runtime/WebBrowserWidget/Content/WebTexture_TM.uasset" 170
"../../../Engine/Content/EditorBlueprintResources/StandardMacros.uasset" 171
"../../../../../../Users/Alyx/Documents/Unreal Projects/LTF-Launcher/Content/Fonts/PTSansNarrow/PTSansNarrow_Regular.uasset" 172
"../../../../../../Users/Alyx/Documents/Unreal Projects/LTF-Launcher/Content/Fonts/PTSansNarrow/PTSansNarrow_Bold.uasset" 173
"../../../../../../Users/Alyx/Documents/Unreal Projects/LTF-Launcher/Content/Fonts/PTSansNarrow/Font_PTSansNarrow.uasset" 174
"../../../../../../Users/Alyx/Documents/Unreal Projects/LTF-Launcher/Plugins/AchievementSystem/Content/BP_UIAchievement.uasset" 175
"../../../../../../Users/Alyx/Documents/Unreal Projects/LTF-Launcher/Plugins/AchievementSystem/Content/BP_AchievementHUD.uasset" 176
"../../../../../../Users/Alyx/Documents/Unreal Projects/LTF-Launcher/Plugins/AchievementSystem/Content/Example/Sound/WAV_Default_ProgressSound.uasset" 177
"../../../../../../Users/Alyx/Documents/Unreal Projects/LTF-Launcher/Plugins/AchievementSystem/Content/Example/Sound/A_Default_Progress_Cue.uasset" 178
"../../../../../../Users/Alyx/Documents/Unreal Projects/LTF-Launcher/Plugins/AchievementSystem/Content/Example/Sound/WAV_Default_UnlockSound.uasset" 179
"../../../../../../Users/Alyx/Documents/Unreal Projects/LTF-Launcher/Plugins/AchievementSystem/Content/Example/Sound/A_Default_Unlock_Cue.uasset" 180
"../../../../../../Users/Alyx/Documents/Unreal Projects/LTF-Launcher/Content/Sounds/MarioFireball.uasset" 181
"../../../Engine/Content/EngineSounds/Normal_Attack.uasset" 182
"../../../Engine/Content/EngineSounds/Duck_Normal_Attack_MixMod.uasset" 183
"../../../Engine/Content/EngineSounds/Special_Attack_PSM.uasset" 184
"../../../Engine/Content/EngineSounds/Master.uasset" 185
"../../../Engine/Content/EngineSounds/SFX.uasset" 186
"../../../../../../Users/Alyx/Documents/Unreal Projects/LTF-Launcher/Content/Sounds/Cue_MarioFireball.uasset" 187
"../../../../../../Users/Alyx/Documents/Unreal Projects/LTF-Launcher/Content/Images/ProfilePicture.uasset" 188
"../../../../../../Users/Alyx/Documents/Unreal Projects/LTF-Launcher/Content/Images/Banner_ABWFR-Dark.uasset" 189
"../../../../../../Users/Alyx/Documents/Unreal Projects/LTF-Launcher/Content/Images/Games/Icon_WinCDEmu.uasset" 190
"../../../../../../Users/Alyx/Documents/Unreal Projects/LTF-Launcher/Content/Images/Icon_Play.uasset" 191
"../../../../../../Users/Alyx/Documents/Unreal Projects/LTF-Launcher/Content/Images/Icon_Download.uasset" 192
"../../../../../../Users/Alyx/Documents/Unreal Projects/LTF-Launcher/Content/Fonts/QuinqueFive/QuinqueFive.uasset" 193
"../../../../../../Users/Alyx/Documents/Unreal Projects/LTF-Launcher/Content/Fonts/QuinqueFive/Font_QuinqueFive.uasset" 194
"../../../../../../Users/Alyx/Documents/Unreal Projects/LTF-Launcher/Content/HUD/UI_InstallOptions.uasset" 195
"../../../../../../Users/Alyx/Documents/Unreal Projects/LTF-Launcher/Content/HUD/HUD_Softwares/UI_WinCDEmu.uasset" 196
"../../../../../../Users/Alyx/Documents/Unreal Projects/LTF-Launcher/Content/Images/Games/Icon_VLC.uasset" 197
"../../../../../../Users/Alyx/Documents/Unreal Projects/LTF-Launcher/Content/HUD/HUD_Softwares/UI_VLC.uasset" 198
"../../../../../../Users/Alyx/Documents/Unreal Projects/LTF-Launcher/Content/Images/Games/Icon_ScummVM.uasset" 199
"../../../../../../Users/Alyx/Documents/Unreal Projects/LTF-Launcher/Content/HUD/HUD_Softwares/UI_ScummVMLibrary.uasset" 200
"../../../../../../Users/Alyx/Documents/Unreal Projects/LTF-Launcher/Content/Images/Games/Icon_DOSBox.uasset" 201
"../../../../../../Users/Alyx/Documents/Unreal Projects/LTF-Launcher/Content/HUD/HUD_Softwares/UI_DOSBoxLibrary.uasset" 202
"../../../../../../Users/Alyx/Documents/Unreal Projects/LTF-Launcher/Content/Images/Games/Icon_7zip.uasset" 203
"../../../../../../Users/Alyx/Documents/Unreal Projects/LTF-Launcher/Content/HUD/HUD_Softwares/UI_7zipLibrary.uasset" 204
"../../../../../../Users/Alyx/Documents/Unreal Projects/LTF-Launcher/Content/HUD/UI_SoftwareLibrary.uasset" 205
"../../../../../../Users/Alyx/Documents/Unreal Projects/LTF-Launcher/Content/HUD/UI_ProfileIcon.uasset" 206
"../../../../../../Users/Alyx/Documents/Unreal Projects/LTF-Launcher/Content/Images/Flags/FrenchFlag.uasset" 207
"../../../../../../Users/Alyx/Documents/Unreal Projects/LTF-Launcher/Content/Images/Flags/EnglishFlag.uasset" 208
"../../../../../../Users/Alyx/Documents/Unreal Projects/LTF-Launcher/Content/HUD/UI_Settings.uasset" 209
"../../../../../../Users/Alyx/Documents/Unreal Projects/LTF-Launcher/Content/HUD/UI_Forums.uasset" 210
"../../../../../../Users/Alyx/Documents/Unreal Projects/LTF-Launcher/Content/HUD/UI_Abandonware.uasset" 211
"../../../../../../Users/Alyx/Documents/Unreal Projects/LTF-Launcher/Content/HUD/UI_Main.uasset" 212
"../../../../../../Users/Alyx/Documents/Unreal Projects/LTF-Launcher/Content/Maps/Map_Launcher_BuiltData.uasset" 213
"../../../../../../Users/Alyx/Documents/Unreal Projects/LTF-Launcher/Content/Maps/Map_Launcher.umap" 214
"../../../../../../Users/Alyx/Documents/Unreal Projects/LTF-Launcher/Content/HUD/UI_Update.uasset" 215
"../../../../../../Users/Alyx/Documents/Unreal Projects/LTF-Launcher/Content/Maps/Map_Update.umap" 216
"../../../Engine/Content/Maps/Entry_BuiltData.uasset" 217
"../../../Engine/Content/Maps/Entry.umap" 218
