Log file open, 05/01/22 19:46:20
LogInit: Display: Running engine for game: ABWFR_Launcher
LogPlatformFile: Not using cached read wrapper
LogTaskGraph: Started task graph with 5 named threads and 23 total threads with 3 sets of task threads.
LogStats: Stats thread started at 0.971018
LogD3D11RHI: Loaded GFSDK_Aftermath_Lib.x64.dll
LogICUInternationalization: ICU TimeZone Detection - Raw Offset: +1:00, Platform Override: ''
LogPluginManager: Mounting plugin Paper2D
LogPluginManager: Mounting plugin AISupport
LogPluginManager: Mounting plugin LightPropagationVolume
LogPluginManager: Mounting plugin CameraShakePreviewer
LogPluginManager: Mounting plugin ActorLayerUtilities
LogPluginManager: Mounting plugin AnimationSharing
LogPluginManager: Mounting plugin CLionSourceCodeAccess
LogPluginManager: Mounting plugin CodeLiteSourceCodeAccess
LogPluginManager: Mounting plugin GitSourceControl
LogPluginManager: Mounting plugin KDevelopSourceCodeAccess
LogPluginManager: Mounting plugin NullSourceCodeAccess
LogPluginManager: Mounting plugin PerforceSourceControl
LogPluginManager: Mounting plugin PlasticSourceControl
LogPluginManager: Mounting plugin RiderSourceCodeAccess
LogPluginManager: Mounting plugin SubversionSourceControl
LogPluginManager: Mounting plugin UObjectPlugin
LogPluginManager: Mounting plugin VisualStudioCodeSourceCodeAccess
LogPluginManager: Mounting plugin VisualStudioSourceCodeAccess
LogPluginManager: Mounting plugin XCodeSourceCodeAccess
LogPluginManager: Mounting plugin AssetManagerEditor
LogPluginManager: Mounting plugin CryptoKeys
LogPluginManager: Mounting plugin CurveEditorTools
LogPluginManager: Mounting plugin DataValidation
LogPluginManager: Mounting plugin EditorScriptingUtilities
LogPluginManager: Mounting plugin FacialAnimation
LogPluginManager: Mounting plugin GameplayTagsEditor
LogPluginManager: Mounting plugin GeometryMode
LogPluginManager: Mounting plugin MacGraphicsSwitching
LogPluginManager: Mounting plugin MaterialAnalyzer
LogPluginManager: Mounting plugin MobileLauncherProfileWizard
LogPluginManager: Mounting plugin PluginBrowser
LogPluginManager: Mounting plugin SpeedTreeImporter
LogPluginManager: Mounting plugin DatasmithContent
LogPluginManager: Mounting plugin VariantManagerContent
LogPluginManager: Mounting plugin AlembicImporter
LogPluginManager: Mounting plugin AutomationUtils
LogPluginManager: Mounting plugin BackChannel
LogPluginManager: Mounting plugin ChaosCloth
LogPluginManager: Mounting plugin ChaosClothEditor
LogPluginManager: Mounting plugin ChaosEditor
LogPluginManager: Mounting plugin ChaosNiagara
LogPluginManager: Mounting plugin ChaosSolverPlugin
LogPluginManager: Mounting plugin CharacterAI
LogPluginManager: Mounting plugin GeometryCache
LogPluginManager: Mounting plugin GeometryCollectionPlugin
LogPluginManager: Mounting plugin GeometryProcessing
LogPluginManager: Mounting plugin PlanarCut
LogPluginManager: Mounting plugin PlatformCrypto
LogPluginManager: Mounting plugin ProxyLODPlugin
LogPluginManager: Mounting plugin SkeletalReduction
LogPluginManager: Mounting plugin Niagara
LogPluginManager: Mounting plugin MagicLeap
LogPluginManager: Mounting plugin MagicLeapLightEstimation
LogPluginManager: Mounting plugin MagicLeapMedia
LogPluginManager: Mounting plugin MagicLeapPassableWorld
LogPluginManager: Mounting plugin MLSDK
LogPluginManager: Mounting plugin DiscordRichPresence
LogPluginManager: Mounting plugin AndroidMedia
LogPluginManager: Mounting plugin AvfMedia
LogPluginManager: Mounting plugin ImgMedia
LogPluginManager: Mounting plugin MediaCompositing
LogPluginManager: Mounting plugin MediaPlayerEditor
LogPluginManager: Mounting plugin WebMMedia
LogPluginManager: Mounting plugin WmfMedia
LogPluginManager: Mounting plugin MeshPainting
LogPluginManager: Mounting plugin TcpMessaging
LogPluginManager: Mounting plugin UdpMessaging
LogPluginManager: Mounting plugin ActorSequence
LogPluginManager: Mounting plugin LevelSequenceEditor
LogPluginManager: Mounting plugin MatineeToLevelSequence
LogPluginManager: Mounting plugin MovieRenderPipeline
LogPluginManager: Mounting plugin TemplateSequence
LogPluginManager: Mounting plugin NetcodeUnitTest
LogPluginManager: Mounting plugin NUTUnrealEngine4
LogPluginManager: Mounting plugin OnlineSubsystemGooglePlay
LogPluginManager: Mounting plugin OnlineSubsystemIOS
LogPluginManager: Mounting plugin OnlineSubsystem
LogPluginManager: Mounting plugin OnlineSubsystemNull
LogPluginManager: Mounting plugin OnlineSubsystemUtils
LogPluginManager: Mounting plugin LauncherChunkInstaller
LogPluginManager: Mounting plugin AndroidDeviceProfileSelector
LogPluginManager: Mounting plugin AndroidMoviePlayer
LogPluginManager: Mounting plugin AndroidPermission
LogPluginManager: Mounting plugin AppleImageUtils
LogPluginManager: Mounting plugin AppleMoviePlayer
LogPluginManager: Mounting plugin ArchVisCharacter
LogPluginManager: Mounting plugin AssetTags
LogPluginManager: Mounting plugin AudioCapture
LogPluginManager: Mounting plugin CableComponent
LogPluginManager: Mounting plugin CustomMeshComponent
LogPluginManager: Mounting plugin EditableMesh
LogPluginManager: Mounting plugin ExampleDeviceProfileSelector
LogPluginManager: Mounting plugin GoogleCloudMessaging
LogPluginManager: Mounting plugin GooglePAD
LogPluginManager: Mounting plugin IOSDeviceProfileSelector
LogPluginManager: Mounting plugin LinuxDeviceProfileSelector
LogPluginManager: Mounting plugin LocationServicesBPLibrary
LogPluginManager: Mounting plugin MobilePatchingUtils
LogPluginManager: Mounting plugin OculusVR
LogPluginManager: Mounting plugin PhysXVehicles
LogPluginManager: Mounting plugin PostSplashScreen
LogPluginManager: Mounting plugin ProceduralMeshComponent
LogPluginManager: Mounting plugin RuntimePhysXCooking
LogPluginManager: Mounting plugin SignificanceManager
LogPluginManager: Mounting plugin SoundFields
LogPluginManager: Mounting plugin SteamVR
LogPluginManager: Mounting plugin Synthesis
LogPluginManager: Mounting plugin WebMMoviePlayer
LogPluginManager: Mounting plugin WindowsMoviePlayer
LogPluginManager: Mounting plugin ScreenshotTools
LogInit: Using libcurl 7.55.1-DEV
LogInit:  - built for x86_64-pc-win32
LogInit:  - supports SSL with OpenSSL/1.1.1
LogInit:  - supports HTTP deflate (compression) using libz 1.2.8
LogInit:  - other features:
LogInit:      CURL_VERSION_SSL
LogInit:      CURL_VERSION_LIBZ
LogInit:      CURL_VERSION_IPV6
LogInit:      CURL_VERSION_ASYNCHDNS
LogInit:      CURL_VERSION_LARGEFILE
LogInit:      CURL_VERSION_IDN
LogInit:  CurlRequestOptions (configurable via config and command line):
LogInit:  - bVerifyPeer = true  - Libcurl will verify peer certificate
LogInit:  - bUseHttpProxy = false  - Libcurl will NOT use HTTP proxy
LogInit:  - bDontReuseConnections = false  - Libcurl will reuse connections
LogInit:  - MaxHostConnections = 16  - Libcurl will limit the number of connections to a host
LogInit:  - LocalHostAddr = Default
LogInit:  - BufferSize = 65536
LogOnline: OSS: Creating online subsystem instance for: NULL
LogInit: WinSock: version 1.1 (2.2), MaxSocks=32767, MaxUdp=65467
LogOnline: OSS: TryLoadSubsystemAndSetDefault: Loaded subsystem for module [NULL]
LogInit: Build: ++UE4+Release-4.25-CL-14469661
LogInit: Engine Version: 4.25.4-14469661+++UE4+Release-4.25
LogInit: Compatible Engine Version: 4.25.0-13144385+++UE4+Release-4.25
LogInit: Net CL: 13144385
LogInit: OS: Windows 10 (Release 2009) (), CPU: Intel(R) Core(TM) i7-4770 CPU @ 3.40GHz, GPU: NVIDIA GeForce GTX 1070
LogInit: Compiled (64-bit): Oct 11 2020 08:10:49
LogInit: Compiled with Visual C++: 19.24.28315.00
LogInit: Build Configuration: Development
LogInit: Branch Name: ++UE4+Release-4.25
LogInit: Command Line:  "G:/Unreal Projects/ABWFR_Launcher/ABWFR_Launcher.uproject" -run=GatherText -config=Config/Localization/Game_Gather.ini
LogInit: Base Directory: G:/Program Files/Epic Games/UE_4.25/Engine/Binaries/Win64/
LogInit: Allocator: TBB
LogInit: Installed Engine Build: 1
LogDevObjectVersion: Number of dev versions registered: 26
LogDevObjectVersion:   Dev-Blueprints (B0D832E4-1F89-4F0D-ACCF-7EB736FD4AA2): 10
LogDevObjectVersion:   Dev-Build (E1C64328-A22C-4D53-A36C-8E866417BD8C): 0
LogDevObjectVersion:   Dev-Core (375EC13C-06E4-48FB-B500-84F0262A717E): 4
LogDevObjectVersion:   Dev-Editor (E4B068ED-F494-42E9-A231-DA0B2E46BB41): 38
LogDevObjectVersion:   Dev-Framework (CFFC743F-43B0-4480-9391-14DF171D2073): 37
LogDevObjectVersion:   Dev-Mobile (B02B49B5-BB20-44E9-A304-32B752E40360): 2
LogDevObjectVersion:   Dev-Networking (A4E4105C-59A1-49B5-A7C5-40C4547EDFEE): 0
LogDevObjectVersion:   Dev-Online (39C831C9-5AE6-47DC-9A44-9C173E1C8E7C): 0
LogDevObjectVersion:   Dev-Physics (78F01B33-EBEA-4F98-B9B4-84EACCB95AA2): 4
LogDevObjectVersion:   Dev-Platform (6631380F-2D4D-43E0-8009-CF276956A95A): 0
LogDevObjectVersion:   Dev-Rendering (12F88B9F-8875-4AFC-A67C-D90C383ABD29): 43
LogDevObjectVersion:   Dev-Sequencer (7B5AE74C-D270-4C10-A958-57980B212A5A): 12
LogDevObjectVersion:   Dev-VR (D7296918-1DD6-4BDD-9DE2-64A83CC13884): 3
LogDevObjectVersion:   Dev-LoadTimes (C2A15278-BFE7-4AFE-6C17-90FF531DF755): 1
LogDevObjectVersion:   Private-Geometry (6EACA3D4-40EC-4CC1-B786-8BED09428FC5): 3
LogDevObjectVersion:   Dev-AnimPhys (29E575DD-E0A3-4627-9D10-D276232CDCEA): 17
LogDevObjectVersion:   Dev-Anim (AF43A65D-7FD3-4947-9873-3E8ED9C1BB05): 7
LogDevObjectVersion:   Dev-ReflectionCapture (6B266CEC-1EC7-4B8F-A30B-E4D90942FC07): 1
LogDevObjectVersion:   Dev-Automation (0DF73D61-A23F-47EA-B727-89E90C41499A): 1
LogDevObjectVersion:   FortniteMain (601D1886-AC64-4F84-AA16-D3DE0DEAC7D6): 31
LogDevObjectVersion:   Dev-Enterprise (9DFFBCD6-494F-0158-E221-12823C92A888): 10
LogDevObjectVersion:   Dev-Niagara (F2AED0AC-9AFE-416F-8664-AA7FFA26D6FC): 1
LogDevObjectVersion:   Dev-Destruction (174F1F0B-B4C6-45A5-B13F-2EE8D0FB917D): 10
LogDevObjectVersion:   Dev-Physics-Ext (35F94A83-E258-406C-A318-09F59610247C): 37
LogDevObjectVersion:   Dev-PhysicsMaterial-Chaos (B68FC16E-8B1B-42E2-B453-215C058844FE): 1
LogDevObjectVersion:   Dev-CineCamera (B2E18506-4273-CFC2-A54E-F4BB758BBA07): 1
LogInit: Presizing for max 25165824 objects, including 0 objects not considered by GC, pre-allocating 0 bytes for permanent pool.
LogConfig: Applying CVar settings from Section [/Script/Engine.StreamingSettings] File [G:/Unreal Projects/ABWFR_Launcher/Saved/Config/Windows/Engine.ini]
LogConfig: Setting CVar [[s.MinBulkDataSizeForAsyncLoading:131072]]
LogConfig: Setting CVar [[s.AsyncLoadingThreadEnabled:0]]
LogConfig: Setting CVar [[s.EventDrivenLoaderEnabled:1]]
LogConfig: Setting CVar [[s.WarnIfTimeLimitExceeded:0]]
LogConfig: Setting CVar [[s.TimeLimitExceededMultiplier:1.5]]
LogConfig: Setting CVar [[s.TimeLimitExceededMinTime:0.005]]
LogConfig: Setting CVar [[s.UseBackgroundLevelStreaming:1]]
LogConfig: Setting CVar [[s.PriorityAsyncLoadingExtraTime:15.0]]
LogConfig: Setting CVar [[s.LevelStreamingActorsUpdateTimeLimit:5.0]]
LogConfig: Setting CVar [[s.PriorityLevelStreamingActorsUpdateExtraTime:5.0]]
LogConfig: Setting CVar [[s.LevelStreamingComponentsRegistrationGranularity:10]]
LogConfig: Setting CVar [[s.UnregisterComponentsTimeLimit:1.0]]
LogConfig: Setting CVar [[s.LevelStreamingComponentsUnregistrationGranularity:5]]
LogConfig: Setting CVar [[s.FlushStreamingOnExit:1]]
LogInit: Object subsystem initialized
LogConfig: Setting CVar [[con.DebugEarlyDefault:1]]
LogConfig: Setting CVar [[r.setres:1280x720]]
[2022.05.01-17.46.23:385][  0]LogConfig: Setting CVar [[con.DebugEarlyDefault:1]]
[2022.05.01-17.46.23:385][  0]LogConfig: Setting CVar [[r.setres:1280x720]]
[2022.05.01-17.46.23:385][  0]LogConfig: Applying CVar settings from Section [/Script/Engine.RendererSettings] File [G:/Unreal Projects/ABWFR_Launcher/Saved/Config/Windows/Engine.ini]
[2022.05.01-17.46.23:385][  0]LogConfig: Setting CVar [[r.GPUCrashDebugging:0]]
[2022.05.01-17.46.23:385][  0]LogConfig: Applying CVar settings from Section [/Script/Engine.RendererOverrideSettings] File [G:/Unreal Projects/ABWFR_Launcher/Saved/Config/Windows/Engine.ini]
[2022.05.01-17.46.23:385][  0]LogConfig: Applying CVar settings from Section [/Script/Engine.StreamingSettings] File [G:/Unreal Projects/ABWFR_Launcher/Saved/Config/Windows/Engine.ini]
[2022.05.01-17.46.23:385][  0]LogConfig: Setting CVar [[s.MinBulkDataSizeForAsyncLoading:131072]]
[2022.05.01-17.46.23:385][  0]LogConfig: Setting CVar [[s.AsyncLoadingThreadEnabled:0]]
[2022.05.01-17.46.23:385][  0]LogConfig: Setting CVar [[s.EventDrivenLoaderEnabled:1]]
[2022.05.01-17.46.23:385][  0]LogConfig: Setting CVar [[s.WarnIfTimeLimitExceeded:0]]
[2022.05.01-17.46.23:385][  0]LogConfig: Setting CVar [[s.TimeLimitExceededMultiplier:1.5]]
[2022.05.01-17.46.23:385][  0]LogConfig: Setting CVar [[s.TimeLimitExceededMinTime:0.005]]
[2022.05.01-17.46.23:385][  0]LogConfig: Setting CVar [[s.UseBackgroundLevelStreaming:1]]
[2022.05.01-17.46.23:385][  0]LogConfig: Setting CVar [[s.PriorityAsyncLoadingExtraTime:15.0]]
[2022.05.01-17.46.23:385][  0]LogConfig: Setting CVar [[s.LevelStreamingActorsUpdateTimeLimit:5.0]]
[2022.05.01-17.46.23:385][  0]LogConfig: Setting CVar [[s.PriorityLevelStreamingActorsUpdateExtraTime:5.0]]
[2022.05.01-17.46.23:386][  0]LogConfig: Setting CVar [[s.LevelStreamingComponentsRegistrationGranularity:10]]
[2022.05.01-17.46.23:386][  0]LogConfig: Setting CVar [[s.UnregisterComponentsTimeLimit:1.0]]
[2022.05.01-17.46.23:386][  0]LogConfig: Setting CVar [[s.LevelStreamingComponentsUnregistrationGranularity:5]]
[2022.05.01-17.46.23:386][  0]LogConfig: Setting CVar [[s.FlushStreamingOnExit:1]]
[2022.05.01-17.46.23:386][  0]LogConfig: Applying CVar settings from Section [/Script/Engine.GarbageCollectionSettings] File [G:/Unreal Projects/ABWFR_Launcher/Saved/Config/Windows/Engine.ini]
[2022.05.01-17.46.23:386][  0]LogConfig: Setting CVar [[gc.MaxObjectsNotConsideredByGC:1]]
[2022.05.01-17.46.23:386][  0]LogConfig: Setting CVar [[gc.SizeOfPermanentObjectPool:0]]
[2022.05.01-17.46.23:386][  0]LogConfig: Setting CVar [[gc.FlushStreamingOnGC:0]]
[2022.05.01-17.46.23:386][  0]LogConfig: Setting CVar [[gc.NumRetriesBeforeForcingGC:10]]
[2022.05.01-17.46.23:386][  0]LogConfig: Setting CVar [[gc.AllowParallelGC:1]]
[2022.05.01-17.46.23:386][  0]LogConfig: Setting CVar [[gc.TimeBetweenPurgingPendingKillObjects:61.1]]
[2022.05.01-17.46.23:386][  0]LogConfig: Setting CVar [[gc.MaxObjectsInEditor:25165824]]
[2022.05.01-17.46.23:386][  0]LogConfig: Setting CVar [[gc.IncrementalBeginDestroyEnabled:1]]
[2022.05.01-17.46.23:386][  0]LogConfig: Setting CVar [[gc.CreateGCClusters:1]]
[2022.05.01-17.46.23:386][  0]LogConfig: Setting CVar [[gc.MinGCClusterSize:5]]
[2022.05.01-17.46.23:386][  0]LogConfig: Setting CVar [[gc.ActorClusteringEnabled:0]]
[2022.05.01-17.46.23:386][  0]LogConfig: Setting CVar [[gc.BlueprintClusteringEnabled:0]]
[2022.05.01-17.46.23:386][  0]LogConfig: Setting CVar [[gc.UseDisregardForGCOnDedicatedServers:0]]
[2022.05.01-17.46.23:386][  0]LogConfig: Applying CVar settings from Section [/Script/Engine.NetworkSettings] File [G:/Unreal Projects/ABWFR_Launcher/Saved/Config/Windows/Engine.ini]
[2022.05.01-17.46.23:386][  0]LogConfig: Applying CVar settings from Section [/Script/UnrealEd.CookerSettings] File [G:/Unreal Projects/ABWFR_Launcher/Saved/Config/Windows/Engine.ini]
[2022.05.01-17.46.23:386][  0]LogConfig: Applying CVar settings from Section [ViewDistanceQuality@3] File [G:/Unreal Projects/ABWFR_Launcher/Saved/Config/Windows/Scalability.ini]
[2022.05.01-17.46.23:386][  0]LogConfig: Setting CVar [[r.SkeletalMeshLODBias:0]]
[2022.05.01-17.46.23:386][  0]LogConfig: Setting CVar [[r.ViewDistanceScale:1.0]]
[2022.05.01-17.46.23:386][  0]LogConfig: Applying CVar settings from Section [AntiAliasingQuality@3] File [G:/Unreal Projects/ABWFR_Launcher/Saved/Config/Windows/Scalability.ini]
[2022.05.01-17.46.23:386][  0]LogConfig: Setting CVar [[r.PostProcessAAQuality:4]]
[2022.05.01-17.46.23:386][  0]LogConfig: Applying CVar settings from Section [ShadowQuality@3] File [G:/Unreal Projects/ABWFR_Launcher/Saved/Config/Windows/Scalability.ini]
[2022.05.01-17.46.23:386][  0]LogConfig: Setting CVar [[r.LightFunctionQuality:1]]
[2022.05.01-17.46.23:386][  0]LogConfig: Setting CVar [[r.ShadowQuality:5]]
[2022.05.01-17.46.23:386][  0]LogConfig: Setting CVar [[r.Shadow.CSM.MaxCascades:10]]
[2022.05.01-17.46.23:386][  0]LogConfig: Setting CVar [[r.Shadow.MaxResolution:2048]]
[2022.05.01-17.46.23:386][  0]LogConfig: Setting CVar [[r.Shadow.MaxCSMResolution:2048]]
[2022.05.01-17.46.23:386][  0]LogConfig: Setting CVar [[r.Shadow.RadiusThreshold:0.01]]
[2022.05.01-17.46.23:386][  0]LogConfig: Setting CVar [[r.Shadow.DistanceScale:1.0]]
[2022.05.01-17.46.23:386][  0]LogConfig: Setting CVar [[r.Shadow.CSM.TransitionScale:1.0]]
[2022.05.01-17.46.23:387][  0]LogConfig: Setting CVar [[r.Shadow.PreShadowResolutionFactor:1.0]]
[2022.05.01-17.46.23:387][  0]LogConfig: Setting CVar [[r.DistanceFieldShadowing:1]]
[2022.05.01-17.46.23:387][  0]LogConfig: Setting CVar [[r.DistanceFieldAO:1]]
[2022.05.01-17.46.23:387][  0]LogConfig: Setting CVar [[r.AOQuality:2]]
[2022.05.01-17.46.23:387][  0]LogConfig: Setting CVar [[r.VolumetricFog:1]]
[2022.05.01-17.46.23:387][  0]LogConfig: Setting CVar [[r.VolumetricFog.GridPixelSize:8]]
[2022.05.01-17.46.23:387][  0]LogConfig: Setting CVar [[r.VolumetricFog.GridSizeZ:128]]
[2022.05.01-17.46.23:387][  0]LogConfig: Setting CVar [[r.VolumetricFog.HistoryMissSupersampleCount:4]]
[2022.05.01-17.46.23:387][  0]LogConfig: Setting CVar [[r.LightMaxDrawDistanceScale:1]]
[2022.05.01-17.46.23:387][  0]LogConfig: Setting CVar [[r.CapsuleShadows:1]]
[2022.05.01-17.46.23:387][  0]LogConfig: Applying CVar settings from Section [PostProcessQuality@3] File [G:/Unreal Projects/ABWFR_Launcher/Saved/Config/Windows/Scalability.ini]
[2022.05.01-17.46.23:387][  0]LogConfig: Setting CVar [[r.MotionBlurQuality:4]]
[2022.05.01-17.46.23:387][  0]LogConfig: Setting CVar [[r.AmbientOcclusionMipLevelFactor:0.4]]
[2022.05.01-17.46.23:387][  0]LogConfig: Setting CVar [[r.AmbientOcclusionMaxQuality:100]]
[2022.05.01-17.46.23:387][  0]LogConfig: Setting CVar [[r.AmbientOcclusionLevels:-1]]
[2022.05.01-17.46.23:387][  0]LogConfig: Setting CVar [[r.AmbientOcclusionRadiusScale:1.0]]
[2022.05.01-17.46.23:387][  0]LogConfig: Setting CVar [[r.DepthOfFieldQuality:2]]
[2022.05.01-17.46.23:387][  0]LogConfig: Setting CVar [[r.RenderTargetPoolMin:400]]
[2022.05.01-17.46.23:387][  0]LogConfig: Setting CVar [[r.LensFlareQuality:2]]
[2022.05.01-17.46.23:387][  0]LogConfig: Setting CVar [[r.SceneColorFringeQuality:1]]
[2022.05.01-17.46.23:387][  0]LogConfig: Setting CVar [[r.EyeAdaptationQuality:2]]
[2022.05.01-17.46.23:387][  0]LogConfig: Setting CVar [[r.BloomQuality:5]]
[2022.05.01-17.46.23:387][  0]LogConfig: Setting CVar [[r.FastBlurThreshold:100]]
[2022.05.01-17.46.23:387][  0]LogConfig: Setting CVar [[r.Upscale.Quality:3]]
[2022.05.01-17.46.23:387][  0]LogConfig: Setting CVar [[r.Tonemapper.GrainQuantization:1]]
[2022.05.01-17.46.23:387][  0]LogConfig: Setting CVar [[r.LightShaftQuality:1]]
[2022.05.01-17.46.23:387][  0]LogConfig: Setting CVar [[r.Filter.SizeScale:1]]
[2022.05.01-17.46.23:387][  0]LogConfig: Setting CVar [[r.Tonemapper.Quality:5]]
[2022.05.01-17.46.23:387][  0]LogConfig: Setting CVar [[r.DOF.Gather.AccumulatorQuality:1        ; higher gathering accumulator quality]]
[2022.05.01-17.46.23:387][  0]LogConfig: Setting CVar [[r.DOF.Gather.PostfilterMethod:1          ; Median3x3 postfilering method]]
[2022.05.01-17.46.23:387][  0]LogConfig: Setting CVar [[r.DOF.Gather.EnableBokehSettings:0       ; no bokeh simulation when gathering]]
[2022.05.01-17.46.23:387][  0]LogConfig: Setting CVar [[r.DOF.Gather.RingCount:4                 ; medium number of samples when gathering]]
[2022.05.01-17.46.23:387][  0]LogConfig: Setting CVar [[r.DOF.Scatter.ForegroundCompositing:1    ; additive foreground scattering]]
[2022.05.01-17.46.23:387][  0]LogConfig: Setting CVar [[r.DOF.Scatter.BackgroundCompositing:2    ; additive background scattering]]
[2022.05.01-17.46.23:387][  0]LogConfig: Setting CVar [[r.DOF.Scatter.EnableBokehSettings:1      ; bokeh simulation when scattering]]
[2022.05.01-17.46.23:387][  0]LogConfig: Setting CVar [[r.DOF.Scatter.MaxSpriteRatio:0.1         ; only a maximum of 10% of scattered bokeh]]
[2022.05.01-17.46.23:387][  0]LogConfig: Setting CVar [[r.DOF.Recombine.Quality:1                ; cheap slight out of focus]]
[2022.05.01-17.46.23:387][  0]LogConfig: Setting CVar [[r.DOF.Recombine.EnableBokehSettings:0    ; no bokeh simulation on slight out of focus]]
[2022.05.01-17.46.23:387][  0]LogConfig: Setting CVar [[r.DOF.TemporalAAQuality:1                ; more stable temporal accumulation]]
[2022.05.01-17.46.23:387][  0]LogConfig: Setting CVar [[r.DOF.Kernel.MaxForegroundRadius:0.025]]
[2022.05.01-17.46.23:387][  0]LogConfig: Setting CVar [[r.DOF.Kernel.MaxBackgroundRadius:0.025]]
[2022.05.01-17.46.23:387][  0]LogConfig: Applying CVar settings from Section [TextureQuality@3] File [G:/Unreal Projects/ABWFR_Launcher/Saved/Config/Windows/Scalability.ini]
[2022.05.01-17.46.23:387][  0]LogConfig: Setting CVar [[r.Streaming.MipBias:0]]
[2022.05.01-17.46.23:388][  0]LogConfig: Setting CVar [[r.Streaming.AmortizeCPUToGPUCopy:0]]
[2022.05.01-17.46.23:388][  0]LogConfig: Setting CVar [[r.Streaming.MaxNumTexturesToStreamPerFrame:0]]
[2022.05.01-17.46.23:388][  0]LogConfig: Setting CVar [[r.Streaming.Boost:1]]
[2022.05.01-17.46.23:388][  0]LogConfig: Setting CVar [[r.MaxAnisotropy:8]]
[2022.05.01-17.46.23:388][  0]LogConfig: Setting CVar [[r.VT.MaxAnisotropy:8]]
[2022.05.01-17.46.23:388][  0]LogConfig: Setting CVar [[r.Streaming.LimitPoolSizeToVRAM:0]]
[2022.05.01-17.46.23:388][  0]LogConfig: Setting CVar [[r.Streaming.PoolSize:1000]]
[2022.05.01-17.46.23:388][  0]LogConfig: Setting CVar [[r.Streaming.MaxEffectiveScreenSize:0]]
[2022.05.01-17.46.23:388][  0]LogConfig: Applying CVar settings from Section [EffectsQuality@3] File [G:/Unreal Projects/ABWFR_Launcher/Saved/Config/Windows/Scalability.ini]
[2022.05.01-17.46.23:388][  0]LogConfig: Setting CVar [[r.TranslucencyLightingVolumeDim:64]]
[2022.05.01-17.46.23:388][  0]LogConfig: Setting CVar [[r.RefractionQuality:2]]
[2022.05.01-17.46.23:388][  0]LogConfig: Setting CVar [[r.SSR.Quality:3]]
[2022.05.01-17.46.23:388][  0]LogConfig: Setting CVar [[r.SSR.HalfResSceneColor:0]]
[2022.05.01-17.46.23:388][  0]LogConfig: Setting CVar [[r.SceneColorFormat:4]]
[2022.05.01-17.46.23:388][  0]LogConfig: Setting CVar [[r.DetailMode:2]]
[2022.05.01-17.46.23:388][  0]LogConfig: Setting CVar [[r.TranslucencyVolumeBlur:1]]
[2022.05.01-17.46.23:388][  0]LogConfig: Setting CVar [[r.MaterialQualityLevel:1 ; High quality]]
[2022.05.01-17.46.23:388][  0]LogConfig: Setting CVar [[r.SSS.Scale:1]]
[2022.05.01-17.46.23:388][  0]LogConfig: Setting CVar [[r.SSS.SampleSet:2]]
[2022.05.01-17.46.23:388][  0]LogConfig: Setting CVar [[r.SSS.Quality:1]]
[2022.05.01-17.46.23:388][  0]LogConfig: Setting CVar [[r.SSS.HalfRes:0]]
[2022.05.01-17.46.23:388][  0]LogConfig: Setting CVar [[r.SSGI.Quality:3]]
[2022.05.01-17.46.23:388][  0]LogConfig: Setting CVar [[r.EmitterSpawnRateScale:1.0]]
[2022.05.01-17.46.23:388][  0]LogConfig: Setting CVar [[r.ParticleLightQuality:2]]
[2022.05.01-17.46.23:388][  0]LogConfig: Setting CVar [[r.SkyAtmosphere.AerialPerspectiveLUT.FastApplyOnOpaque:1 ; Always have FastSkyLUT 1 in this case to avoid wrong sky]]
[2022.05.01-17.46.23:388][  0]LogConfig: Setting CVar [[r.SkyAtmosphere.AerialPerspectiveLUT.SampleCountPerSlice:1]]
[2022.05.01-17.46.23:388][  0]LogConfig: Setting CVar [[r.SkyAtmosphere.AerialPerspectiveLUT.DepthResolution:16.0]]
[2022.05.01-17.46.23:388][  0]LogConfig: Setting CVar [[r.SkyAtmosphere.FastSkyLUT:1]]
[2022.05.01-17.46.23:388][  0]LogConfig: Setting CVar [[r.SkyAtmosphere.FastSkyLUT.SampleCountMin:4.0]]
[2022.05.01-17.46.23:388][  0]LogConfig: Setting CVar [[r.SkyAtmosphere.FastSkyLUT.SampleCountMax:32.0]]
[2022.05.01-17.46.23:388][  0]LogConfig: Setting CVar [[r.SkyAtmosphere.SampleCountMin:4.0]]
[2022.05.01-17.46.23:388][  0]LogConfig: Setting CVar [[r.SkyAtmosphere.SampleCountMax:32.0]]
[2022.05.01-17.46.23:388][  0]LogConfig: Setting CVar [[r.SkyAtmosphere.TransmittanceLUT.UseSmallFormat:0]]
[2022.05.01-17.46.23:388][  0]LogConfig: Setting CVar [[r.SkyAtmosphere.TransmittanceLUT.SampleCount:10.0]]
[2022.05.01-17.46.23:388][  0]LogConfig: Setting CVar [[r.SkyAtmosphere.MultiScatteringLUT.SampleCount:15.0]]
[2022.05.01-17.46.23:388][  0]LogConfig: Applying CVar settings from Section [FoliageQuality@3] File [G:/Unreal Projects/ABWFR_Launcher/Saved/Config/Windows/Scalability.ini]
[2022.05.01-17.46.23:388][  0]LogConfig: Setting CVar [[foliage.DensityScale:1.0]]
[2022.05.01-17.46.23:388][  0]LogConfig: Setting CVar [[grass.DensityScale:1.0]]
[2022.05.01-17.46.23:388][  0]LogConfig: Applying CVar settings from Section [ShadingQuality@3] File [G:/Unreal Projects/ABWFR_Launcher/Saved/Config/Windows/Scalability.ini]
[2022.05.01-17.46.23:388][  0]LogConfig: Setting CVar [[r.HairStrands.SkyLighting.SampleCount:16]]
[2022.05.01-17.46.23:388][  0]LogConfig: Setting CVar [[r.HairStrands.SkyLighting.JitterIntegration:0]]
[2022.05.01-17.46.23:388][  0]LogConfig: Setting CVar [[r.HairStrands.SkyAO.SampleCount:16]]
[2022.05.01-17.46.23:388][  0]LogConfig: Setting CVar [[r.HairStrands.DeepShadow.SuperSampling:0]]
[2022.05.01-17.46.23:388][  0]LogConfig: Setting CVar [[r.HairStrands.VisibilityPPLL:0]]
[2022.05.01-17.46.23:388][  0]LogConfig: Setting CVar [[r.HairStrands.RasterizationScale:0.5]]
[2022.05.01-17.46.23:388][  0]LogConfig: Setting CVar [[r.HairStrands.VelocityRasterizationScale:1]]
[2022.05.01-17.46.23:424][  0]LogInit: Selected Device Profile: [Windows]
[2022.05.01-17.46.23:424][  0]LogInit: Applying CVar settings loaded from the selected device profile: [Windows]
[2022.05.01-17.46.23:424][  0]LogHAL: Display: Platform has ~ 24 GB [25659351040 / 34359738368 / 24], which maps to Larger [LargestMinGB=32, LargerMinGB=12, DefaultMinGB=8, SmallerMinGB=6, SmallestMinGB=0)
[2022.05.01-17.46.23:424][  0]LogInit: Going up to parent DeviceProfile []
[2022.05.01-17.46.23:424][  0]LogConfig: Applying CVar settings from Section [ViewDistanceQuality@3] File [G:/Unreal Projects/ABWFR_Launcher/Saved/Config/Windows/Scalability.ini]
[2022.05.01-17.46.23:424][  0]LogConfig: Setting CVar [[r.SkeletalMeshLODBias:0]]
[2022.05.01-17.46.23:424][  0]LogConfig: Setting CVar [[r.ViewDistanceScale:1.0]]
[2022.05.01-17.46.23:424][  0]LogConfig: Applying CVar settings from Section [AntiAliasingQuality@3] File [G:/Unreal Projects/ABWFR_Launcher/Saved/Config/Windows/Scalability.ini]
[2022.05.01-17.46.23:424][  0]LogConfig: Setting CVar [[r.PostProcessAAQuality:4]]
[2022.05.01-17.46.23:424][  0]LogConfig: Applying CVar settings from Section [ShadowQuality@3] File [G:/Unreal Projects/ABWFR_Launcher/Saved/Config/Windows/Scalability.ini]
[2022.05.01-17.46.23:424][  0]LogConfig: Setting CVar [[r.LightFunctionQuality:1]]
[2022.05.01-17.46.23:424][  0]LogConfig: Setting CVar [[r.ShadowQuality:5]]
[2022.05.01-17.46.23:424][  0]LogConfig: Setting CVar [[r.Shadow.CSM.MaxCascades:10]]
[2022.05.01-17.46.23:424][  0]LogConfig: Setting CVar [[r.Shadow.MaxResolution:2048]]
[2022.05.01-17.46.23:424][  0]LogConfig: Setting CVar [[r.Shadow.MaxCSMResolution:2048]]
[2022.05.01-17.46.23:424][  0]LogConfig: Setting CVar [[r.Shadow.RadiusThreshold:0.01]]
[2022.05.01-17.46.23:424][  0]LogConfig: Setting CVar [[r.Shadow.DistanceScale:1.0]]
[2022.05.01-17.46.23:424][  0]LogConfig: Setting CVar [[r.Shadow.CSM.TransitionScale:1.0]]
[2022.05.01-17.46.23:424][  0]LogConfig: Setting CVar [[r.Shadow.PreShadowResolutionFactor:1.0]]
[2022.05.01-17.46.23:424][  0]LogConfig: Setting CVar [[r.DistanceFieldShadowing:1]]
[2022.05.01-17.46.23:424][  0]LogConfig: Setting CVar [[r.DistanceFieldAO:1]]
[2022.05.01-17.46.23:424][  0]LogConfig: Setting CVar [[r.AOQuality:2]]
[2022.05.01-17.46.23:424][  0]LogConfig: Setting CVar [[r.VolumetricFog:1]]
[2022.05.01-17.46.23:424][  0]LogConfig: Setting CVar [[r.VolumetricFog.GridPixelSize:8]]
[2022.05.01-17.46.23:424][  0]LogConfig: Setting CVar [[r.VolumetricFog.GridSizeZ:128]]
[2022.05.01-17.46.23:424][  0]LogConfig: Setting CVar [[r.VolumetricFog.HistoryMissSupersampleCount:4]]
[2022.05.01-17.46.23:424][  0]LogConfig: Setting CVar [[r.LightMaxDrawDistanceScale:1]]
[2022.05.01-17.46.23:425][  0]LogConfig: Setting CVar [[r.CapsuleShadows:1]]
[2022.05.01-17.46.23:425][  0]LogConfig: Applying CVar settings from Section [PostProcessQuality@3] File [G:/Unreal Projects/ABWFR_Launcher/Saved/Config/Windows/Scalability.ini]
[2022.05.01-17.46.23:425][  0]LogConfig: Setting CVar [[r.MotionBlurQuality:4]]
[2022.05.01-17.46.23:425][  0]LogConfig: Setting CVar [[r.AmbientOcclusionMipLevelFactor:0.4]]
[2022.05.01-17.46.23:425][  0]LogConfig: Setting CVar [[r.AmbientOcclusionMaxQuality:100]]
[2022.05.01-17.46.23:425][  0]LogConfig: Setting CVar [[r.AmbientOcclusionLevels:-1]]
[2022.05.01-17.46.23:425][  0]LogConfig: Setting CVar [[r.AmbientOcclusionRadiusScale:1.0]]
[2022.05.01-17.46.23:425][  0]LogConfig: Setting CVar [[r.DepthOfFieldQuality:2]]
[2022.05.01-17.46.23:425][  0]LogConfig: Setting CVar [[r.RenderTargetPoolMin:400]]
[2022.05.01-17.46.23:425][  0]LogConfig: Setting CVar [[r.LensFlareQuality:2]]
[2022.05.01-17.46.23:425][  0]LogConfig: Setting CVar [[r.SceneColorFringeQuality:1]]
[2022.05.01-17.46.23:425][  0]LogConfig: Setting CVar [[r.EyeAdaptationQuality:2]]
[2022.05.01-17.46.23:425][  0]LogConfig: Setting CVar [[r.BloomQuality:5]]
[2022.05.01-17.46.23:425][  0]LogConfig: Setting CVar [[r.FastBlurThreshold:100]]
[2022.05.01-17.46.23:425][  0]LogConfig: Setting CVar [[r.Upscale.Quality:3]]
[2022.05.01-17.46.23:425][  0]LogConfig: Setting CVar [[r.Tonemapper.GrainQuantization:1]]
[2022.05.01-17.46.23:425][  0]LogConfig: Setting CVar [[r.LightShaftQuality:1]]
[2022.05.01-17.46.23:425][  0]LogConfig: Setting CVar [[r.Filter.SizeScale:1]]
[2022.05.01-17.46.23:425][  0]LogConfig: Setting CVar [[r.Tonemapper.Quality:5]]
[2022.05.01-17.46.23:425][  0]LogConfig: Setting CVar [[r.DOF.Gather.AccumulatorQuality:1        ; higher gathering accumulator quality]]
[2022.05.01-17.46.23:425][  0]LogConfig: Setting CVar [[r.DOF.Gather.PostfilterMethod:1          ; Median3x3 postfilering method]]
[2022.05.01-17.46.23:425][  0]LogConfig: Setting CVar [[r.DOF.Gather.EnableBokehSettings:0       ; no bokeh simulation when gathering]]
[2022.05.01-17.46.23:425][  0]LogConfig: Setting CVar [[r.DOF.Gather.RingCount:4                 ; medium number of samples when gathering]]
[2022.05.01-17.46.23:425][  0]LogConfig: Setting CVar [[r.DOF.Scatter.ForegroundCompositing:1    ; additive foreground scattering]]
[2022.05.01-17.46.23:425][  0]LogConfig: Setting CVar [[r.DOF.Scatter.BackgroundCompositing:2    ; additive background scattering]]
[2022.05.01-17.46.23:425][  0]LogConfig: Setting CVar [[r.DOF.Scatter.EnableBokehSettings:1      ; bokeh simulation when scattering]]
[2022.05.01-17.46.23:425][  0]LogConfig: Setting CVar [[r.DOF.Scatter.MaxSpriteRatio:0.1         ; only a maximum of 10% of scattered bokeh]]
[2022.05.01-17.46.23:425][  0]LogConfig: Setting CVar [[r.DOF.Recombine.Quality:1                ; cheap slight out of focus]]
[2022.05.01-17.46.23:425][  0]LogConfig: Setting CVar [[r.DOF.Recombine.EnableBokehSettings:0    ; no bokeh simulation on slight out of focus]]
[2022.05.01-17.46.23:425][  0]LogConfig: Setting CVar [[r.DOF.TemporalAAQuality:1                ; more stable temporal accumulation]]
[2022.05.01-17.46.23:425][  0]LogConfig: Setting CVar [[r.DOF.Kernel.MaxForegroundRadius:0.025]]
[2022.05.01-17.46.23:425][  0]LogConfig: Setting CVar [[r.DOF.Kernel.MaxBackgroundRadius:0.025]]
[2022.05.01-17.46.23:425][  0]LogConfig: Applying CVar settings from Section [TextureQuality@3] File [G:/Unreal Projects/ABWFR_Launcher/Saved/Config/Windows/Scalability.ini]
[2022.05.01-17.46.23:425][  0]LogConfig: Setting CVar [[r.Streaming.MipBias:0]]
[2022.05.01-17.46.23:425][  0]LogConfig: Setting CVar [[r.Streaming.AmortizeCPUToGPUCopy:0]]
[2022.05.01-17.46.23:425][  0]LogConfig: Setting CVar [[r.Streaming.MaxNumTexturesToStreamPerFrame:0]]
[2022.05.01-17.46.23:425][  0]LogConfig: Setting CVar [[r.Streaming.Boost:1]]
[2022.05.01-17.46.23:425][  0]LogConfig: Setting CVar [[r.MaxAnisotropy:8]]
[2022.05.01-17.46.23:425][  0]LogConfig: Setting CVar [[r.VT.MaxAnisotropy:8]]
[2022.05.01-17.46.23:425][  0]LogConfig: Setting CVar [[r.Streaming.LimitPoolSizeToVRAM:0]]
[2022.05.01-17.46.23:425][  0]LogConfig: Setting CVar [[r.Streaming.PoolSize:1000]]
[2022.05.01-17.46.23:425][  0]LogConfig: Setting CVar [[r.Streaming.MaxEffectiveScreenSize:0]]
[2022.05.01-17.46.23:425][  0]LogConfig: Applying CVar settings from Section [EffectsQuality@3] File [G:/Unreal Projects/ABWFR_Launcher/Saved/Config/Windows/Scalability.ini]
[2022.05.01-17.46.23:425][  0]LogConfig: Setting CVar [[r.TranslucencyLightingVolumeDim:64]]
[2022.05.01-17.46.23:425][  0]LogConfig: Setting CVar [[r.RefractionQuality:2]]
[2022.05.01-17.46.23:425][  0]LogConfig: Setting CVar [[r.SSR.Quality:3]]
[2022.05.01-17.46.23:425][  0]LogConfig: Setting CVar [[r.SSR.HalfResSceneColor:0]]
[2022.05.01-17.46.23:425][  0]LogConfig: Setting CVar [[r.SceneColorFormat:4]]
[2022.05.01-17.46.23:425][  0]LogConfig: Setting CVar [[r.DetailMode:2]]
[2022.05.01-17.46.23:425][  0]LogConfig: Setting CVar [[r.TranslucencyVolumeBlur:1]]
[2022.05.01-17.46.23:425][  0]LogConfig: Setting CVar [[r.MaterialQualityLevel:1 ; High quality]]
[2022.05.01-17.46.23:425][  0]LogConfig: Setting CVar [[r.SSS.Scale:1]]
[2022.05.01-17.46.23:425][  0]LogConfig: Setting CVar [[r.SSS.SampleSet:2]]
[2022.05.01-17.46.23:425][  0]LogConfig: Setting CVar [[r.SSS.Quality:1]]
[2022.05.01-17.46.23:425][  0]LogConfig: Setting CVar [[r.SSS.HalfRes:0]]
[2022.05.01-17.46.23:425][  0]LogConfig: Setting CVar [[r.SSGI.Quality:3]]
[2022.05.01-17.46.23:425][  0]LogConfig: Setting CVar [[r.EmitterSpawnRateScale:1.0]]
[2022.05.01-17.46.23:425][  0]LogConfig: Setting CVar [[r.ParticleLightQuality:2]]
[2022.05.01-17.46.23:425][  0]LogConfig: Setting CVar [[r.SkyAtmosphere.AerialPerspectiveLUT.FastApplyOnOpaque:1 ; Always have FastSkyLUT 1 in this case to avoid wrong sky]]
[2022.05.01-17.46.23:425][  0]LogConfig: Setting CVar [[r.SkyAtmosphere.AerialPerspectiveLUT.SampleCountPerSlice:1]]
[2022.05.01-17.46.23:425][  0]LogConfig: Setting CVar [[r.SkyAtmosphere.AerialPerspectiveLUT.DepthResolution:16.0]]
[2022.05.01-17.46.23:425][  0]LogConfig: Setting CVar [[r.SkyAtmosphere.FastSkyLUT:1]]
[2022.05.01-17.46.23:425][  0]LogConfig: Setting CVar [[r.SkyAtmosphere.FastSkyLUT.SampleCountMin:4.0]]
[2022.05.01-17.46.23:425][  0]LogConfig: Setting CVar [[r.SkyAtmosphere.FastSkyLUT.SampleCountMax:32.0]]
[2022.05.01-17.46.23:425][  0]LogConfig: Setting CVar [[r.SkyAtmosphere.SampleCountMin:4.0]]
[2022.05.01-17.46.23:425][  0]LogConfig: Setting CVar [[r.SkyAtmosphere.SampleCountMax:32.0]]
[2022.05.01-17.46.23:425][  0]LogConfig: Setting CVar [[r.SkyAtmosphere.TransmittanceLUT.UseSmallFormat:0]]
[2022.05.01-17.46.23:425][  0]LogConfig: Setting CVar [[r.SkyAtmosphere.TransmittanceLUT.SampleCount:10.0]]
[2022.05.01-17.46.23:425][  0]LogConfig: Setting CVar [[r.SkyAtmosphere.MultiScatteringLUT.SampleCount:15.0]]
[2022.05.01-17.46.23:425][  0]LogConfig: Applying CVar settings from Section [FoliageQuality@3] File [G:/Unreal Projects/ABWFR_Launcher/Saved/Config/Windows/Scalability.ini]
[2022.05.01-17.46.23:425][  0]LogConfig: Setting CVar [[foliage.DensityScale:1.0]]
[2022.05.01-17.46.23:425][  0]LogConfig: Setting CVar [[grass.DensityScale:1.0]]
[2022.05.01-17.46.23:425][  0]LogConfig: Applying CVar settings from Section [ShadingQuality@3] File [G:/Unreal Projects/ABWFR_Launcher/Saved/Config/Windows/Scalability.ini]
[2022.05.01-17.46.23:425][  0]LogConfig: Setting CVar [[r.HairStrands.SkyLighting.SampleCount:16]]
[2022.05.01-17.46.23:426][  0]LogConfig: Setting CVar [[r.HairStrands.SkyLighting.JitterIntegration:0]]
[2022.05.01-17.46.23:426][  0]LogConfig: Setting CVar [[r.HairStrands.SkyAO.SampleCount:16]]
[2022.05.01-17.46.23:426][  0]LogConfig: Setting CVar [[r.HairStrands.DeepShadow.SuperSampling:0]]
[2022.05.01-17.46.23:426][  0]LogConfig: Setting CVar [[r.HairStrands.VisibilityPPLL:0]]
[2022.05.01-17.46.23:426][  0]LogConfig: Setting CVar [[r.HairStrands.RasterizationScale:0.5]]
[2022.05.01-17.46.23:426][  0]LogConfig: Setting CVar [[r.HairStrands.VelocityRasterizationScale:1]]
[2022.05.01-17.46.23:426][  0]LogConfig: Applying CVar settings from Section [Startup] File [../../../Engine/Config/ConsoleVariables.ini]
[2022.05.01-17.46.23:427][  0]LogConfig: Setting CVar [[net.UseAdaptiveNetUpdateFrequency:0]]
[2022.05.01-17.46.23:427][  0]LogConfig: Setting CVar [[p.chaos.AllowCreatePhysxBodies:1]]
[2022.05.01-17.46.23:427][  0]LogConfig: Setting CVar [[fx.SkipVectorVMBackendOptimizations:1]]
[2022.05.01-17.46.23:427][  0]LogConfig: Applying CVar settings from Section [ConsoleVariables] File [G:/Unreal Projects/ABWFR_Launcher/Saved/Config/Windows/Engine.ini]
[2022.05.01-17.46.23:427][  0]LogInit: Computer: DESKTOP-DG81CJS
[2022.05.01-17.46.23:427][  0]LogInit: User: Alyx
[2022.05.01-17.46.23:427][  0]LogInit: CPU Page size=4096, Cores=4
[2022.05.01-17.46.23:427][  0]LogInit: High frequency timer resolution =10.000000 MHz
[2022.05.01-17.46.23:427][  0]LogMemory: Memory total: Physical=23.9GB (24GB approx)
[2022.05.01-17.46.23:427][  0]LogMemory: Platform Memory Stats for Windows
[2022.05.01-17.46.23:427][  0]LogMemory: Process Physical Memory: 113.66 MB used, 113.66 MB peak
[2022.05.01-17.46.23:427][  0]LogMemory: Process Virtual Memory: 95.75 MB used, 95.75 MB peak
[2022.05.01-17.46.23:427][  0]LogMemory: Physical Memory: 11737.52 MB used,  12733.15 MB free, 24470.66 MB total
[2022.05.01-17.46.23:427][  0]LogMemory: Virtual Memory: 5144.32 MB used,  134212584.00 MB free, 134217728.00 MB total
[2022.05.01-17.46.23:435][  0]LogWindows: WindowsPlatformFeatures enabled
[2022.05.01-17.46.24:751][  0]LogInit: Physics initialised using underlying interface: PhysX
[2022.05.01-17.46.24:751][  0]LogInit: Using OS detected language (fr-FR).
[2022.05.01-17.46.24:752][  0]LogInit: Using OS detected locale (fr-FR).
[2022.05.01-17.46.24:756][  0]LogTextLocalizationManager: No specific localization for 'fr-FR' exists, so the 'fr' localization will be used.
[2022.05.01-17.46.24:761][  0]LogTextLocalizationResource: LocRes '../../../Engine/Content/Localization/Editor/fr/Editor.locres' could not be opened for reading!
[2022.05.01-17.46.24:761][  0]LogTextLocalizationResource: LocRes '../../../Engine/Content/Localization/EditorTutorials/fr/EditorTutorials.locres' could not be opened for reading!
[2022.05.01-17.46.24:761][  0]LogTextLocalizationResource: LocRes '../../../Engine/Content/Localization/Keywords/fr/Keywords.locres' could not be opened for reading!
[2022.05.01-17.46.24:762][  0]LogTextLocalizationResource: LocRes '../../../Engine/Content/Localization/Category/fr/Category.locres' could not be opened for reading!
[2022.05.01-17.46.24:762][  0]LogTextLocalizationResource: LocRes '../../../Engine/Content/Localization/ToolTips/fr/ToolTips.locres' could not be opened for reading!
[2022.05.01-17.46.24:762][  0]LogTextLocalizationResource: LocRes '../../../Engine/Content/Localization/PropertyNames/fr/PropertyNames.locres' could not be opened for reading!
[2022.05.01-17.46.24:762][  0]LogTextLocalizationResource: LocRes '../../../Engine/Content/Localization/Engine/fr/Engine.locres' could not be opened for reading!
[2022.05.01-17.46.28:930][  0]LogTargetPlatformManager: Display: Loaded TargetPlatform 'AllDesktop'
[2022.05.01-17.46.29:006][  0]LogTargetPlatformManager: Display: Loaded TargetPlatform 'Android'
[2022.05.01-17.46.29:007][  0]LogTargetPlatformManager: Display: Loaded TargetPlatform 'Android_ASTC'
[2022.05.01-17.46.29:007][  0]LogTargetPlatformManager: Display: Loaded TargetPlatform 'Android_DXT'
[2022.05.01-17.46.29:007][  0]LogTargetPlatformManager: Display: Loaded TargetPlatform 'Android_ETC2'
[2022.05.01-17.46.29:007][  0]LogTargetPlatformManager: Display: Loaded TargetPlatform 'AndroidClient'
[2022.05.01-17.46.29:007][  0]LogTargetPlatformManager: Display: Loaded TargetPlatform 'Android_ASTCClient'
[2022.05.01-17.46.29:007][  0]LogTargetPlatformManager: Display: Loaded TargetPlatform 'Android_DXTClient'
[2022.05.01-17.46.29:007][  0]LogTargetPlatformManager: Display: Loaded TargetPlatform 'Android_ETC2Client'
[2022.05.01-17.46.29:007][  0]LogTargetPlatformManager: Display: Loaded TargetPlatform 'Android_Multi'
[2022.05.01-17.46.29:007][  0]LogTargetPlatformManager: Display: Loaded TargetPlatform 'Android_MultiClient'
[2022.05.01-17.46.29:158][  0]LogTargetPlatformManager: Display: Loaded TargetPlatform 'IOSClient'
[2022.05.01-17.46.29:158][  0]LogTargetPlatformManager: Display: Loaded TargetPlatform 'IOS'
[2022.05.01-17.46.29:212][  0]LogTargetPlatformManager: Display: Loaded TargetPlatform 'Linux'
[2022.05.01-17.46.29:271][  0]LogTargetPlatformManager: Display: Loaded TargetPlatform 'LinuxNoEditor'
[2022.05.01-17.46.29:348][  0]LogTargetPlatformManager: Display: Loaded TargetPlatform 'LinuxClient'
[2022.05.01-17.46.29:381][  0]LogTargetPlatformManager: Display: Loaded TargetPlatform 'LinuxServer'
[2022.05.01-17.46.29:426][  0]LogTargetPlatformManager: Display: Loaded TargetPlatform 'LinuxAArch64NoEditor'
[2022.05.01-17.46.29:476][  0]LogTargetPlatformManager: Display: Loaded TargetPlatform 'LinuxAArch64Client'
[2022.05.01-17.46.29:524][  0]LogTargetPlatformManager: Display: Loaded TargetPlatform 'LinuxAArch64Server'
[2022.05.01-17.46.29:591][  0]LogTargetPlatformManager: Display: Loaded TargetPlatform 'Lumin'
[2022.05.01-17.46.29:591][  0]LogTargetPlatformManager: Display: Loaded TargetPlatform 'LuminClient'
[2022.05.01-17.46.29:664][  0]LogTargetPlatformManager: Display: Loaded TargetPlatform 'TVOSClient'
[2022.05.01-17.46.29:664][  0]LogTargetPlatformManager: Display: Loaded TargetPlatform 'TVOS'
[2022.05.01-17.46.29:720][  0]LogTargetPlatformManager: Display: Loaded TargetPlatform 'WindowsNoEditor'
[2022.05.01-17.46.29:754][  0]LogTargetPlatformManager: Display: Loaded TargetPlatform 'Windows'
[2022.05.01-17.46.29:832][  0]LogTargetPlatformManager: Display: Loaded TargetPlatform 'WindowsClient'
[2022.05.01-17.46.29:861][  0]LogTargetPlatformManager: Display: Loaded TargetPlatform 'WindowsServer'
[2022.05.01-17.46.29:861][  0]LogTargetPlatformManager: Display: Building Assets For Windows
[2022.05.01-17.46.30:041][  0]LogAudioDebug: Display: Lib vorbis DLL was dynamically loaded.
[2022.05.01-17.46.31:336][  0]LogShaderCompilers: Guid format shader working directory is -3 characters bigger than the processId version (../../../../../../Unreal Projects/ABWFR_Launcher/Intermediate/Shaders/WorkingDirectory/7540/).
[2022.05.01-17.46.31:336][  0]LogShaderCompilers: Cleaned the shader compiler working directory 'C:/Users/Alyx/AppData/Local/Temp/UnrealShaderWorkingDir/5B5FB5054A9408484AC65FA4B2EE61E2/'.
[2022.05.01-17.46.31:337][  0]LogXGEController: Cannot use XGE Controller as Incredibuild is not installed on this machine.
[2022.05.01-17.46.31:337][  0]LogShaderCompilers: Cannot use XGE Shader Compiler as Incredibuild is not installed on this machine.
[2022.05.01-17.46.31:337][  0]LogShaderCompilers: Display: Using Local Shader Compiler.
[2022.05.01-17.46.34:476][  0]LogDerivedDataCache: Display: Max Cache Size: 512 MB
[2022.05.01-17.46.34:562][  0]LogDerivedDataCache: Loaded boot cache 0.09s 76MB C:/Users/Alyx/AppData/Local/UnrealEngine/4.25/DerivedDataCache/Boot.ddc.
[2022.05.01-17.46.34:562][  0]LogDerivedDataCache: Display: Loaded Boot cache: C:/Users/Alyx/AppData/Local/UnrealEngine/4.25/DerivedDataCache/Boot.ddc
[2022.05.01-17.46.34:562][  0]LogDerivedDataCache: FDerivedDataBackendGraph:  Pak pak cache file ../../../../../../Unreal Projects/ABWFR_Launcher/DerivedDataCache/DDC.ddp not found, will not use a pak cache.
[2022.05.01-17.46.34:562][  0]LogDerivedDataCache: Unable to find inner node Pak for hierarchical cache Hierarchy.
[2022.05.01-17.46.34:562][  0]LogDerivedDataCache: FDerivedDataBackendGraph:  CompressedPak pak cache file ../../../../../../Unreal Projects/ABWFR_Launcher/DerivedDataCache/Compressed.ddp not found, will not use a pak cache.
[2022.05.01-17.46.34:562][  0]LogDerivedDataCache: Unable to find inner node CompressedPak for hierarchical cache Hierarchy.
[2022.05.01-17.46.34:607][  0]LogDerivedDataCache: Display: Pak cache opened for reading ../../../Engine/DerivedDataCache/Compressed.ddp.
[2022.05.01-17.46.34:607][  0]LogDerivedDataCache: FDerivedDataBackendGraph:  EnterprisePak pak cache file ../../../Enterprise/DerivedDataCache/Compressed.ddp not found, will not use a pak cache.
[2022.05.01-17.46.34:607][  0]LogDerivedDataCache: Unable to find inner node EnterprisePak for hierarchical cache Hierarchy.
[2022.05.01-17.46.34:610][  0]LogDerivedDataCache: Using Local data cache path C:/Users/Alyx/AppData/Local/UnrealEngine/Common/DerivedDataCache: Writable
[2022.05.01-17.46.34:610][  0]LogDerivedDataCache: Shared data cache path not found in *engine.ini, will not use an Shared cache.
[2022.05.01-17.46.34:610][  0]LogDerivedDataCache: Unable to find inner node Shared for hierarchical cache Hierarchy.
[2022.05.01-17.46.34:752][  0]LogAssetRegistry: FAssetRegistry took 0.0028 seconds to start up
[2022.05.01-17.46.35:066][  0]LogInit: Selected Device Profile: [Windows]
[2022.05.01-17.46.35:776][  0]LogMeshReduction: Using QuadricMeshReduction for automatic static mesh reduction
[2022.05.01-17.46.35:776][  0]LogMeshReduction: Using SimplygonMeshReduction for automatic skeletal mesh reduction
[2022.05.01-17.46.35:776][  0]LogMeshReduction: Using ProxyLODMeshReduction for automatic mesh merging
[2022.05.01-17.46.35:776][  0]LogMeshReduction: No distributed automatic mesh merging module available
[2022.05.01-17.46.35:776][  0]LogMeshMerging: No distributed automatic mesh merging module available
[2022.05.01-17.46.35:824][  0]LogNetVersion: ABWFR_Launcher 1.0.0, NetCL: 13144385, EngineNetVer: 14, GameNetVer: 0 (Checksum: 3103893048)
[2022.05.01-17.46.37:249][  0]LogAISub: UAISubsystem::UAISubsystem AISubsystem (000001C9A13D50C0), frame # 0
[2022.05.01-17.46.37:249][  0]LogAISub: UAISubsystem::UAISubsystem AIPerceptionSystem (000001C9A1400900), frame # 0
[2022.05.01-17.46.37:250][  0]LogAISub: UAISubsystem::UAISubsystem EnvQueryManager (000001C9A1314E00), frame # 0
[2022.05.01-17.46.37:377][  0]LogPackageLocalizationCache: Processed 19 localized package path(s) for 1 prioritized culture(s) in 0.063997 seconds
[2022.05.01-17.46.38:752][  0]LogCollectionManager: Loaded 0 collections in 0.001308 seconds
[2022.05.01-17.46.38:755][  0]LogFileCache: Scanning file cache for directory 'G:/Unreal Projects/ABWFR_Launcher/Saved/Collections/' took 0.00s
[2022.05.01-17.46.38:755][  0]LogFileCache: Scanning file cache for directory 'G:/Unreal Projects/ABWFR_Launcher/Content/Developers/Alyx/Collections/' took 0.00s
[2022.05.01-17.46.38:755][  0]LogFileCache: Scanning file cache for directory 'G:/Unreal Projects/ABWFR_Launcher/Content/Collections/' took 0.00s
[2022.05.01-17.46.38:755][  0]LogCollectionManager: Fixed up redirectors for 0 collections in 0.000003 seconds (updated 0 objects)
[2022.05.01-17.46.42:839][  0]SourceControl: Source control is disabled
[2022.05.01-17.46.42:839][  0]SourceControl: Source control is disabled
[2022.05.01-17.46.42:934][  0]SourceControl: Source control is disabled
[2022.05.01-17.46.42:997][  0]SourceControl: Source control is disabled
[2022.05.01-17.46.43:087][  0]SourceControl: Source control is disabled
[2022.05.01-17.46.45:437][  0]LogTemp: Found Discord DLL in Binaries directory
[2022.05.01-17.46.46:049][  0]LogAndroidPermission: UAndroidPermissionCallbackProxy::GetInstance
[2022.05.01-17.46.46:262][  0]LogAudioCaptureCore: Display: No Audio Capture implementations found. Audio input will be silent.
[2022.05.01-17.46.46:262][  0]LogAudioCaptureCore: Display: No Audio Capture implementations found. Audio input will be silent.
[2022.05.01-17.46.46:791][  0]LogOcInput: OculusInput pre-init called
[2022.05.01-17.46.46:902][  0]LogWindows: Failed to load 'OVRPlugin.dll' (GetLastError=126)
[2022.05.01-17.46.46:902][  0]LogWindows: File 'OVRPlugin.dll' does not exist
[2022.05.01-17.46.47:078][  0]LogUObjectArray: 19222 objects as part of root set at end of initial load.
[2022.05.01-17.46.47:078][  0]LogUObjectAllocator: 5118760 out of 0 bytes used by permanent object pool.
[2022.05.01-17.46.47:078][  0]LogUObjectArray: CloseDisregardForGC: 0/0 objects in disregard for GC pool
[2022.05.01-17.46.47:137][  0]LogInit: Executing Class /Script/UnrealEd.GatherTextCommandlet
[2022.05.01-17.46.47:138][  0]LogInit: Initializing Editor Engine...
[2022.05.01-17.46.47:138][  0]LogEngine: Initializing Engine...
[2022.05.01-17.46.47:141][  0]LogStats: UGameplayTagsManager::InitializeManager -  0.000 s
[2022.05.01-17.46.47:616][  0]LogInit: Initializing FReadOnlyCVARCache
[2022.05.01-17.46.47:744][  0]LogAIModule: Creating AISystem for world Untitled
[2022.05.01-17.46.47:744][  0]LogAISub: UAISubsystem::UAISubsystem EnvQueryManager (000001C9A37FCA00), frame # 0
[2022.05.01-17.46.47:744][  0]LogAISub: UAISubsystem::UAISubsystem AIPerceptionSystem (000001C9A37A6FC0), frame # 0
[2022.05.01-17.46.47:745][  0]LogNetVersion: Set ProjectVersion to 0.0.2. Version Checksum will be recalculated on next use.
[2022.05.01-17.46.47:908][  0]LogDerivedDataCache: Saved boot cache 0.16s 76MB C:/Users/Alyx/AppData/Local/UnrealEngine/4.25/DerivedDataCache/Boot.ddc.
[2022.05.01-17.46.47:909][  0]LogInit: Texture streaming: Disabled
[2022.05.01-17.46.48:112][  0]LogInit: Initializing Editor Engine Completed
[2022.05.01-17.46.49:322][  0]BlueprintLog: New page: Editor Load
[2022.05.01-17.46.49:832][  0]LogGatherTextCommandlet: Display: Beginning GatherText Commandlet for '../../../../../../Unreal Projects/ABWFR_Launcher/Config/Localization/Game_Gather.ini'
[2022.05.01-17.46.49:833][  0]LogGatherTextCommandlet: Display: Executing GatherTextStep0: GatherTextFromAssetsCommandlet
[2022.05.01-17.46.49:833][  0]LogGatherTextFromAssetsCommandlet: Display: SkipGatherCache: false
[2022.05.01-17.46.49:833][  0]LogGatherTextFromAssetsCommandlet: Display: ReportStaleGatherCache: false
[2022.05.01-17.46.49:833][  0]LogGatherTextFromAssetsCommandlet: Display: FixStaleGatherCache: false
[2022.05.01-17.46.49:833][  0]LogGatherTextFromAssetsCommandlet: Display: FixMissingGatherCache: false
[2022.05.01-17.46.50:880][  0]LogGatherTextFromAssetsCommandlet: Display: Asset gather cache metrics: 14 cached, 4 uncached (0 too old, 4 no cache or contained bytecode)
[2022.05.01-17.46.50:881][  0]LogGatherTextFromAssetsCommandlet: Display: Loading 4 packages in 1 batches of 100.
[2022.05.01-17.46.50:892][  0]LogUObjectHash: Compacting FUObjectHashTables data took   0.83ms
[2022.05.01-17.46.50:951][  0]LogGatherTextFromAssetsCommandlet: Display: Loaded 4 packages in batch 1 of 1. 0 failed.
[2022.05.01-17.46.50:951][  0]LogGatherTextCommandlet: Display: Completed GatherTextStep0: GatherTextFromAssetsCommandlet in 1.118454 seconds
[2022.05.01-17.46.50:951][  0]LogGatherTextCommandlet: Display: Executing GatherTextStep1: GenerateGatherManifestCommandlet
[2022.05.01-17.46.50:952][  0]LogGatherTextCommandlet: Display: Completed GatherTextStep1: GenerateGatherManifestCommandlet in 0.000917 seconds
[2022.05.01-17.46.50:952][  0]LogGatherTextCommandlet: Display: Executing GatherTextStep2: GenerateGatherArchiveCommandlet
[2022.05.01-17.46.50:968][  0]LogGatherTextCommandlet: Display: Completed GatherTextStep2: GenerateGatherArchiveCommandlet in 0.015416 seconds
[2022.05.01-17.46.50:968][  0]LogGatherTextCommandlet: Display: Executing GatherTextStep3: GenerateTextLocalizationReportCommandlet
[2022.05.01-17.46.50:995][  0]LogGatherTextCommandlet: Display: Completed GatherTextStep3: GenerateTextLocalizationReportCommandlet in 0.027089 seconds
[2022.05.01-17.46.50:996][  0]LogCore: Engine exit requested (reason: Commandlet GatherTextCommandlet_0 finished execution (result 0))
[2022.05.01-17.46.50:996][  0]LogInit: Display: 
[2022.05.01-17.46.50:996][  0]LogInit: Display: Success - 0 error(s), 0 warning(s)
[2022.05.01-17.46.50:996][  0]LogInit: Display: 
Execution of commandlet took:  1.17 seconds
[2022.05.01-17.46.50:996][  0]LogCore: Engine exit requested (reason: EngineExit() was called; note: exit was already requested)
[2022.05.01-17.46.50:997][  0]LogExit: Preparing to exit.
[2022.05.01-17.46.51:031][  0]LogDemo: Cleaned up 0 splitscreen connections with owner deletion
[2022.05.01-17.46.51:033][  0]LogWorld: UWorld::CleanupWorld for None, bSessionEnded=true, bCleanupResources=true
[2022.05.01-17.46.51:033][  0]LogExit: Editor shut down
[2022.05.01-17.46.51:047][  0]LogAISub: UAISubsystem::~UAISubsystem EnvQueryManager (000001C9A37FCA00), frame # 0
[2022.05.01-17.46.51:047][  0]LogAISub: UAISubsystem::~UAISubsystem AIPerceptionSystem (000001C9A37A6FC0), frame # 0
[2022.05.01-17.46.51:049][  0]LogAISub: UAISubsystem::~UAISubsystem AISubsystem (000001C9A13D50C0), frame # 0
[2022.05.01-17.46.51:049][  0]LogAISub: UAISubsystem::~UAISubsystem AIPerceptionSystem (000001C9A1400900), frame # 0
[2022.05.01-17.46.51:049][  0]LogAISub: UAISubsystem::~UAISubsystem EnvQueryManager (000001C9A1314E00), frame # 0
[2022.05.01-17.46.51:090][  0]LogExit: Object subsystem successfully closed.
[2022.05.01-17.46.51:116][  0]LogShaderCompilers: Display: Shaders left to compile 0
[2022.05.01-17.46.51:132][  0]LogModuleManager: Shutting down and abandoning module SteamVREditor (626)
[2022.05.01-17.46.51:132][  0]LogModuleManager: Shutting down and abandoning module OculusMR (624)
[2022.05.01-17.46.51:132][  0]LogModuleManager: Shutting down and abandoning module GooglePADEditor (622)
[2022.05.01-17.46.51:132][  0]LogModuleManager: Shutting down and abandoning module AudioCaptureEditor (620)
[2022.05.01-17.46.51:132][  0]LogModuleManager: Shutting down and abandoning module TemplateSequenceEditor (618)
[2022.05.01-17.46.51:132][  0]LogModuleManager: Shutting down and abandoning module MatineeToLevelSequence (616)
[2022.05.01-17.46.51:132][  0]LogModuleManager: Shutting down and abandoning module LevelSequenceEditor (614)
[2022.05.01-17.46.51:132][  0]LogModuleManager: Shutting down and abandoning module ActorSequenceEditor (612)
[2022.05.01-17.46.51:132][  0]LogModuleManager: Shutting down and abandoning module WmfMediaFactory (610)
[2022.05.01-17.46.51:132][  0]LogModuleManager: Shutting down and abandoning module WmfMediaEditor (608)
[2022.05.01-17.46.51:132][  0]LogModuleManager: Shutting down and abandoning module WebMMediaFactory (606)
[2022.05.01-17.46.51:132][  0]LogModuleManager: Shutting down and abandoning module WebMMediaEditor (604)
[2022.05.01-17.46.51:132][  0]LogModuleManager: Shutting down and abandoning module MediaPlayerEditor (602)
[2022.05.01-17.46.51:132][  0]LogModuleManager: Shutting down and abandoning module MediaCompositingEditor (600)
[2022.05.01-17.46.51:132][  0]LogModuleManager: Shutting down and abandoning module SequenceRecorder (599)
[2022.05.01-17.46.51:132][  0]LogModuleManager: Shutting down and abandoning module Persona (598)
[2022.05.01-17.46.51:132][  0]LogModuleManager: Shutting down and abandoning module AdvancedPreviewScene (597)
[2022.05.01-17.46.51:132][  0]LogModuleManager: Shutting down and abandoning module AnimGraph (595)
[2022.05.01-17.46.51:132][  0]LogModuleManager: Shutting down and abandoning module Kismet (594)
[2022.05.01-17.46.51:133][  0]LogModuleManager: Shutting down and abandoning module KismetWidgets (593)
[2022.05.01-17.46.51:133][  0]LogModuleManager: Shutting down and abandoning module ImgMediaFactory (586)
[2022.05.01-17.46.51:133][  0]LogModuleManager: Shutting down and abandoning module ImgMediaEditor (584)
[2022.05.01-17.46.51:133][  0]LogModuleManager: Shutting down and abandoning module AvfMediaFactory (582)
[2022.05.01-17.46.51:133][  0]LogModuleManager: Shutting down and abandoning module AvfMediaEditor (580)
[2022.05.01-17.46.51:133][  0]LogModuleManager: Shutting down and abandoning module AndroidMediaFactory (578)
[2022.05.01-17.46.51:133][  0]LogModuleManager: Shutting down and abandoning module AndroidMediaEditor (576)
[2022.05.01-17.46.51:133][  0]LogModuleManager: Shutting down and abandoning module MagicLeapMediaEditor (574)
[2022.05.01-17.46.51:133][  0]LogModuleManager: Shutting down and abandoning module PlanarCut (572)
[2022.05.01-17.46.51:133][  0]LogModuleManager: Shutting down and abandoning module CharacterAI (570)
[2022.05.01-17.46.51:133][  0]LogModuleManager: Shutting down and abandoning module TextureAlignMode (568)
[2022.05.01-17.46.51:133][  0]LogModuleManager: Shutting down and abandoning module BspMode (566)
[2022.05.01-17.46.51:133][  0]LogModuleManager: Shutting down and abandoning module PlacementMode (565)
[2022.05.01-17.46.51:133][  0]LogModuleManager: Shutting down and abandoning module GeometryMode (562)
[2022.05.01-17.46.51:133][  0]LogModuleManager: Shutting down and abandoning module CameraShakePreviewer (560)
[2022.05.01-17.46.51:133][  0]LogModuleManager: Shutting down and abandoning module SmartSnapping (558)
[2022.05.01-17.46.51:133][  0]LogModuleManager: Shutting down and abandoning module ToolMenus (556)
[2022.05.01-17.46.51:133][  0]LogModuleManager: Shutting down and abandoning module MeshPaint (554)
[2022.05.01-17.46.51:133][  0]LogModuleManager: Shutting down and abandoning module LiveCoding (552)
[2022.05.01-17.46.51:133][  0]LogModuleManager: Shutting down and abandoning module LevelSequence (550)
[2022.05.01-17.46.51:134][  0]LogModuleManager: Shutting down and abandoning module MovieSceneTracks (548)
[2022.05.01-17.46.51:134][  0]LogModuleManager: Shutting down and abandoning module MovieScene (546)
[2022.05.01-17.46.51:134][  0]LogModuleManager: Shutting down and abandoning module StreamingPauseRendering (544)
[2022.05.01-17.46.51:134][  0]LogModuleManager: Shutting down and abandoning module AIModule (542)
[2022.05.01-17.46.51:134][  0]LogModuleManager: Shutting down and abandoning module GameplayDebugger (541)
[2022.05.01-17.46.51:134][  0]LogModuleManager: Shutting down and abandoning module AITestSuite (539)
[2022.05.01-17.46.51:134][  0]LogModuleManager: Shutting down and abandoning module NavigationSystem (537)
[2022.05.01-17.46.51:134][  0]LogModuleManager: Shutting down and abandoning module ScreenshotTools (534)
[2022.05.01-17.46.51:134][  0]LogModuleManager: Shutting down and abandoning module SynthesisEditor (532)
[2022.05.01-17.46.51:134][  0]LogModuleManager: Shutting down and abandoning module Synthesis (530)
[2022.05.01-17.46.51:134][  0]LogModuleManager: Shutting down and abandoning module ProceduralMeshComponentEditor (528)
[2022.05.01-17.46.51:134][  0]LogModuleManager: Shutting down and abandoning module ProceduralMeshComponent (526)
[2022.05.01-17.46.51:134][  0]LogModuleManager: Shutting down and abandoning module OculusEditor (524)
[2022.05.01-17.46.51:134][  0]LogModuleManager: Shutting down and abandoning module OculusInput (522)
[2022.05.01-17.46.51:134][  0]LogModuleManager: Shutting down and abandoning module MobilePatchingUtils (520)
[2022.05.01-17.46.51:134][  0]LogModuleManager: Shutting down and abandoning module GooglePAD (518)
[2022.05.01-17.46.51:134][  0]LogModuleManager: Shutting down and abandoning module EditableMesh (516)
[2022.05.01-17.46.51:134][  0]LogModuleManager: Shutting down and abandoning module CustomMeshComponent (514)
[2022.05.01-17.46.51:134][  0]LogModuleManager: Shutting down and abandoning module CableComponent (512)
[2022.05.01-17.46.51:134][  0]LogModuleManager: Shutting down and abandoning module AudioCapture (510)
[2022.05.01-17.46.51:134][  0]LogModuleManager: Shutting down and abandoning module AudioCaptureRtAudio (509)
[2022.05.01-17.46.51:134][  0]LogModuleManager: Shutting down and abandoning module AssetTags (506)
[2022.05.01-17.46.51:134][  0]LogModuleManager: Shutting down and abandoning module ArchVisCharacter (504)
[2022.05.01-17.46.51:134][  0]LogModuleManager: Shutting down and abandoning module AppleImageUtilsBlueprintSupport (502)
[2022.05.01-17.46.51:134][  0]LogModuleManager: Shutting down and abandoning module AppleImageUtils (500)
[2022.05.01-17.46.51:134][  0]LogModuleManager: Shutting down and abandoning module AndroidPermission (498)
[2022.05.01-17.46.51:134][  0]LogModuleManager: Shutting down and abandoning module NUTUnrealEngine4 (496)
[2022.05.01-17.46.51:134][  0]LogModuleManager: Shutting down and abandoning module NetcodeUnitTest (494)
[2022.05.01-17.46.51:134][  0]LogModuleManager: Shutting down and abandoning module TemplateSequence (492)
[2022.05.01-17.46.51:134][  0]LogModuleManager: Shutting down and abandoning module MovieRenderPipelineEditor (490)
[2022.05.01-17.46.51:134][  0]LogModuleManager: Shutting down and abandoning module MovieRenderPipelineRenderPasses (488)
[2022.05.01-17.46.51:134][  0]LogModuleManager: Shutting down and abandoning module MovieRenderPipelineSettings (486)
[2022.05.01-17.46.51:134][  0]LogModuleManager: Shutting down and abandoning module MovieRenderPipelineCore (484)
[2022.05.01-17.46.51:134][  0]LogModuleManager: Shutting down and abandoning module ImageWriteQueue (483)
[2022.05.01-17.46.51:134][  0]LogModuleManager: Shutting down and abandoning module MeshPaintingToolset (480)
[2022.05.01-17.46.51:134][  0]LogModuleManager: Shutting down and abandoning module MeshPaintEditorMode (478)
[2022.05.01-17.46.51:134][  0]LogModuleManager: Shutting down and abandoning module MediaCompositing (476)
[2022.05.01-17.46.51:134][  0]LogModuleManager: Shutting down and abandoning module DiscordRichPresence (474)
[2022.05.01-17.46.51:134][  0]LogModuleManager: Shutting down and abandoning module MagicLeapSharedWorld (472)
[2022.05.01-17.46.51:134][  0]LogModuleManager: Shutting down and abandoning module MagicLeapLightEstimation (470)
[2022.05.01-17.46.51:134][  0]LogModuleManager: Shutting down and abandoning module MagicLeapHelperVulkan (468)
[2022.05.01-17.46.51:134][  0]LogModuleManager: Shutting down and abandoning module MagicLeapHelperOpenGL (466)
[2022.05.01-17.46.51:134][  0]LogModuleManager: Shutting down and abandoning module MagicLeapAudio (464)
[2022.05.01-17.46.51:134][  0]LogModuleManager: Shutting down and abandoning module NiagaraEditorWidgets (462)
[2022.05.01-17.46.51:134][  0]LogModuleManager: Shutting down and abandoning module MeshSolverUtilities (460)
[2022.05.01-17.46.51:134][  0]LogModuleManager: Shutting down and abandoning module MeshConversion (458)
[2022.05.01-17.46.51:134][  0]LogModuleManager: Shutting down and abandoning module DynamicMesh (456)
[2022.05.01-17.46.51:134][  0]LogModuleManager: Shutting down and abandoning module GeometryAlgorithms (454)
[2022.05.01-17.46.51:134][  0]LogModuleManager: Shutting down and abandoning module GeometricObjects (452)
[2022.05.01-17.46.51:135][  0]LogModuleManager: Shutting down and abandoning module GeometryCollectionTracks (450)
[2022.05.01-17.46.51:135][  0]LogModuleManager: Shutting down and abandoning module GeometryCollectionSequencer (449)
[2022.05.01-17.46.51:135][  0]LogModuleManager: Shutting down and abandoning module GeometryCollectionEditor (446)
[2022.05.01-17.46.51:135][  0]LogModuleManager: Shutting down and abandoning module GeometryCacheTracks (444)
[2022.05.01-17.46.51:135][  0]LogModuleManager: Shutting down and abandoning module GeometryCacheSequencer (442)
[2022.05.01-17.46.51:135][  0]LogModuleManager: Shutting down and abandoning module ChaosSolverEditor (440)
[2022.05.01-17.46.51:135][  0]LogModuleManager: Shutting down and abandoning module ChaosNiagara (438)
[2022.05.01-17.46.51:135][  0]LogModuleManager: Shutting down and abandoning module FractureEditor (436)
[2022.05.01-17.46.51:135][  0]LogModuleManager: Shutting down and abandoning module ChaosClothEditor (434)
[2022.05.01-17.46.51:135][  0]LogModuleManager: Shutting down and abandoning module ChaosCloth (432)
[2022.05.01-17.46.51:135][  0]LogModuleManager: Shutting down and abandoning module AutomationUtilsEditor (430)
[2022.05.01-17.46.51:135][  0]LogModuleManager: Shutting down and abandoning module AutomationUtils (428)
[2022.05.01-17.46.51:135][  0]LogModuleManager: Shutting down and abandoning module AlembicImporter (426)
[2022.05.01-17.46.51:135][  0]LogModuleManager: Shutting down and abandoning module AlembicLibrary (425)
[2022.05.01-17.46.51:135][  0]LogModuleManager: Shutting down and abandoning module GeometryCache (424)
[2022.05.01-17.46.51:135][  0]LogModuleManager: Shutting down and abandoning module GeometryCacheEd (423)
[2022.05.01-17.46.51:135][  0]LogModuleManager: Shutting down and abandoning module VariantManagerContentEditor (418)
[2022.05.01-17.46.51:135][  0]LogModuleManager: Shutting down and abandoning module DatasmithContentEditor (416)
[2022.05.01-17.46.51:135][  0]LogModuleManager: Shutting down and abandoning module SpeedTreeImporter (414)
[2022.05.01-17.46.51:135][  0]LogModuleManager: Shutting down and abandoning module PluginBrowser (412)
[2022.05.01-17.46.51:135][  0]LogModuleManager: Shutting down and abandoning module MobileLauncherProfileWizard (410)
[2022.05.01-17.46.51:135][  0]LogModuleManager: Shutting down and abandoning module MaterialAnalyzer (408)
[2022.05.01-17.46.51:135][  0]LogModuleManager: Shutting down and abandoning module EditorScriptingUtilities (406)
[2022.05.01-17.46.51:135][  0]LogModuleManager: Shutting down and abandoning module CurveEditorTools (404)
[2022.05.01-17.46.51:135][  0]LogModuleManager: Shutting down and abandoning module CryptoKeysOpenSSL (402)
[2022.05.01-17.46.51:135][  0]LogModuleManager: Shutting down and abandoning module CryptoKeys (400)
[2022.05.01-17.46.51:135][  0]LogModuleManager: Shutting down and abandoning module VisualStudioSourceCodeAccess (398)
[2022.05.01-17.46.51:135][  0]LogModuleManager: Shutting down and abandoning module VisualStudioCodeSourceCodeAccess (396)
[2022.05.01-17.46.51:135][  0]LogModuleManager: Shutting down and abandoning module UObjectPlugin (394)
[2022.05.01-17.46.51:135][  0]LogModuleManager: Shutting down and abandoning module SubversionSourceControl (392)
[2022.05.01-17.46.51:135][  0]LogModuleManager: Shutting down and abandoning module RiderSourceCodeAccess (390)
[2022.05.01-17.46.51:135][  0]LogModuleManager: Shutting down and abandoning module PlasticSourceControl (388)
[2022.05.01-17.46.51:135][  0]LogModuleManager: Shutting down and abandoning module PerforceSourceControl (386)
[2022.05.01-17.46.51:135][  0]LogModuleManager: Shutting down and abandoning module GitSourceControl (384)
[2022.05.01-17.46.51:135][  0]LogModuleManager: Shutting down and abandoning module SourceControl (383)
[2022.05.01-17.46.51:135][  0]LogModuleManager: Shutting down and abandoning module CLionSourceCodeAccess (380)
[2022.05.01-17.46.51:135][  0]LogModuleManager: Shutting down and abandoning module AnimationSharingEd (378)
[2022.05.01-17.46.51:135][  0]LogModuleManager: Shutting down and abandoning module ActorLayerUtilitiesEditor (376)
[2022.05.01-17.46.51:135][  0]LogModuleManager: Shutting down and abandoning module ActorLayerUtilities (374)
[2022.05.01-17.46.51:135][  0]LogModuleManager: Shutting down and abandoning module LightPropagationVolumeEditor (372)
[2022.05.01-17.46.51:135][  0]LogModuleManager: Shutting down and abandoning module PaperTiledImporter (370)
[2022.05.01-17.46.51:135][  0]LogModuleManager: Shutting down and abandoning module PaperSpriteSheetImporter (368)
[2022.05.01-17.46.51:135][  0]LogModuleManager: Shutting down and abandoning module Paper2DEditor (366)
[2022.05.01-17.46.51:135][  0]LogModuleManager: Shutting down and abandoning module SoundFields (364)
[2022.05.01-17.46.51:135][  0]LogModuleManager: Shutting down and abandoning module SignificanceManager (362)
[2022.05.01-17.46.51:135][  0]LogModuleManager: Shutting down and abandoning module RuntimePhysXCooking (360)
[2022.05.01-17.46.51:135][  0]LogModuleManager: Shutting down and abandoning module PhysXVehiclesEditor (358)
[2022.05.01-17.46.51:135][  0]LogModuleManager: Shutting down and abandoning module LocationServicesBPLibrary (354)
[2022.05.01-17.46.51:135][  0]LogModuleManager: Shutting down and abandoning module ActorSequence (352)
[2022.05.01-17.46.51:135][  0]LogModuleManager: Shutting down and abandoning module UdpMessaging (350)
[2022.05.01-17.46.51:135][  0]LogModuleManager: Shutting down and abandoning module TcpMessaging (348)
[2022.05.01-17.46.51:135][  0]LogModuleManager: Shutting down and abandoning module MagicLeapARPin (346)
[2022.05.01-17.46.51:135][  0]LogModuleManager: Shutting down and abandoning module MagicLeapHandMeshing (344)
[2022.05.01-17.46.51:135][  0]LogModuleManager: Shutting down and abandoning module MagicLeapSecureStorage (342)
[2022.05.01-17.46.51:135][  0]LogModuleManager: Shutting down and abandoning module MagicLeapPrivileges (340)
[2022.05.01-17.46.51:135][  0]LogModuleManager: Shutting down and abandoning module MagicLeapPlanes (338)
[2022.05.01-17.46.51:135][  0]LogMagicLeapPlanes: Planes tracker already destroyed.
[2022.05.01-17.46.51:135][  0]LogModuleManager: Shutting down and abandoning module MagicLeapImageTracker (336)
[2022.05.01-17.46.51:135][  0]LogModuleManager: Shutting down and abandoning module MagicLeapIdentity (334)
[2022.05.01-17.46.51:135][  0]LogModuleManager: Shutting down and abandoning module MagicLeapHandTracking (332)
[2022.05.01-17.46.51:136][  0]LogModuleManager: Shutting down and abandoning module MagicLeapEyeTracker (330)
[2022.05.01-17.46.51:136][  0]LogModuleManager: Shutting down and abandoning module MagicLeapController (328)
[2022.05.01-17.46.51:136][  0]LogModuleManager: Shutting down and abandoning module MagicLeapARPinImpl (326)
[2022.05.01-17.46.51:136][  0]LogModuleManager: Shutting down and abandoning module MagicLeapAR (324)
[2022.05.01-17.46.51:136][  0]LogModuleManager: Shutting down and abandoning module AugmentedReality (323)
[2022.05.01-17.46.51:136][  0]LogModuleManager: Shutting down and abandoning module NiagaraAnimNotifies (320)
[2022.05.01-17.46.51:136][  0]LogModuleManager: Shutting down and abandoning module Niagara (318)
[2022.05.01-17.46.51:136][  0]LogModuleManager: Shutting down and abandoning module SignalProcessing (317)
[2022.05.01-17.46.51:136][  0]LogModuleManager: Shutting down and abandoning module NiagaraEditor (315)
[2022.05.01-17.46.51:136][  0]LogModuleManager: Shutting down and abandoning module NiagaraCore (312)
[2022.05.01-17.46.51:136][  0]LogModuleManager: Shutting down and abandoning module GameplayTagsEditor (310)
[2022.05.01-17.46.51:136][  0]LogModuleManager: Shutting down and abandoning module FacialAnimationEditor (308)
[2022.05.01-17.46.51:136][  0]LogModuleManager: Shutting down and abandoning module FacialAnimation (306)
[2022.05.01-17.46.51:136][  0]LogModuleManager: Shutting down and abandoning module DataValidation (304)
[2022.05.01-17.46.51:136][  0]LogModuleManager: Shutting down and abandoning module AssetManagerEditor (302)
[2022.05.01-17.46.51:136][  0]LogModuleManager: Shutting down and abandoning module TreeMap (301)
[2022.05.01-17.46.51:136][  0]LogModuleManager: Shutting down and abandoning module AnimationSharing (298)
[2022.05.01-17.46.51:136][  0]LogModuleManager: Shutting down and abandoning module LightPropagationVolumeRuntime (296)
[2022.05.01-17.46.51:136][  0]LogModuleManager: Shutting down and abandoning module Paper2D (294)
[2022.05.01-17.46.51:136][  0]LogModuleManager: Shutting down and abandoning module NetworkReplayStreaming (292)
[2022.05.01-17.46.51:136][  0]LogModuleManager: Shutting down and abandoning module PacketHandler (290)
[2022.05.01-17.46.51:136][  0]LogModuleManager: Shutting down and abandoning module ClothingSystemEditor (288)
[2022.05.01-17.46.51:136][  0]LogModuleManager: Shutting down and abandoning module ClothingSystemRuntimeNv (286)
[2022.05.01-17.46.51:136][  0]LogModuleManager: Shutting down and abandoning module MediaAssets (284)
[2022.05.01-17.46.51:136][  0]LogModuleManager: Shutting down and abandoning module Overlay (282)
[2022.05.01-17.46.51:136][  0]LogModuleManager: Shutting down and abandoning module OverlayEditor (281)
[2022.05.01-17.46.51:136][  0]LogModuleManager: Shutting down and abandoning module Blutility (278)
[2022.05.01-17.46.51:136][  0]LogModuleManager: Shutting down and abandoning module LevelEditor (277)
[2022.05.01-17.46.51:136][  0]LogModuleManager: Shutting down and abandoning module PixelInspectorModule (276)
[2022.05.01-17.46.51:136][  0]LogModuleManager: Shutting down and abandoning module CommonMenuExtensions (274)
[2022.05.01-17.46.51:137][  0]LogModuleManager: Shutting down and abandoning module MainFrame (272)
[2022.05.01-17.46.51:137][  0]LogModuleManager: Shutting down and abandoning module HotReload (271)
[2022.05.01-17.46.51:137][  0]LogModuleManager: Shutting down and abandoning module IntroTutorials (266)
[2022.05.01-17.46.51:137][  0]LogModuleManager: Shutting down and abandoning module VREditor (264)
[2022.05.01-17.46.51:137][  0]LogModuleManager: Shutting down and abandoning module StringTableEditor (262)
[2022.05.01-17.46.51:137][  0]LogModuleManager: Shutting down and abandoning module GameplayTasksEditor (260)
[2022.05.01-17.46.51:137][  0]LogModuleManager: Shutting down and abandoning module BehaviorTreeEditor (258)
[2022.05.01-17.46.51:137][  0]LogModuleManager: Shutting down and abandoning module FunctionalTesting (256)
[2022.05.01-17.46.51:137][  0]LogModuleManager: Shutting down and abandoning module CollisionAnalyzer (254)
[2022.05.01-17.46.51:137][  0]LogModuleManager: Shutting down and abandoning module UMG (252)
[2022.05.01-17.46.51:137][  0]LogModuleManager: Shutting down and abandoning module UMGEditor (251)
[2022.05.01-17.46.51:138][  0]LogModuleManager: Shutting down and abandoning module MessageLog (249)
[2022.05.01-17.46.51:138][  0]LogModuleManager: Shutting down and abandoning module MaterialEditor (247)
[2022.05.01-17.46.51:138][  0]LogModuleManager: Shutting down and abandoning module ContentBrowser (246)
[2022.05.01-17.46.51:138][  0]LogModuleManager: Shutting down and abandoning module WorkspaceMenuStructure (245)
[2022.05.01-17.46.51:138][  0]LogModuleManager: Shutting down and abandoning module CollectionManager (243)
[2022.05.01-17.46.51:138][  0]LogModuleManager: Shutting down and abandoning module Settings (240)
[2022.05.01-17.46.51:138][  0]LogModuleManager: Shutting down and abandoning module SlateReflector (234)
[2022.05.01-17.46.51:138][  0]LogModuleManager: Shutting down and abandoning module Slate (232)
[2022.05.01-17.46.51:138][  0]LogModuleManager: Shutting down and abandoning module SlateCore (230)
[2022.05.01-17.46.51:138][  0]LogModuleManager: Shutting down and abandoning module LandscapeEditorUtilities (228)
[2022.05.01-17.46.51:138][  0]LogModuleManager: Shutting down and abandoning module UnrealEd (226)
[2022.05.01-17.46.51:138][  0]LogModuleManager: Shutting down and abandoning module MRMesh (224)
[2022.05.01-17.46.51:138][  0]LogModuleManager: Shutting down and abandoning module SourceCodeAccess (222)
[2022.05.01-17.46.51:138][  0]LogModuleManager: Shutting down and abandoning module HeadMountedDisplay (220)
[2022.05.01-17.46.51:138][  0]LogModuleManager: Shutting down and abandoning module XAudio2 (218)
[2022.05.01-17.46.51:138][  0]LogModuleManager: Shutting down and abandoning module Networking (216)
[2022.05.01-17.46.51:138][  0]LogModuleManager: Shutting down and abandoning module Core (214)
[2022.05.01-17.46.51:138][  0]LogModuleManager: Shutting down and abandoning module MovieSceneTools (212)
[2022.05.01-17.46.51:138][  0]LogModuleManager: Shutting down and abandoning module CurveEditor (211)
[2022.05.01-17.46.51:138][  0]LogModuleManager: Shutting down and abandoning module Sequencer (209)
[2022.05.01-17.46.51:139][  0]LogModuleManager: Shutting down and abandoning module EditorStyle (208)
[2022.05.01-17.46.51:139][  0]LogModuleManager: Shutting down and abandoning module KismetCompiler (204)
[2022.05.01-17.46.51:139][  0]LogModuleManager: Shutting down and abandoning module MeshBuilder (202)
[2022.05.01-17.46.51:139][  0]LogModuleManager: Shutting down and abandoning module MeshUtilities (200)
[2022.05.01-17.46.51:139][  0]LogModuleManager: Shutting down and abandoning module MeshMergeUtilities (199)
[2022.05.01-17.46.51:140][  0]LogModuleManager: Shutting down and abandoning module MeshReductionInterface (198)
[2022.05.01-17.46.51:140][  0]LogModuleManager: Shutting down and abandoning module MeshBoneReduction (197)
[2022.05.01-17.46.51:140][  0]LogModuleManager: Shutting down and abandoning module SkeletalMeshReduction (195)
[2022.05.01-17.46.51:140][  0]LogModuleManager: Shutting down and abandoning module ProxyLODMeshReduction (193)
[2022.05.01-17.46.51:140][  0]LogModuleManager: Shutting down and abandoning module QuadricMeshReduction (191)
[2022.05.01-17.46.51:140][  0]LogModuleManager: Shutting down and abandoning module MaterialBaking (187)
[2022.05.01-17.46.51:140][  0]LogModuleManager: Shutting down and abandoning module DirectoryWatcher (183)
[2022.05.01-17.46.51:140][  0]LogModuleManager: Shutting down and abandoning module NullInstallBundleManager (180)
[2022.05.01-17.46.51:140][  0]LogModuleManager: Shutting down and abandoning module DerivedDataCache (178)
[2022.05.01-17.46.51:141][  0]LogModuleManager: Shutting down and abandoning module XGEController (176)
[2022.05.01-17.46.51:141][  0]LogModuleManager: Shutting down and abandoning module TargetPlatform (174)
[2022.05.01-17.46.51:141][  0]LogModuleManager: Shutting down and abandoning module VulkanShaderFormat (173)
[2022.05.01-17.46.51:142][  0]LogModuleManager: Shutting down and abandoning module ShaderFormatVectorVM (171)
[2022.05.01-17.46.51:142][  0]LogModuleManager: Shutting down and abandoning module ShaderFormatOpenGL (169)
[2022.05.01-17.46.51:142][  0]LogModuleManager: Shutting down and abandoning module ShaderFormatD3D (167)
[2022.05.01-17.46.51:142][  0]LogModuleManager: Shutting down and abandoning module MetalShaderFormat (165)
[2022.05.01-17.46.51:142][  0]LogModuleManager: Shutting down and abandoning module TextureFormatUncompressed (163)
[2022.05.01-17.46.51:142][  0]LogModuleManager: Shutting down and abandoning module TextureFormatPVR (161)
[2022.05.01-17.46.51:142][  0]LogModuleManager: Shutting down and abandoning module TextureFormatDXT (159)
[2022.05.01-17.46.51:142][  0]LogModuleManager: Shutting down and abandoning module TextureFormatIntelISPCTexComp (157)
[2022.05.01-17.46.51:142][  0]LogModuleManager: Shutting down and abandoning module TextureFormatASTC (155)
[2022.05.01-17.46.51:142][  0]LogModuleManager: Shutting down and abandoning module ImageWrapper (154)
[2022.05.01-17.46.51:142][  0]LogModuleManager: Shutting down and abandoning module TextureFormatAndroid (151)
[2022.05.01-17.46.51:142][  0]LogModuleManager: Shutting down and abandoning module AudioFormatOpus (149)
[2022.05.01-17.46.51:142][  0]LogModuleManager: Shutting down and abandoning module AudioFormatOgg (147)
[2022.05.01-17.46.51:142][  0]LogModuleManager: Shutting down and abandoning module AudioFormatADPCM (145)
[2022.05.01-17.46.51:142][  0]LogModuleManager: Shutting down and abandoning module WindowsServerTargetPlatform (143)
[2022.05.01-17.46.51:142][  0]LogModuleManager: Shutting down and abandoning module WindowsClientTargetPlatform (141)
[2022.05.01-17.46.51:142][  0]LogModuleManager: Shutting down and abandoning module WindowsTargetPlatform (139)
[2022.05.01-17.46.51:142][  0]LogModuleManager: Shutting down and abandoning module WindowsNoEditorTargetPlatform (137)
[2022.05.01-17.46.51:142][  0]LogModuleManager: Shutting down and abandoning module TVOSTargetPlatform (135)
[2022.05.01-17.46.51:143][  0]LogModuleManager: Shutting down and abandoning module LuminTargetPlatform (133)
[2022.05.01-17.46.51:143][  0]LogModuleManager: Shutting down and abandoning module LinuxAArch64ServerTargetPlatform (131)
[2022.05.01-17.46.51:143][  0]LogModuleManager: Shutting down and abandoning module LinuxAArch64ClientTargetPlatform (129)
[2022.05.01-17.46.51:143][  0]LogModuleManager: Shutting down and abandoning module LinuxAArch64NoEditorTargetPlatform (127)
[2022.05.01-17.46.51:143][  0]LogModuleManager: Shutting down and abandoning module LinuxServerTargetPlatform (125)
[2022.05.01-17.46.51:143][  0]LogModuleManager: Shutting down and abandoning module LinuxClientTargetPlatform (123)
[2022.05.01-17.46.51:143][  0]LogModuleManager: Shutting down and abandoning module LinuxNoEditorTargetPlatform (121)
[2022.05.01-17.46.51:143][  0]LogModuleManager: Shutting down and abandoning module LinuxTargetPlatform (119)
[2022.05.01-17.46.51:143][  0]LogModuleManager: Shutting down and abandoning module Messaging (117)
[2022.05.01-17.46.51:143][  0]LogModuleManager: Shutting down and abandoning module IOSTargetPlatform (115)
[2022.05.01-17.46.51:144][  0]LogModuleManager: Shutting down and abandoning module AndroidTargetPlatform (113)
[2022.05.01-17.46.51:147][  0]LogModuleManager: Shutting down and abandoning module AllDesktopTargetPlatform (111)
[2022.05.01-17.46.51:147][  0]LogModuleManager: Shutting down and abandoning module NullDrv (108)
[2022.05.01-17.46.51:147][  0]LogModuleManager: Shutting down and abandoning module PhysXCooking (106)
[2022.05.01-17.46.51:147][  0]LogModuleManager: Shutting down and abandoning module ChaosSolvers (104)
[2022.05.01-17.46.51:147][  0]LogModuleManager: Shutting down and abandoning module FieldSystemEngine (103)
[2022.05.01-17.46.51:147][  0]LogModuleManager: Shutting down and abandoning module Chaos (100)
[2022.05.01-17.46.51:147][  0]LogModuleManager: Shutting down and abandoning module WindowsPlatformFeatures (98)
[2022.05.01-17.46.51:147][  0]LogModuleManager: Shutting down and abandoning module GameplayMediaEncoder (97)
[2022.05.01-17.46.51:147][  0]LogModuleManager: Shutting down and abandoning module AVEncoder (96)
[2022.05.01-17.46.51:147][  0]LogModuleManager: Shutting down and abandoning module ExampleDeviceProfileSelector (92)
[2022.05.01-17.46.51:147][  0]LogModuleManager: Shutting down and abandoning module SteamVRInputDevice (90)
[2022.05.01-17.46.51:147][  0]LogModuleManager: Shutting down and abandoning module SteamVRInput (88)
[2022.05.01-17.46.51:147][  0]LogModuleManager: Shutting down and abandoning module SteamVR (86)
[2022.05.01-17.46.51:147][  0]LogHMD: Freeing OpenVRDLLHandle.
[2022.05.01-17.46.51:147][  0]LogModuleManager: Shutting down and abandoning module OculusHMD (84)
[2022.05.01-17.46.51:147][  0]LogModuleManager: Shutting down and abandoning module LauncherChunkInstaller (82)
[2022.05.01-17.46.51:147][  0]LogModuleManager: Shutting down and abandoning module OnlineBlueprintSupport (80)
[2022.05.01-17.46.51:147][  0]LogModuleManager: Shutting down and abandoning module OnlineSubsystem (76)
[2022.05.01-17.46.51:148][  0]LogModuleManager: Shutting down and abandoning module XMPP (71)
[2022.05.01-17.46.51:148][  0]LogModuleManager: Shutting down and abandoning module WebSockets (70)
[2022.05.01-17.46.51:180][  0]LogModuleManager: Shutting down and abandoning module HTTP (67)
[2022.05.01-17.46.51:192][  0]LogModuleManager: Shutting down and abandoning module SSL (66)
[2022.05.01-17.46.51:194][  0]LogModuleManager: Shutting down and abandoning module WmfMedia (62)
[2022.05.01-17.46.51:195][  0]LogModuleManager: Shutting down and abandoning module Media (61)
[2022.05.01-17.46.51:196][  0]LogModuleManager: Shutting down and abandoning module MagicLeap (58)
[2022.05.01-17.46.51:196][  0]LogModuleManager: Shutting down and abandoning module NiagaraVertexFactories (56)
[2022.05.01-17.46.51:196][  0]LogModuleManager: Shutting down and abandoning module NiagaraShader (54)
[2022.05.01-17.46.51:196][  0]LogModuleManager: Shutting down and abandoning module VariantManagerContent (52)
[2022.05.01-17.46.51:196][  0]LogModuleManager: Shutting down and abandoning module DatasmithContent (50)
[2022.05.01-17.46.51:197][  0]LogModuleManager: Shutting down and abandoning module AISupportModule (48)
[2022.05.01-17.46.51:197][  0]LogModuleManager: Shutting down and abandoning module DesktopPlatform (46)
[2022.05.01-17.46.51:197][  0]LogModuleManager: Shutting down and abandoning module PlatformCryptoOpenSSL (44)
[2022.05.01-17.46.51:197][  0]LogModuleManager: Shutting down and abandoning module PlatformCryptoTypes (42)
[2022.05.01-17.46.51:197][  0]LogModuleManager: Shutting down and abandoning module PlatformCrypto (40)
[2022.05.01-17.46.51:197][  0]LogModuleManager: Shutting down and abandoning module AnimationModifiers (38)
[2022.05.01-17.46.51:197][  0]LogModuleManager: Shutting down and abandoning module PropertyEditor (37)
[2022.05.01-17.46.51:197][  0]LogModuleManager: Shutting down and abandoning module AudioEditor (34)
[2022.05.01-17.46.51:197][  0]LogModuleManager: Shutting down and abandoning module TextureCompressor (32)
[2022.05.01-17.46.51:197][  0]LogModuleManager: Shutting down and abandoning module RenderCore (30)
[2022.05.01-17.46.51:197][  0]LogModuleManager: Shutting down and abandoning module Landscape (28)
[2022.05.01-17.46.51:197][  0]LogModuleManager: Shutting down and abandoning module SlateRHIRenderer (26)
[2022.05.01-17.46.51:197][  0]LogModuleManager: Shutting down and abandoning module OpenGLDrv (24)
[2022.05.01-17.46.51:197][  0]LogModuleManager: Shutting down and abandoning module D3D11RHI (22)
[2022.05.01-17.46.51:197][  0]LogModuleManager: Shutting down and abandoning module AnimGraphRuntime (20)
[2022.05.01-17.46.51:197][  0]LogModuleManager: Shutting down and abandoning module Renderer (18)
[2022.05.01-17.46.51:197][  0]LogModuleManager: Shutting down and abandoning module Engine (16)
[2022.05.01-17.46.51:197][  0]LogModuleManager: Shutting down and abandoning module CoreUObject (14)
[2022.05.01-17.46.51:197][  0]LogModuleManager: Shutting down and abandoning module NetworkFile (12)
[2022.05.01-17.46.51:197][  0]LogModuleManager: Shutting down and abandoning module CookedIterativeFile (10)
[2022.05.01-17.46.51:197][  0]LogModuleManager: Shutting down and abandoning module StreamingFile (8)
[2022.05.01-17.46.51:197][  0]LogModuleManager: Shutting down and abandoning module SandboxFile (6)
[2022.05.01-17.46.51:197][  0]LogModuleManager: Shutting down and abandoning module PakFile (4)
[2022.05.01-17.46.51:197][  0]LogModuleManager: Shutting down and abandoning module RSA (3)
[2022.05.01-17.46.51:355][  0]LogContentStreaming: Display: There are 1 unreleased StreamingManagers
[2022.05.01-17.46.51:362][  0]LogExit: Exiting.
[2022.05.01-17.46.51:409][  0]Log file closed, 05/01/22 19:46:51
