Log file open, 05/02/22 20:28:08
LogInit: Display: Running engine for game: ABWFR_Launcher
LogPlatformFile: Not using cached read wrapper
LogTaskGraph: Started task graph with 5 named threads and 23 total threads with 3 sets of task threads.
LogStats: Stats thread started at 0.483993
LogD3D11RHI: Loaded GFSDK_Aftermath_Lib.x64.dll
LogICUInternationalization: ICU TimeZone Detection - Raw Offset: +1:00, Platform Override: ''
LogPluginManager: Mounting plugin Paper2D
LogPluginManager: Mounting plugin AISupport
LogPluginManager: Mounting plugin LightPropagationVolume
LogPluginManager: Mounting plugin CameraShakePreviewer
LogPluginManager: Mounting plugin ActorLayerUtilities
LogPluginManager: Mounting plugin AnimationSharing
LogPluginManager: Mounting plugin CLionSourceCodeAccess
LogPluginManager: Mounting plugin CodeLiteSourceCodeAccess
LogPluginManager: Mounting plugin GitSourceControl
LogPluginManager: Mounting plugin KDevelopSourceCodeAccess
LogPluginManager: Mounting plugin NullSourceCodeAccess
LogPluginManager: Mounting plugin PerforceSourceControl
LogPluginManager: Mounting plugin PlasticSourceControl
LogPluginManager: Mounting plugin RiderSourceCodeAccess
LogPluginManager: Mounting plugin SubversionSourceControl
LogPluginManager: Mounting plugin UObjectPlugin
LogPluginManager: Mounting plugin VisualStudioCodeSourceCodeAccess
LogPluginManager: Mounting plugin VisualStudioSourceCodeAccess
LogPluginManager: Mounting plugin AssetManagerEditor
LogPluginManager: Mounting plugin CryptoKeys
LogPluginManager: Mounting plugin CurveEditorTools
LogPluginManager: Mounting plugin DataValidation
LogPluginManager: Mounting plugin EditorScriptingUtilities
LogPluginManager: Mounting plugin FacialAnimation
LogPluginManager: Mounting plugin GameplayTagsEditor
LogPluginManager: Mounting plugin GeometryMode
LogPluginManager: Mounting plugin MacGraphicsSwitching
LogPluginManager: Mounting plugin MaterialAnalyzer
LogPluginManager: Mounting plugin MobileLauncherProfileWizard
LogPluginManager: Mounting plugin PluginBrowser
LogPluginManager: Mounting plugin DatasmithContent
LogPluginManager: Mounting plugin VariantManagerContent
LogPluginManager: Mounting plugin AlembicImporter
LogPluginManager: Mounting plugin AutomationUtils
LogPluginManager: Mounting plugin BackChannel
LogPluginManager: Mounting plugin GeometryCache
LogPluginManager: Mounting plugin GeometryProcessing
LogPluginManager: Mounting plugin PlatformCrypto
LogPluginManager: Mounting plugin ProxyLODPlugin
LogPluginManager: Mounting plugin SkeletalReduction
LogPluginManager: Mounting plugin MagicLeap
LogPluginManager: Mounting plugin MagicLeapLightEstimation
LogPluginManager: Mounting plugin MagicLeapMedia
LogPluginManager: Mounting plugin MagicLeapPassableWorld
LogPluginManager: Mounting plugin MLSDK
LogPluginManager: Mounting plugin AchievementSystem
LogPluginManager: Mounting plugin DiscordRichPresence
LogPluginManager: Mounting plugin AndroidMedia
LogPluginManager: Mounting plugin AvfMedia
LogPluginManager: Mounting plugin ImgMedia
LogPluginManager: Mounting plugin MediaCompositing
LogPluginManager: Mounting plugin MediaPlayerEditor
LogPluginManager: Mounting plugin WebMMedia
LogPluginManager: Mounting plugin WmfMedia
LogPluginManager: Mounting plugin MeshPainting
LogPluginManager: Mounting plugin TcpMessaging
LogPluginManager: Mounting plugin UdpMessaging
LogPluginManager: Mounting plugin ActorSequence
LogPluginManager: Mounting plugin LevelSequenceEditor
LogPluginManager: Mounting plugin MatineeToLevelSequence
LogPluginManager: Mounting plugin MovieRenderPipeline
LogPluginManager: Mounting plugin TemplateSequence
LogPluginManager: Mounting plugin NetcodeUnitTest
LogPluginManager: Mounting plugin NUTUnrealEngine4
LogPluginManager: Mounting plugin OnlineSubsystem
LogPluginManager: Mounting plugin OnlineSubsystemNull
LogPluginManager: Mounting plugin OnlineSubsystemUtils
LogPluginManager: Mounting plugin LauncherChunkInstaller
LogPluginManager: Mounting plugin AndroidDeviceProfileSelector
LogPluginManager: Mounting plugin AndroidMoviePlayer
LogPluginManager: Mounting plugin AndroidPermission
LogPluginManager: Mounting plugin AppleImageUtils
LogPluginManager: Mounting plugin AppleMoviePlayer
LogPluginManager: Mounting plugin ArchVisCharacter
LogPluginManager: Mounting plugin AssetTags
LogPluginManager: Mounting plugin AudioCapture
LogPluginManager: Mounting plugin CustomMeshComponent
LogPluginManager: Mounting plugin EditableMesh
LogPluginManager: Mounting plugin ExampleDeviceProfileSelector
LogPluginManager: Mounting plugin GoogleCloudMessaging
LogPluginManager: Mounting plugin IOSDeviceProfileSelector
LogPluginManager: Mounting plugin LinuxDeviceProfileSelector
LogPluginManager: Mounting plugin PostSplashScreen
LogPluginManager: Mounting plugin ProceduralMeshComponent
LogPluginManager: Mounting plugin RuntimePhysXCooking
LogPluginManager: Mounting plugin SignificanceManager
LogPluginManager: Mounting plugin SoundFields
LogPluginManager: Mounting plugin Synthesis
LogPluginManager: Mounting plugin WebMMoviePlayer
LogPluginManager: Mounting plugin WindowsMoviePlayer
LogPluginManager: Mounting plugin ScreenshotTools
LogInit: Using libcurl 7.55.1-DEV
LogInit:  - built for x86_64-pc-win32
LogInit:  - supports SSL with OpenSSL/1.1.1
LogInit:  - supports HTTP deflate (compression) using libz 1.2.8
LogInit:  - other features:
LogInit:      CURL_VERSION_SSL
LogInit:      CURL_VERSION_LIBZ
LogInit:      CURL_VERSION_IPV6
LogInit:      CURL_VERSION_ASYNCHDNS
LogInit:      CURL_VERSION_LARGEFILE
LogInit:      CURL_VERSION_IDN
LogInit:  CurlRequestOptions (configurable via config and command line):
LogInit:  - bVerifyPeer = true  - Libcurl will verify peer certificate
LogInit:  - bUseHttpProxy = false  - Libcurl will NOT use HTTP proxy
LogInit:  - bDontReuseConnections = false  - Libcurl will reuse connections
LogInit:  - MaxHostConnections = 16  - Libcurl will limit the number of connections to a host
LogInit:  - LocalHostAddr = Default
LogInit:  - BufferSize = 65536
LogOnline: OSS: Creating online subsystem instance for: NULL
LogInit: WinSock: version 1.1 (2.2), MaxSocks=32767, MaxUdp=65467
LogOnline: OSS: TryLoadSubsystemAndSetDefault: Loaded subsystem for module [NULL]
LogInit: Build: ++UE4+Release-4.25-CL-14469661
LogInit: Engine Version: 4.25.4-14469661+++UE4+Release-4.25
LogInit: Compatible Engine Version: 4.25.0-13144385+++UE4+Release-4.25
LogInit: Net CL: 13144385
LogInit: OS: Windows 10 (Release 2009) (), CPU: Intel(R) Core(TM) i7-4770 CPU @ 3.40GHz, GPU: NVIDIA GeForce GTX 1070
LogInit: Compiled (64-bit): Oct 11 2020 08:10:49
LogInit: Compiled with Visual C++: 19.24.28315.00
LogInit: Build Configuration: Development
LogInit: Branch Name: ++UE4+Release-4.25
LogInit: Command Line:  "G:/Unreal Projects/ABWFR_Launcher/ABWFR_Launcher.uproject" -run=GatherText -config=Config/Localization/Game_Gather.ini -EnableSCC -DisableSCCSubmit
LogInit: Base Directory: G:/Program Files/Epic Games/UE_4.25/Engine/Binaries/Win64/
LogInit: Allocator: TBB
LogInit: Installed Engine Build: 1
LogDevObjectVersion: Number of dev versions registered: 26
LogDevObjectVersion:   Dev-Blueprints (B0D832E4-1F89-4F0D-ACCF-7EB736FD4AA2): 10
LogDevObjectVersion:   Dev-Build (E1C64328-A22C-4D53-A36C-8E866417BD8C): 0
LogDevObjectVersion:   Dev-Core (375EC13C-06E4-48FB-B500-84F0262A717E): 4
LogDevObjectVersion:   Dev-Editor (E4B068ED-F494-42E9-A231-DA0B2E46BB41): 38
LogDevObjectVersion:   Dev-Framework (CFFC743F-43B0-4480-9391-14DF171D2073): 37
LogDevObjectVersion:   Dev-Mobile (B02B49B5-BB20-44E9-A304-32B752E40360): 2
LogDevObjectVersion:   Dev-Networking (A4E4105C-59A1-49B5-A7C5-40C4547EDFEE): 0
LogDevObjectVersion:   Dev-Online (39C831C9-5AE6-47DC-9A44-9C173E1C8E7C): 0
LogDevObjectVersion:   Dev-Physics (78F01B33-EBEA-4F98-B9B4-84EACCB95AA2): 4
LogDevObjectVersion:   Dev-Platform (6631380F-2D4D-43E0-8009-CF276956A95A): 0
LogDevObjectVersion:   Dev-Rendering (12F88B9F-8875-4AFC-A67C-D90C383ABD29): 43
LogDevObjectVersion:   Dev-Sequencer (7B5AE74C-D270-4C10-A958-57980B212A5A): 12
LogDevObjectVersion:   Dev-VR (D7296918-1DD6-4BDD-9DE2-64A83CC13884): 3
LogDevObjectVersion:   Dev-LoadTimes (C2A15278-BFE7-4AFE-6C17-90FF531DF755): 1
LogDevObjectVersion:   Private-Geometry (6EACA3D4-40EC-4CC1-B786-8BED09428FC5): 3
LogDevObjectVersion:   Dev-AnimPhys (29E575DD-E0A3-4627-9D10-D276232CDCEA): 17
LogDevObjectVersion:   Dev-Anim (AF43A65D-7FD3-4947-9873-3E8ED9C1BB05): 7
LogDevObjectVersion:   Dev-ReflectionCapture (6B266CEC-1EC7-4B8F-A30B-E4D90942FC07): 1
LogDevObjectVersion:   Dev-Automation (0DF73D61-A23F-47EA-B727-89E90C41499A): 1
LogDevObjectVersion:   FortniteMain (601D1886-AC64-4F84-AA16-D3DE0DEAC7D6): 31
LogDevObjectVersion:   Dev-Enterprise (9DFFBCD6-494F-0158-E221-12823C92A888): 10
LogDevObjectVersion:   Dev-Niagara (F2AED0AC-9AFE-416F-8664-AA7FFA26D6FC): 1
LogDevObjectVersion:   Dev-Destruction (174F1F0B-B4C6-45A5-B13F-2EE8D0FB917D): 10
LogDevObjectVersion:   Dev-Physics-Ext (35F94A83-E258-406C-A318-09F59610247C): 37
LogDevObjectVersion:   Dev-PhysicsMaterial-Chaos (B68FC16E-8B1B-42E2-B453-215C058844FE): 1
LogDevObjectVersion:   Dev-CineCamera (B2E18506-4273-CFC2-A54E-F4BB758BBA07): 1
LogInit: Presizing for max 25165824 objects, including 0 objects not considered by GC, pre-allocating 0 bytes for permanent pool.
LogConfig: Applying CVar settings from Section [/Script/Engine.StreamingSettings] File [G:/Unreal Projects/ABWFR_Launcher/Saved/Config/Windows/Engine.ini]
LogConfig: Setting CVar [[s.MinBulkDataSizeForAsyncLoading:131072]]
LogConfig: Setting CVar [[s.AsyncLoadingThreadEnabled:0]]
LogConfig: Setting CVar [[s.EventDrivenLoaderEnabled:1]]
LogConfig: Setting CVar [[s.WarnIfTimeLimitExceeded:0]]
LogConfig: Setting CVar [[s.TimeLimitExceededMultiplier:1.5]]
LogConfig: Setting CVar [[s.TimeLimitExceededMinTime:0.005]]
LogConfig: Setting CVar [[s.UseBackgroundLevelStreaming:1]]
LogConfig: Setting CVar [[s.PriorityAsyncLoadingExtraTime:15.0]]
LogConfig: Setting CVar [[s.LevelStreamingActorsUpdateTimeLimit:5.0]]
LogConfig: Setting CVar [[s.PriorityLevelStreamingActorsUpdateExtraTime:5.0]]
LogConfig: Setting CVar [[s.LevelStreamingComponentsRegistrationGranularity:10]]
LogConfig: Setting CVar [[s.UnregisterComponentsTimeLimit:1.0]]
LogConfig: Setting CVar [[s.LevelStreamingComponentsUnregistrationGranularity:5]]
LogConfig: Setting CVar [[s.FlushStreamingOnExit:1]]
LogInit: Object subsystem initialized
LogConfig: Setting CVar [[con.DebugEarlyDefault:1]]
LogConfig: Setting CVar [[r.setres:1280x720]]
[2022.05.02-18.28.08:760][  0]LogConfig: Setting CVar [[con.DebugEarlyDefault:1]]
[2022.05.02-18.28.08:760][  0]LogConfig: Setting CVar [[r.setres:1280x720]]
[2022.05.02-18.28.08:760][  0]LogConfig: Applying CVar settings from Section [/Script/Engine.RendererSettings] File [G:/Unreal Projects/ABWFR_Launcher/Saved/Config/Windows/Engine.ini]
[2022.05.02-18.28.08:760][  0]LogConfig: Setting CVar [[r.GPUCrashDebugging:0]]
[2022.05.02-18.28.08:760][  0]LogConfig: Applying CVar settings from Section [/Script/Engine.RendererOverrideSettings] File [G:/Unreal Projects/ABWFR_Launcher/Saved/Config/Windows/Engine.ini]
[2022.05.02-18.28.08:760][  0]LogConfig: Applying CVar settings from Section [/Script/Engine.StreamingSettings] File [G:/Unreal Projects/ABWFR_Launcher/Saved/Config/Windows/Engine.ini]
[2022.05.02-18.28.08:760][  0]LogConfig: Setting CVar [[s.MinBulkDataSizeForAsyncLoading:131072]]
[2022.05.02-18.28.08:760][  0]LogConfig: Setting CVar [[s.AsyncLoadingThreadEnabled:0]]
[2022.05.02-18.28.08:761][  0]LogConfig: Setting CVar [[s.EventDrivenLoaderEnabled:1]]
[2022.05.02-18.28.08:761][  0]LogConfig: Setting CVar [[s.WarnIfTimeLimitExceeded:0]]
[2022.05.02-18.28.08:761][  0]LogConfig: Setting CVar [[s.TimeLimitExceededMultiplier:1.5]]
[2022.05.02-18.28.08:761][  0]LogConfig: Setting CVar [[s.TimeLimitExceededMinTime:0.005]]
[2022.05.02-18.28.08:761][  0]LogConfig: Setting CVar [[s.UseBackgroundLevelStreaming:1]]
[2022.05.02-18.28.08:761][  0]LogConfig: Setting CVar [[s.PriorityAsyncLoadingExtraTime:15.0]]
[2022.05.02-18.28.08:761][  0]LogConfig: Setting CVar [[s.LevelStreamingActorsUpdateTimeLimit:5.0]]
[2022.05.02-18.28.08:761][  0]LogConfig: Setting CVar [[s.PriorityLevelStreamingActorsUpdateExtraTime:5.0]]
[2022.05.02-18.28.08:761][  0]LogConfig: Setting CVar [[s.LevelStreamingComponentsRegistrationGranularity:10]]
[2022.05.02-18.28.08:761][  0]LogConfig: Setting CVar [[s.UnregisterComponentsTimeLimit:1.0]]
[2022.05.02-18.28.08:761][  0]LogConfig: Setting CVar [[s.LevelStreamingComponentsUnregistrationGranularity:5]]
[2022.05.02-18.28.08:761][  0]LogConfig: Setting CVar [[s.FlushStreamingOnExit:1]]
[2022.05.02-18.28.08:761][  0]LogConfig: Applying CVar settings from Section [/Script/Engine.GarbageCollectionSettings] File [G:/Unreal Projects/ABWFR_Launcher/Saved/Config/Windows/Engine.ini]
[2022.05.02-18.28.08:761][  0]LogConfig: Setting CVar [[gc.MaxObjectsNotConsideredByGC:1]]
[2022.05.02-18.28.08:761][  0]LogConfig: Setting CVar [[gc.SizeOfPermanentObjectPool:0]]
[2022.05.02-18.28.08:761][  0]LogConfig: Setting CVar [[gc.FlushStreamingOnGC:0]]
[2022.05.02-18.28.08:761][  0]LogConfig: Setting CVar [[gc.NumRetriesBeforeForcingGC:10]]
[2022.05.02-18.28.08:761][  0]LogConfig: Setting CVar [[gc.AllowParallelGC:1]]
[2022.05.02-18.28.08:761][  0]LogConfig: Setting CVar [[gc.TimeBetweenPurgingPendingKillObjects:61.1]]
[2022.05.02-18.28.08:761][  0]LogConfig: Setting CVar [[gc.MaxObjectsInEditor:25165824]]
[2022.05.02-18.28.08:761][  0]LogConfig: Setting CVar [[gc.IncrementalBeginDestroyEnabled:1]]
[2022.05.02-18.28.08:761][  0]LogConfig: Setting CVar [[gc.CreateGCClusters:1]]
[2022.05.02-18.28.08:761][  0]LogConfig: Setting CVar [[gc.MinGCClusterSize:5]]
[2022.05.02-18.28.08:761][  0]LogConfig: Setting CVar [[gc.ActorClusteringEnabled:0]]
[2022.05.02-18.28.08:761][  0]LogConfig: Setting CVar [[gc.BlueprintClusteringEnabled:0]]
[2022.05.02-18.28.08:761][  0]LogConfig: Setting CVar [[gc.UseDisregardForGCOnDedicatedServers:0]]
[2022.05.02-18.28.08:761][  0]LogConfig: Applying CVar settings from Section [/Script/Engine.NetworkSettings] File [G:/Unreal Projects/ABWFR_Launcher/Saved/Config/Windows/Engine.ini]
[2022.05.02-18.28.08:761][  0]LogConfig: Applying CVar settings from Section [/Script/UnrealEd.CookerSettings] File [G:/Unreal Projects/ABWFR_Launcher/Saved/Config/Windows/Engine.ini]
[2022.05.02-18.28.08:761][  0]LogConfig: Applying CVar settings from Section [ViewDistanceQuality@3] File [G:/Unreal Projects/ABWFR_Launcher/Saved/Config/Windows/Scalability.ini]
[2022.05.02-18.28.08:761][  0]LogConfig: Setting CVar [[r.SkeletalMeshLODBias:0]]
[2022.05.02-18.28.08:761][  0]LogConfig: Setting CVar [[r.ViewDistanceScale:1.0]]
[2022.05.02-18.28.08:761][  0]LogConfig: Applying CVar settings from Section [AntiAliasingQuality@3] File [G:/Unreal Projects/ABWFR_Launcher/Saved/Config/Windows/Scalability.ini]
[2022.05.02-18.28.08:761][  0]LogConfig: Setting CVar [[r.PostProcessAAQuality:4]]
[2022.05.02-18.28.08:761][  0]LogConfig: Applying CVar settings from Section [ShadowQuality@3] File [G:/Unreal Projects/ABWFR_Launcher/Saved/Config/Windows/Scalability.ini]
[2022.05.02-18.28.08:762][  0]LogConfig: Setting CVar [[r.LightFunctionQuality:1]]
[2022.05.02-18.28.08:762][  0]LogConfig: Setting CVar [[r.ShadowQuality:5]]
[2022.05.02-18.28.08:762][  0]LogConfig: Setting CVar [[r.Shadow.CSM.MaxCascades:10]]
[2022.05.02-18.28.08:762][  0]LogConfig: Setting CVar [[r.Shadow.MaxResolution:2048]]
[2022.05.02-18.28.08:762][  0]LogConfig: Setting CVar [[r.Shadow.MaxCSMResolution:2048]]
[2022.05.02-18.28.08:762][  0]LogConfig: Setting CVar [[r.Shadow.RadiusThreshold:0.01]]
[2022.05.02-18.28.08:762][  0]LogConfig: Setting CVar [[r.Shadow.DistanceScale:1.0]]
[2022.05.02-18.28.08:762][  0]LogConfig: Setting CVar [[r.Shadow.CSM.TransitionScale:1.0]]
[2022.05.02-18.28.08:762][  0]LogConfig: Setting CVar [[r.Shadow.PreShadowResolutionFactor:1.0]]
[2022.05.02-18.28.08:762][  0]LogConfig: Setting CVar [[r.DistanceFieldShadowing:1]]
[2022.05.02-18.28.08:762][  0]LogConfig: Setting CVar [[r.DistanceFieldAO:1]]
[2022.05.02-18.28.08:762][  0]LogConfig: Setting CVar [[r.AOQuality:2]]
[2022.05.02-18.28.08:762][  0]LogConfig: Setting CVar [[r.VolumetricFog:1]]
[2022.05.02-18.28.08:762][  0]LogConfig: Setting CVar [[r.VolumetricFog.GridPixelSize:8]]
[2022.05.02-18.28.08:762][  0]LogConfig: Setting CVar [[r.VolumetricFog.GridSizeZ:128]]
[2022.05.02-18.28.08:762][  0]LogConfig: Setting CVar [[r.VolumetricFog.HistoryMissSupersampleCount:4]]
[2022.05.02-18.28.08:762][  0]LogConfig: Setting CVar [[r.LightMaxDrawDistanceScale:1]]
[2022.05.02-18.28.08:762][  0]LogConfig: Setting CVar [[r.CapsuleShadows:1]]
[2022.05.02-18.28.08:762][  0]LogConfig: Applying CVar settings from Section [PostProcessQuality@3] File [G:/Unreal Projects/ABWFR_Launcher/Saved/Config/Windows/Scalability.ini]
[2022.05.02-18.28.08:762][  0]LogConfig: Setting CVar [[r.MotionBlurQuality:4]]
[2022.05.02-18.28.08:762][  0]LogConfig: Setting CVar [[r.AmbientOcclusionMipLevelFactor:0.4]]
[2022.05.02-18.28.08:762][  0]LogConfig: Setting CVar [[r.AmbientOcclusionMaxQuality:100]]
[2022.05.02-18.28.08:762][  0]LogConfig: Setting CVar [[r.AmbientOcclusionLevels:-1]]
[2022.05.02-18.28.08:762][  0]LogConfig: Setting CVar [[r.AmbientOcclusionRadiusScale:1.0]]
[2022.05.02-18.28.08:762][  0]LogConfig: Setting CVar [[r.DepthOfFieldQuality:2]]
[2022.05.02-18.28.08:762][  0]LogConfig: Setting CVar [[r.RenderTargetPoolMin:400]]
[2022.05.02-18.28.08:762][  0]LogConfig: Setting CVar [[r.LensFlareQuality:2]]
[2022.05.02-18.28.08:762][  0]LogConfig: Setting CVar [[r.SceneColorFringeQuality:1]]
[2022.05.02-18.28.08:762][  0]LogConfig: Setting CVar [[r.EyeAdaptationQuality:2]]
[2022.05.02-18.28.08:762][  0]LogConfig: Setting CVar [[r.BloomQuality:5]]
[2022.05.02-18.28.08:762][  0]LogConfig: Setting CVar [[r.FastBlurThreshold:100]]
[2022.05.02-18.28.08:762][  0]LogConfig: Setting CVar [[r.Upscale.Quality:3]]
[2022.05.02-18.28.08:762][  0]LogConfig: Setting CVar [[r.Tonemapper.GrainQuantization:1]]
[2022.05.02-18.28.08:762][  0]LogConfig: Setting CVar [[r.LightShaftQuality:1]]
[2022.05.02-18.28.08:762][  0]LogConfig: Setting CVar [[r.Filter.SizeScale:1]]
[2022.05.02-18.28.08:762][  0]LogConfig: Setting CVar [[r.Tonemapper.Quality:5]]
[2022.05.02-18.28.08:762][  0]LogConfig: Setting CVar [[r.DOF.Gather.AccumulatorQuality:1        ; higher gathering accumulator quality]]
[2022.05.02-18.28.08:762][  0]LogConfig: Setting CVar [[r.DOF.Gather.PostfilterMethod:1          ; Median3x3 postfilering method]]
[2022.05.02-18.28.08:762][  0]LogConfig: Setting CVar [[r.DOF.Gather.EnableBokehSettings:0       ; no bokeh simulation when gathering]]
[2022.05.02-18.28.08:762][  0]LogConfig: Setting CVar [[r.DOF.Gather.RingCount:4                 ; medium number of samples when gathering]]
[2022.05.02-18.28.08:762][  0]LogConfig: Setting CVar [[r.DOF.Scatter.ForegroundCompositing:1    ; additive foreground scattering]]
[2022.05.02-18.28.08:762][  0]LogConfig: Setting CVar [[r.DOF.Scatter.BackgroundCompositing:2    ; additive background scattering]]
[2022.05.02-18.28.08:762][  0]LogConfig: Setting CVar [[r.DOF.Scatter.EnableBokehSettings:1      ; bokeh simulation when scattering]]
[2022.05.02-18.28.08:762][  0]LogConfig: Setting CVar [[r.DOF.Scatter.MaxSpriteRatio:0.1         ; only a maximum of 10% of scattered bokeh]]
[2022.05.02-18.28.08:763][  0]LogConfig: Setting CVar [[r.DOF.Recombine.Quality:1                ; cheap slight out of focus]]
[2022.05.02-18.28.08:763][  0]LogConfig: Setting CVar [[r.DOF.Recombine.EnableBokehSettings:0    ; no bokeh simulation on slight out of focus]]
[2022.05.02-18.28.08:763][  0]LogConfig: Setting CVar [[r.DOF.TemporalAAQuality:1                ; more stable temporal accumulation]]
[2022.05.02-18.28.08:763][  0]LogConfig: Setting CVar [[r.DOF.Kernel.MaxForegroundRadius:0.025]]
[2022.05.02-18.28.08:763][  0]LogConfig: Setting CVar [[r.DOF.Kernel.MaxBackgroundRadius:0.025]]
[2022.05.02-18.28.08:763][  0]LogConfig: Applying CVar settings from Section [TextureQuality@3] File [G:/Unreal Projects/ABWFR_Launcher/Saved/Config/Windows/Scalability.ini]
[2022.05.02-18.28.08:763][  0]LogConfig: Setting CVar [[r.Streaming.MipBias:0]]
[2022.05.02-18.28.08:763][  0]LogConfig: Setting CVar [[r.Streaming.AmortizeCPUToGPUCopy:0]]
[2022.05.02-18.28.08:763][  0]LogConfig: Setting CVar [[r.Streaming.MaxNumTexturesToStreamPerFrame:0]]
[2022.05.02-18.28.08:763][  0]LogConfig: Setting CVar [[r.Streaming.Boost:1]]
[2022.05.02-18.28.08:763][  0]LogConfig: Setting CVar [[r.MaxAnisotropy:8]]
[2022.05.02-18.28.08:763][  0]LogConfig: Setting CVar [[r.VT.MaxAnisotropy:8]]
[2022.05.02-18.28.08:763][  0]LogConfig: Setting CVar [[r.Streaming.LimitPoolSizeToVRAM:0]]
[2022.05.02-18.28.08:763][  0]LogConfig: Setting CVar [[r.Streaming.PoolSize:1000]]
[2022.05.02-18.28.08:763][  0]LogConfig: Setting CVar [[r.Streaming.MaxEffectiveScreenSize:0]]
[2022.05.02-18.28.08:763][  0]LogConfig: Applying CVar settings from Section [EffectsQuality@3] File [G:/Unreal Projects/ABWFR_Launcher/Saved/Config/Windows/Scalability.ini]
[2022.05.02-18.28.08:763][  0]LogConfig: Setting CVar [[r.TranslucencyLightingVolumeDim:64]]
[2022.05.02-18.28.08:763][  0]LogConfig: Setting CVar [[r.RefractionQuality:2]]
[2022.05.02-18.28.08:763][  0]LogConfig: Setting CVar [[r.SSR.Quality:3]]
[2022.05.02-18.28.08:763][  0]LogConfig: Setting CVar [[r.SSR.HalfResSceneColor:0]]
[2022.05.02-18.28.08:763][  0]LogConfig: Setting CVar [[r.SceneColorFormat:4]]
[2022.05.02-18.28.08:763][  0]LogConfig: Setting CVar [[r.DetailMode:2]]
[2022.05.02-18.28.08:763][  0]LogConfig: Setting CVar [[r.TranslucencyVolumeBlur:1]]
[2022.05.02-18.28.08:763][  0]LogConfig: Setting CVar [[r.MaterialQualityLevel:1 ; High quality]]
[2022.05.02-18.28.08:763][  0]LogConfig: Setting CVar [[r.SSS.Scale:1]]
[2022.05.02-18.28.08:763][  0]LogConfig: Setting CVar [[r.SSS.SampleSet:2]]
[2022.05.02-18.28.08:763][  0]LogConfig: Setting CVar [[r.SSS.Quality:1]]
[2022.05.02-18.28.08:763][  0]LogConfig: Setting CVar [[r.SSS.HalfRes:0]]
[2022.05.02-18.28.08:763][  0]LogConfig: Setting CVar [[r.SSGI.Quality:3]]
[2022.05.02-18.28.08:763][  0]LogConfig: Setting CVar [[r.EmitterSpawnRateScale:1.0]]
[2022.05.02-18.28.08:763][  0]LogConfig: Setting CVar [[r.ParticleLightQuality:2]]
[2022.05.02-18.28.08:763][  0]LogConfig: Setting CVar [[r.SkyAtmosphere.AerialPerspectiveLUT.FastApplyOnOpaque:1 ; Always have FastSkyLUT 1 in this case to avoid wrong sky]]
[2022.05.02-18.28.08:763][  0]LogConfig: Setting CVar [[r.SkyAtmosphere.AerialPerspectiveLUT.SampleCountPerSlice:1]]
[2022.05.02-18.28.08:763][  0]LogConfig: Setting CVar [[r.SkyAtmosphere.AerialPerspectiveLUT.DepthResolution:16.0]]
[2022.05.02-18.28.08:763][  0]LogConfig: Setting CVar [[r.SkyAtmosphere.FastSkyLUT:1]]
[2022.05.02-18.28.08:763][  0]LogConfig: Setting CVar [[r.SkyAtmosphere.FastSkyLUT.SampleCountMin:4.0]]
[2022.05.02-18.28.08:763][  0]LogConfig: Setting CVar [[r.SkyAtmosphere.FastSkyLUT.SampleCountMax:32.0]]
[2022.05.02-18.28.08:763][  0]LogConfig: Setting CVar [[r.SkyAtmosphere.SampleCountMin:4.0]]
[2022.05.02-18.28.08:763][  0]LogConfig: Setting CVar [[r.SkyAtmosphere.SampleCountMax:32.0]]
[2022.05.02-18.28.08:763][  0]LogConfig: Setting CVar [[r.SkyAtmosphere.TransmittanceLUT.UseSmallFormat:0]]
[2022.05.02-18.28.08:763][  0]LogConfig: Setting CVar [[r.SkyAtmosphere.TransmittanceLUT.SampleCount:10.0]]
[2022.05.02-18.28.08:763][  0]LogConfig: Setting CVar [[r.SkyAtmosphere.MultiScatteringLUT.SampleCount:15.0]]
[2022.05.02-18.28.08:763][  0]LogConfig: Applying CVar settings from Section [FoliageQuality@3] File [G:/Unreal Projects/ABWFR_Launcher/Saved/Config/Windows/Scalability.ini]
[2022.05.02-18.28.08:764][  0]LogConfig: Setting CVar [[foliage.DensityScale:1.0]]
[2022.05.02-18.28.08:764][  0]LogConfig: Setting CVar [[grass.DensityScale:1.0]]
[2022.05.02-18.28.08:764][  0]LogConfig: Applying CVar settings from Section [ShadingQuality@3] File [G:/Unreal Projects/ABWFR_Launcher/Saved/Config/Windows/Scalability.ini]
[2022.05.02-18.28.08:764][  0]LogConfig: Setting CVar [[r.HairStrands.SkyLighting.SampleCount:16]]
[2022.05.02-18.28.08:764][  0]LogConfig: Setting CVar [[r.HairStrands.SkyLighting.JitterIntegration:0]]
[2022.05.02-18.28.08:764][  0]LogConfig: Setting CVar [[r.HairStrands.SkyAO.SampleCount:16]]
[2022.05.02-18.28.08:764][  0]LogConfig: Setting CVar [[r.HairStrands.DeepShadow.SuperSampling:0]]
[2022.05.02-18.28.08:764][  0]LogConfig: Setting CVar [[r.HairStrands.VisibilityPPLL:0]]
[2022.05.02-18.28.08:764][  0]LogConfig: Setting CVar [[r.HairStrands.RasterizationScale:0.5]]
[2022.05.02-18.28.08:764][  0]LogConfig: Setting CVar [[r.HairStrands.VelocityRasterizationScale:1]]
[2022.05.02-18.28.08:768][  0]LogInit: Selected Device Profile: [Windows]
[2022.05.02-18.28.08:768][  0]LogInit: Applying CVar settings loaded from the selected device profile: [Windows]
[2022.05.02-18.28.08:768][  0]LogHAL: Display: Platform has ~ 24 GB [25659351040 / 34359738368 / 24], which maps to Larger [LargestMinGB=32, LargerMinGB=12, DefaultMinGB=8, SmallerMinGB=6, SmallestMinGB=0)
[2022.05.02-18.28.08:768][  0]LogInit: Going up to parent DeviceProfile []
[2022.05.02-18.28.08:768][  0]LogConfig: Applying CVar settings from Section [ViewDistanceQuality@3] File [G:/Unreal Projects/ABWFR_Launcher/Saved/Config/Windows/Scalability.ini]
[2022.05.02-18.28.08:768][  0]LogConfig: Setting CVar [[r.SkeletalMeshLODBias:0]]
[2022.05.02-18.28.08:768][  0]LogConfig: Setting CVar [[r.ViewDistanceScale:1.0]]
[2022.05.02-18.28.08:768][  0]LogConfig: Applying CVar settings from Section [AntiAliasingQuality@3] File [G:/Unreal Projects/ABWFR_Launcher/Saved/Config/Windows/Scalability.ini]
[2022.05.02-18.28.08:768][  0]LogConfig: Setting CVar [[r.PostProcessAAQuality:4]]
[2022.05.02-18.28.08:768][  0]LogConfig: Applying CVar settings from Section [ShadowQuality@3] File [G:/Unreal Projects/ABWFR_Launcher/Saved/Config/Windows/Scalability.ini]
[2022.05.02-18.28.08:768][  0]LogConfig: Setting CVar [[r.LightFunctionQuality:1]]
[2022.05.02-18.28.08:768][  0]LogConfig: Setting CVar [[r.ShadowQuality:5]]
[2022.05.02-18.28.08:768][  0]LogConfig: Setting CVar [[r.Shadow.CSM.MaxCascades:10]]
[2022.05.02-18.28.08:768][  0]LogConfig: Setting CVar [[r.Shadow.MaxResolution:2048]]
[2022.05.02-18.28.08:768][  0]LogConfig: Setting CVar [[r.Shadow.MaxCSMResolution:2048]]
[2022.05.02-18.28.08:768][  0]LogConfig: Setting CVar [[r.Shadow.RadiusThreshold:0.01]]
[2022.05.02-18.28.08:769][  0]LogConfig: Setting CVar [[r.Shadow.DistanceScale:1.0]]
[2022.05.02-18.28.08:769][  0]LogConfig: Setting CVar [[r.Shadow.CSM.TransitionScale:1.0]]
[2022.05.02-18.28.08:769][  0]LogConfig: Setting CVar [[r.Shadow.PreShadowResolutionFactor:1.0]]
[2022.05.02-18.28.08:769][  0]LogConfig: Setting CVar [[r.DistanceFieldShadowing:1]]
[2022.05.02-18.28.08:769][  0]LogConfig: Setting CVar [[r.DistanceFieldAO:1]]
[2022.05.02-18.28.08:769][  0]LogConfig: Setting CVar [[r.AOQuality:2]]
[2022.05.02-18.28.08:769][  0]LogConfig: Setting CVar [[r.VolumetricFog:1]]
[2022.05.02-18.28.08:769][  0]LogConfig: Setting CVar [[r.VolumetricFog.GridPixelSize:8]]
[2022.05.02-18.28.08:769][  0]LogConfig: Setting CVar [[r.VolumetricFog.GridSizeZ:128]]
[2022.05.02-18.28.08:769][  0]LogConfig: Setting CVar [[r.VolumetricFog.HistoryMissSupersampleCount:4]]
[2022.05.02-18.28.08:769][  0]LogConfig: Setting CVar [[r.LightMaxDrawDistanceScale:1]]
[2022.05.02-18.28.08:769][  0]LogConfig: Setting CVar [[r.CapsuleShadows:1]]
[2022.05.02-18.28.08:769][  0]LogConfig: Applying CVar settings from Section [PostProcessQuality@3] File [G:/Unreal Projects/ABWFR_Launcher/Saved/Config/Windows/Scalability.ini]
[2022.05.02-18.28.08:769][  0]LogConfig: Setting CVar [[r.MotionBlurQuality:4]]
[2022.05.02-18.28.08:769][  0]LogConfig: Setting CVar [[r.AmbientOcclusionMipLevelFactor:0.4]]
[2022.05.02-18.28.08:769][  0]LogConfig: Setting CVar [[r.AmbientOcclusionMaxQuality:100]]
[2022.05.02-18.28.08:769][  0]LogConfig: Setting CVar [[r.AmbientOcclusionLevels:-1]]
[2022.05.02-18.28.08:769][  0]LogConfig: Setting CVar [[r.AmbientOcclusionRadiusScale:1.0]]
[2022.05.02-18.28.08:769][  0]LogConfig: Setting CVar [[r.DepthOfFieldQuality:2]]
[2022.05.02-18.28.08:769][  0]LogConfig: Setting CVar [[r.RenderTargetPoolMin:400]]
[2022.05.02-18.28.08:769][  0]LogConfig: Setting CVar [[r.LensFlareQuality:2]]
[2022.05.02-18.28.08:769][  0]LogConfig: Setting CVar [[r.SceneColorFringeQuality:1]]
[2022.05.02-18.28.08:769][  0]LogConfig: Setting CVar [[r.EyeAdaptationQuality:2]]
[2022.05.02-18.28.08:769][  0]LogConfig: Setting CVar [[r.BloomQuality:5]]
[2022.05.02-18.28.08:769][  0]LogConfig: Setting CVar [[r.FastBlurThreshold:100]]
[2022.05.02-18.28.08:769][  0]LogConfig: Setting CVar [[r.Upscale.Quality:3]]
[2022.05.02-18.28.08:769][  0]LogConfig: Setting CVar [[r.Tonemapper.GrainQuantization:1]]
[2022.05.02-18.28.08:769][  0]LogConfig: Setting CVar [[r.LightShaftQuality:1]]
[2022.05.02-18.28.08:769][  0]LogConfig: Setting CVar [[r.Filter.SizeScale:1]]
[2022.05.02-18.28.08:769][  0]LogConfig: Setting CVar [[r.Tonemapper.Quality:5]]
[2022.05.02-18.28.08:769][  0]LogConfig: Setting CVar [[r.DOF.Gather.AccumulatorQuality:1        ; higher gathering accumulator quality]]
[2022.05.02-18.28.08:769][  0]LogConfig: Setting CVar [[r.DOF.Gather.PostfilterMethod:1          ; Median3x3 postfilering method]]
[2022.05.02-18.28.08:769][  0]LogConfig: Setting CVar [[r.DOF.Gather.EnableBokehSettings:0       ; no bokeh simulation when gathering]]
[2022.05.02-18.28.08:769][  0]LogConfig: Setting CVar [[r.DOF.Gather.RingCount:4                 ; medium number of samples when gathering]]
[2022.05.02-18.28.08:769][  0]LogConfig: Setting CVar [[r.DOF.Scatter.ForegroundCompositing:1    ; additive foreground scattering]]
[2022.05.02-18.28.08:769][  0]LogConfig: Setting CVar [[r.DOF.Scatter.BackgroundCompositing:2    ; additive background scattering]]
[2022.05.02-18.28.08:769][  0]LogConfig: Setting CVar [[r.DOF.Scatter.EnableBokehSettings:1      ; bokeh simulation when scattering]]
[2022.05.02-18.28.08:769][  0]LogConfig: Setting CVar [[r.DOF.Scatter.MaxSpriteRatio:0.1         ; only a maximum of 10% of scattered bokeh]]
[2022.05.02-18.28.08:769][  0]LogConfig: Setting CVar [[r.DOF.Recombine.Quality:1                ; cheap slight out of focus]]
[2022.05.02-18.28.08:770][  0]LogConfig: Setting CVar [[r.DOF.Recombine.EnableBokehSettings:0    ; no bokeh simulation on slight out of focus]]
[2022.05.02-18.28.08:770][  0]LogConfig: Setting CVar [[r.DOF.TemporalAAQuality:1                ; more stable temporal accumulation]]
[2022.05.02-18.28.08:770][  0]LogConfig: Setting CVar [[r.DOF.Kernel.MaxForegroundRadius:0.025]]
[2022.05.02-18.28.08:770][  0]LogConfig: Setting CVar [[r.DOF.Kernel.MaxBackgroundRadius:0.025]]
[2022.05.02-18.28.08:770][  0]LogConfig: Applying CVar settings from Section [TextureQuality@3] File [G:/Unreal Projects/ABWFR_Launcher/Saved/Config/Windows/Scalability.ini]
[2022.05.02-18.28.08:770][  0]LogConfig: Setting CVar [[r.Streaming.MipBias:0]]
[2022.05.02-18.28.08:770][  0]LogConfig: Setting CVar [[r.Streaming.AmortizeCPUToGPUCopy:0]]
[2022.05.02-18.28.08:770][  0]LogConfig: Setting CVar [[r.Streaming.MaxNumTexturesToStreamPerFrame:0]]
[2022.05.02-18.28.08:770][  0]LogConfig: Setting CVar [[r.Streaming.Boost:1]]
[2022.05.02-18.28.08:770][  0]LogConfig: Setting CVar [[r.MaxAnisotropy:8]]
[2022.05.02-18.28.08:770][  0]LogConfig: Setting CVar [[r.VT.MaxAnisotropy:8]]
[2022.05.02-18.28.08:770][  0]LogConfig: Setting CVar [[r.Streaming.LimitPoolSizeToVRAM:0]]
[2022.05.02-18.28.08:770][  0]LogConfig: Setting CVar [[r.Streaming.PoolSize:1000]]
[2022.05.02-18.28.08:770][  0]LogConfig: Setting CVar [[r.Streaming.MaxEffectiveScreenSize:0]]
[2022.05.02-18.28.08:770][  0]LogConfig: Applying CVar settings from Section [EffectsQuality@3] File [G:/Unreal Projects/ABWFR_Launcher/Saved/Config/Windows/Scalability.ini]
[2022.05.02-18.28.08:770][  0]LogConfig: Setting CVar [[r.TranslucencyLightingVolumeDim:64]]
[2022.05.02-18.28.08:770][  0]LogConfig: Setting CVar [[r.RefractionQuality:2]]
[2022.05.02-18.28.08:770][  0]LogConfig: Setting CVar [[r.SSR.Quality:3]]
[2022.05.02-18.28.08:770][  0]LogConfig: Setting CVar [[r.SSR.HalfResSceneColor:0]]
[2022.05.02-18.28.08:770][  0]LogConfig: Setting CVar [[r.SceneColorFormat:4]]
[2022.05.02-18.28.08:770][  0]LogConfig: Setting CVar [[r.DetailMode:2]]
[2022.05.02-18.28.08:770][  0]LogConfig: Setting CVar [[r.TranslucencyVolumeBlur:1]]
[2022.05.02-18.28.08:770][  0]LogConfig: Setting CVar [[r.MaterialQualityLevel:1 ; High quality]]
[2022.05.02-18.28.08:770][  0]LogConfig: Setting CVar [[r.SSS.Scale:1]]
[2022.05.02-18.28.08:770][  0]LogConfig: Setting CVar [[r.SSS.SampleSet:2]]
[2022.05.02-18.28.08:770][  0]LogConfig: Setting CVar [[r.SSS.Quality:1]]
[2022.05.02-18.28.08:770][  0]LogConfig: Setting CVar [[r.SSS.HalfRes:0]]
[2022.05.02-18.28.08:770][  0]LogConfig: Setting CVar [[r.SSGI.Quality:3]]
[2022.05.02-18.28.08:770][  0]LogConfig: Setting CVar [[r.EmitterSpawnRateScale:1.0]]
[2022.05.02-18.28.08:770][  0]LogConfig: Setting CVar [[r.ParticleLightQuality:2]]
[2022.05.02-18.28.08:770][  0]LogConfig: Setting CVar [[r.SkyAtmosphere.AerialPerspectiveLUT.FastApplyOnOpaque:1 ; Always have FastSkyLUT 1 in this case to avoid wrong sky]]
[2022.05.02-18.28.08:770][  0]LogConfig: Setting CVar [[r.SkyAtmosphere.AerialPerspectiveLUT.SampleCountPerSlice:1]]
[2022.05.02-18.28.08:770][  0]LogConfig: Setting CVar [[r.SkyAtmosphere.AerialPerspectiveLUT.DepthResolution:16.0]]
[2022.05.02-18.28.08:770][  0]LogConfig: Setting CVar [[r.SkyAtmosphere.FastSkyLUT:1]]
[2022.05.02-18.28.08:770][  0]LogConfig: Setting CVar [[r.SkyAtmosphere.FastSkyLUT.SampleCountMin:4.0]]
[2022.05.02-18.28.08:770][  0]LogConfig: Setting CVar [[r.SkyAtmosphere.FastSkyLUT.SampleCountMax:32.0]]
[2022.05.02-18.28.08:770][  0]LogConfig: Setting CVar [[r.SkyAtmosphere.SampleCountMin:4.0]]
[2022.05.02-18.28.08:770][  0]LogConfig: Setting CVar [[r.SkyAtmosphere.SampleCountMax:32.0]]
[2022.05.02-18.28.08:770][  0]LogConfig: Setting CVar [[r.SkyAtmosphere.TransmittanceLUT.UseSmallFormat:0]]
[2022.05.02-18.28.08:770][  0]LogConfig: Setting CVar [[r.SkyAtmosphere.TransmittanceLUT.SampleCount:10.0]]
[2022.05.02-18.28.08:770][  0]LogConfig: Setting CVar [[r.SkyAtmosphere.MultiScatteringLUT.SampleCount:15.0]]
[2022.05.02-18.28.08:770][  0]LogConfig: Applying CVar settings from Section [FoliageQuality@3] File [G:/Unreal Projects/ABWFR_Launcher/Saved/Config/Windows/Scalability.ini]
[2022.05.02-18.28.08:770][  0]LogConfig: Setting CVar [[foliage.DensityScale:1.0]]
[2022.05.02-18.28.08:770][  0]LogConfig: Setting CVar [[grass.DensityScale:1.0]]
[2022.05.02-18.28.08:770][  0]LogConfig: Applying CVar settings from Section [ShadingQuality@3] File [G:/Unreal Projects/ABWFR_Launcher/Saved/Config/Windows/Scalability.ini]
[2022.05.02-18.28.08:770][  0]LogConfig: Setting CVar [[r.HairStrands.SkyLighting.SampleCount:16]]
[2022.05.02-18.28.08:770][  0]LogConfig: Setting CVar [[r.HairStrands.SkyLighting.JitterIntegration:0]]
[2022.05.02-18.28.08:770][  0]LogConfig: Setting CVar [[r.HairStrands.SkyAO.SampleCount:16]]
[2022.05.02-18.28.08:770][  0]LogConfig: Setting CVar [[r.HairStrands.DeepShadow.SuperSampling:0]]
[2022.05.02-18.28.08:770][  0]LogConfig: Setting CVar [[r.HairStrands.VisibilityPPLL:0]]
[2022.05.02-18.28.08:770][  0]LogConfig: Setting CVar [[r.HairStrands.RasterizationScale:0.5]]
[2022.05.02-18.28.08:770][  0]LogConfig: Setting CVar [[r.HairStrands.VelocityRasterizationScale:1]]
[2022.05.02-18.28.08:770][  0]LogConfig: Applying CVar settings from Section [Startup] File [../../../Engine/Config/ConsoleVariables.ini]
[2022.05.02-18.28.08:771][  0]LogConfig: Setting CVar [[net.UseAdaptiveNetUpdateFrequency:0]]
[2022.05.02-18.28.08:771][  0]LogConfig: Setting CVar [[p.chaos.AllowCreatePhysxBodies:1]]
[2022.05.02-18.28.08:771][  0]LogConfig: Applying CVar settings from Section [ConsoleVariables] File [G:/Unreal Projects/ABWFR_Launcher/Saved/Config/Windows/Engine.ini]
[2022.05.02-18.28.08:772][  0]LogInit: Computer: DESKTOP-DG81CJS
[2022.05.02-18.28.08:772][  0]LogInit: User: Alyx
[2022.05.02-18.28.08:772][  0]LogInit: CPU Page size=4096, Cores=4
[2022.05.02-18.28.08:772][  0]LogInit: High frequency timer resolution =10.000000 MHz
[2022.05.02-18.28.08:772][  0]LogMemory: Memory total: Physical=23.9GB (24GB approx)
[2022.05.02-18.28.08:772][  0]LogMemory: Platform Memory Stats for Windows
[2022.05.02-18.28.08:772][  0]LogMemory: Process Physical Memory: 112.33 MB used, 112.33 MB peak
[2022.05.02-18.28.08:772][  0]LogMemory: Process Virtual Memory: 95.66 MB used, 95.66 MB peak
[2022.05.02-18.28.08:772][  0]LogMemory: Physical Memory: 11206.91 MB used,  13263.76 MB free, 24470.66 MB total
[2022.05.02-18.28.08:772][  0]LogMemory: Virtual Memory: 5140.43 MB used,  134212584.00 MB free, 134217728.00 MB total
[2022.05.02-18.28.08:781][  0]LogWindows: WindowsPlatformFeatures enabled
[2022.05.02-18.28.08:884][  0]LogInit: Physics initialised using underlying interface: PhysX
[2022.05.02-18.28.08:884][  0]LogInit: Using OS detected language (fr-FR).
[2022.05.02-18.28.08:884][  0]LogInit: Using OS detected locale (fr-FR).
[2022.05.02-18.28.08:888][  0]LogTextLocalizationManager: No specific localization for 'fr-FR' exists, so the 'fr' localization will be used.
[2022.05.02-18.28.08:889][  0]LogTextLocalizationResource: LocRes '../../../Engine/Content/Localization/Editor/fr/Editor.locres' could not be opened for reading!
[2022.05.02-18.28.08:889][  0]LogTextLocalizationResource: LocRes '../../../Engine/Content/Localization/EditorTutorials/fr/EditorTutorials.locres' could not be opened for reading!
[2022.05.02-18.28.08:889][  0]LogTextLocalizationResource: LocRes '../../../Engine/Content/Localization/Keywords/fr/Keywords.locres' could not be opened for reading!
[2022.05.02-18.28.08:889][  0]LogTextLocalizationResource: LocRes '../../../Engine/Content/Localization/Category/fr/Category.locres' could not be opened for reading!
[2022.05.02-18.28.08:890][  0]LogTextLocalizationResource: LocRes '../../../Engine/Content/Localization/ToolTips/fr/ToolTips.locres' could not be opened for reading!
[2022.05.02-18.28.08:890][  0]LogTextLocalizationResource: LocRes '../../../Engine/Content/Localization/PropertyNames/fr/PropertyNames.locres' could not be opened for reading!
[2022.05.02-18.28.08:890][  0]LogTextLocalizationResource: LocRes '../../../Engine/Content/Localization/Engine/fr/Engine.locres' could not be opened for reading!
[2022.05.02-18.28.10:255][  0]LogTargetPlatformManager: Display: Loaded TargetPlatform 'AllDesktop'
[2022.05.02-18.28.10:287][  0]LogTargetPlatformManager: Display: Loaded TargetPlatform 'Android'
[2022.05.02-18.28.10:287][  0]LogTargetPlatformManager: Display: Loaded TargetPlatform 'Android_ASTC'
[2022.05.02-18.28.10:287][  0]LogTargetPlatformManager: Display: Loaded TargetPlatform 'Android_DXT'
[2022.05.02-18.28.10:287][  0]LogTargetPlatformManager: Display: Loaded TargetPlatform 'Android_ETC2'
[2022.05.02-18.28.10:287][  0]LogTargetPlatformManager: Display: Loaded TargetPlatform 'AndroidClient'
[2022.05.02-18.28.10:287][  0]LogTargetPlatformManager: Display: Loaded TargetPlatform 'Android_ASTCClient'
[2022.05.02-18.28.10:287][  0]LogTargetPlatformManager: Display: Loaded TargetPlatform 'Android_DXTClient'
[2022.05.02-18.28.10:287][  0]LogTargetPlatformManager: Display: Loaded TargetPlatform 'Android_ETC2Client'
[2022.05.02-18.28.10:287][  0]LogTargetPlatformManager: Display: Loaded TargetPlatform 'Android_Multi'
[2022.05.02-18.28.10:287][  0]LogTargetPlatformManager: Display: Loaded TargetPlatform 'Android_MultiClient'
[2022.05.02-18.28.10:332][  0]LogTargetPlatformManager: Display: Loaded TargetPlatform 'IOSClient'
[2022.05.02-18.28.10:332][  0]LogTargetPlatformManager: Display: Loaded TargetPlatform 'IOS'
[2022.05.02-18.28.10:348][  0]LogTargetPlatformManager: Display: Loaded TargetPlatform 'Linux'
[2022.05.02-18.28.10:362][  0]LogTargetPlatformManager: Display: Loaded TargetPlatform 'LinuxNoEditor'
[2022.05.02-18.28.10:377][  0]LogTargetPlatformManager: Display: Loaded TargetPlatform 'LinuxClient'
[2022.05.02-18.28.10:395][  0]LogTargetPlatformManager: Display: Loaded TargetPlatform 'LinuxServer'
[2022.05.02-18.28.10:410][  0]LogTargetPlatformManager: Display: Loaded TargetPlatform 'LinuxAArch64NoEditor'
[2022.05.02-18.28.10:427][  0]LogTargetPlatformManager: Display: Loaded TargetPlatform 'LinuxAArch64Client'
[2022.05.02-18.28.10:446][  0]LogTargetPlatformManager: Display: Loaded TargetPlatform 'LinuxAArch64Server'
[2022.05.02-18.28.10:489][  0]LogTargetPlatformManager: Display: Loaded TargetPlatform 'Lumin'
[2022.05.02-18.28.10:489][  0]LogTargetPlatformManager: Display: Loaded TargetPlatform 'LuminClient'
[2022.05.02-18.28.10:521][  0]LogTargetPlatformManager: Display: Loaded TargetPlatform 'TVOSClient'
[2022.05.02-18.28.10:521][  0]LogTargetPlatformManager: Display: Loaded TargetPlatform 'TVOS'
[2022.05.02-18.28.10:537][  0]LogTargetPlatformManager: Display: Loaded TargetPlatform 'WindowsNoEditor'
[2022.05.02-18.28.10:552][  0]LogTargetPlatformManager: Display: Loaded TargetPlatform 'Windows'
[2022.05.02-18.28.10:566][  0]LogTargetPlatformManager: Display: Loaded TargetPlatform 'WindowsClient'
[2022.05.02-18.28.10:581][  0]LogTargetPlatformManager: Display: Loaded TargetPlatform 'WindowsServer'
[2022.05.02-18.28.10:581][  0]LogTargetPlatformManager: Display: Building Assets For Windows
[2022.05.02-18.28.10:591][  0]LogAudioDebug: Display: Lib vorbis DLL was dynamically loaded.
[2022.05.02-18.28.10:686][  0]LogShaderCompilers: Guid format shader working directory is -4 characters bigger than the processId version (../../../../../../Unreal Projects/ABWFR_Launcher/Intermediate/Shaders/WorkingDirectory/18420/).
[2022.05.02-18.28.10:687][  0]LogShaderCompilers: Cleaned the shader compiler working directory 'C:/Users/Alyx/AppData/Local/Temp/UnrealShaderWorkingDir/FFB8EE1244ABD258D9FE888A565923AE/'.
[2022.05.02-18.28.10:687][  0]LogXGEController: Cannot use XGE Controller as Incredibuild is not installed on this machine.
[2022.05.02-18.28.10:688][  0]LogShaderCompilers: Cannot use XGE Shader Compiler as Incredibuild is not installed on this machine.
[2022.05.02-18.28.10:688][  0]LogShaderCompilers: Display: Using Local Shader Compiler.
[2022.05.02-18.28.11:714][  0]LogDerivedDataCache: Display: Max Cache Size: 512 MB
[2022.05.02-18.28.11:802][  0]LogDerivedDataCache: Loaded boot cache 0.09s 74MB C:/Users/Alyx/AppData/Local/UnrealEngine/4.25/DerivedDataCache/Boot.ddc.
[2022.05.02-18.28.11:802][  0]LogDerivedDataCache: Display: Loaded Boot cache: C:/Users/Alyx/AppData/Local/UnrealEngine/4.25/DerivedDataCache/Boot.ddc
[2022.05.02-18.28.11:802][  0]LogDerivedDataCache: FDerivedDataBackendGraph:  Pak pak cache file ../../../../../../Unreal Projects/ABWFR_Launcher/DerivedDataCache/DDC.ddp not found, will not use a pak cache.
[2022.05.02-18.28.11:802][  0]LogDerivedDataCache: Unable to find inner node Pak for hierarchical cache Hierarchy.
[2022.05.02-18.28.11:802][  0]LogDerivedDataCache: FDerivedDataBackendGraph:  CompressedPak pak cache file ../../../../../../Unreal Projects/ABWFR_Launcher/DerivedDataCache/Compressed.ddp not found, will not use a pak cache.
[2022.05.02-18.28.11:802][  0]LogDerivedDataCache: Unable to find inner node CompressedPak for hierarchical cache Hierarchy.
[2022.05.02-18.28.11:814][  0]LogDerivedDataCache: Display: Pak cache opened for reading ../../../Engine/DerivedDataCache/Compressed.ddp.
[2022.05.02-18.28.11:815][  0]LogDerivedDataCache: FDerivedDataBackendGraph:  EnterprisePak pak cache file ../../../Enterprise/DerivedDataCache/Compressed.ddp not found, will not use a pak cache.
[2022.05.02-18.28.11:815][  0]LogDerivedDataCache: Unable to find inner node EnterprisePak for hierarchical cache Hierarchy.
[2022.05.02-18.28.11:816][  0]LogDerivedDataCache: Using Local data cache path C:/Users/Alyx/AppData/Local/UnrealEngine/Common/DerivedDataCache: Writable
[2022.05.02-18.28.11:816][  0]LogDerivedDataCache: Shared data cache path not found in *engine.ini, will not use an Shared cache.
[2022.05.02-18.28.11:816][  0]LogDerivedDataCache: Unable to find inner node Shared for hierarchical cache Hierarchy.
[2022.05.02-18.28.12:030][  0]LogAssetRegistry: FAssetRegistry took 0.0027 seconds to start up
[2022.05.02-18.28.12:338][  0]LogInit: Selected Device Profile: [Windows]
[2022.05.02-18.28.12:397][  0]LogMeshReduction: Using QuadricMeshReduction for automatic static mesh reduction
[2022.05.02-18.28.12:397][  0]LogMeshReduction: Using SimplygonMeshReduction for automatic skeletal mesh reduction
[2022.05.02-18.28.12:397][  0]LogMeshReduction: Using ProxyLODMeshReduction for automatic mesh merging
[2022.05.02-18.28.12:397][  0]LogMeshReduction: No distributed automatic mesh merging module available
[2022.05.02-18.28.12:397][  0]LogMeshMerging: No distributed automatic mesh merging module available
[2022.05.02-18.28.12:406][  0]LogNetVersion: ABWFR_Launcher 1.0.0, NetCL: 13144385, EngineNetVer: 14, GameNetVer: 0 (Checksum: 3103893048)
[2022.05.02-18.28.12:621][  0]LogAISub: UAISubsystem::UAISubsystem AISubsystem (00000200DC97A900), frame # 0
[2022.05.02-18.28.12:621][  0]LogAISub: UAISubsystem::UAISubsystem AIPerceptionSystem (00000200DC9956C0), frame # 0
[2022.05.02-18.28.12:622][  0]LogAISub: UAISubsystem::UAISubsystem EnvQueryManager (00000200DC9A1400), frame # 0
[2022.05.02-18.28.12:699][  0]LogPackageLocalizationCache: Processed 13 localized package path(s) for 1 prioritized culture(s) in 0.044793 seconds
[2022.05.02-18.28.12:791][  0]LogCollectionManager: Loaded 0 collections in 0.001234 seconds
[2022.05.02-18.28.12:795][  0]LogFileCache: Scanning file cache for directory 'G:/Unreal Projects/ABWFR_Launcher/Saved/Collections/' took 0.00s
[2022.05.02-18.28.12:795][  0]LogFileCache: Scanning file cache for directory 'G:/Unreal Projects/ABWFR_Launcher/Content/Developers/Alyx/Collections/' took 0.00s
[2022.05.02-18.28.12:795][  0]LogFileCache: Scanning file cache for directory 'G:/Unreal Projects/ABWFR_Launcher/Content/Collections/' took 0.00s
[2022.05.02-18.28.12:795][  0]LogCollectionManager: Fixed up redirectors for 0 collections in 0.000003 seconds (updated 0 objects)
[2022.05.02-18.28.13:180][  0]SourceControl: Source control is disabled
[2022.05.02-18.28.15:582][  0]LogTemp: Found Discord DLL in Binaries directory
[2022.05.02-18.28.15:661][  0]LogAndroidPermission: UAndroidPermissionCallbackProxy::GetInstance
[2022.05.02-18.28.15:694][  0]LogAudioCaptureCore: Display: No Audio Capture implementations found. Audio input will be silent.
[2022.05.02-18.28.15:694][  0]LogAudioCaptureCore: Display: No Audio Capture implementations found. Audio input will be silent.
[2022.05.02-18.28.15:769][  0]LogUObjectArray: 17971 objects as part of root set at end of initial load.
[2022.05.02-18.28.15:769][  0]LogUObjectAllocator: 4727240 out of 0 bytes used by permanent object pool.
[2022.05.02-18.28.15:770][  0]LogUObjectArray: CloseDisregardForGC: 0/0 objects in disregard for GC pool
[2022.05.02-18.28.15:853][  0]LogInit: Executing Class /Script/UnrealEd.GatherTextCommandlet
[2022.05.02-18.28.15:895][  0]LogInit: Initializing Editor Engine...
[2022.05.02-18.28.15:895][  0]LogEngine: Initializing Engine...
[2022.05.02-18.28.15:899][  0]LogStats: UGameplayTagsManager::InitializeManager -  0.001 s
[2022.05.02-18.28.15:930][  0]LogInit: Initializing FReadOnlyCVARCache
[2022.05.02-18.28.15:940][  0]LogAIModule: Creating AISystem for world Untitled
[2022.05.02-18.28.15:940][  0]LogAISub: UAISubsystem::UAISubsystem EnvQueryManager (00000200DDA65A00), frame # 0
[2022.05.02-18.28.15:940][  0]LogAISub: UAISubsystem::UAISubsystem AIPerceptionSystem (00000200DDA43880), frame # 0
[2022.05.02-18.28.15:940][  0]LogNetVersion: Set ProjectVersion to 0.0.2. Version Checksum will be recalculated on next use.
[2022.05.02-18.28.16:033][  0]LogDerivedDataCache: Saved boot cache 0.09s 74MB C:/Users/Alyx/AppData/Local/UnrealEngine/4.25/DerivedDataCache/Boot.ddc.
[2022.05.02-18.28.16:034][  0]LogInit: Texture streaming: Disabled
[2022.05.02-18.28.16:093][  0]LogInit: Initializing Editor Engine Completed
[2022.05.02-18.28.16:147][  0]AchievementSystemEditor: Warning: AchievementSystemEditor module has been loaded
[2022.05.02-18.28.16:216][  0]BlueprintLog: New page: Editor Load
[2022.05.02-18.28.16:604][  0]LogGatherTextCommandlet: Display: Beginning GatherText Commandlet for '../../../../../../Unreal Projects/ABWFR_Launcher/Config/Localization/Game_Gather.ini'
[2022.05.02-18.28.16:606][  0]LogGatherTextCommandlet: Display: Executing GatherTextStep0: GatherTextFromAssetsCommandlet
[2022.05.02-18.28.16:608][  0]LogGatherTextFromAssetsCommandlet: Display: SkipGatherCache: false
[2022.05.02-18.28.16:608][  0]LogGatherTextFromAssetsCommandlet: Display: ReportStaleGatherCache: false
[2022.05.02-18.28.16:608][  0]LogGatherTextFromAssetsCommandlet: Display: FixStaleGatherCache: false
[2022.05.02-18.28.16:609][  0]LogGatherTextFromAssetsCommandlet: Display: FixMissingGatherCache: false
[2022.05.02-18.28.55:651][  0]LogGatherTextFromAssetsCommandlet: Display: Asset gather cache metrics: 17 cached, 4 uncached (0 too old, 4 no cache or contained bytecode)
[2022.05.02-18.28.55:652][  0]LogGatherTextFromAssetsCommandlet: Display: Loading 4 packages in 1 batches of 100.
[2022.05.02-18.28.55:727][  0]LogUObjectHash: Compacting FUObjectHashTables data took   0.76ms
[2022.05.02-18.28.55:843][  0]LogGatherTextFromAssetsCommandlet: Display: Loaded 4 packages in batch 1 of 1. 0 failed.
[2022.05.02-18.28.55:843][  0]LogGatherTextCommandlet: Display: Completed GatherTextStep0: GatherTextFromAssetsCommandlet in 39.236510 seconds
[2022.05.02-18.28.55:843][  0]LogGatherTextCommandlet: Display: Executing GatherTextStep1: GenerateGatherManifestCommandlet
[2022.05.02-18.28.56:431][  0]LogGatherTextCommandlet: Display: Completed GatherTextStep1: GenerateGatherManifestCommandlet in 0.587632 seconds
[2022.05.02-18.28.56:431][  0]LogGatherTextCommandlet: Display: Executing GatherTextStep2: GenerateGatherArchiveCommandlet
[2022.05.02-18.28.56:829][  0]LogGatherTextCommandlet: Display: Completed GatherTextStep2: GenerateGatherArchiveCommandlet in 0.397808 seconds
[2022.05.02-18.28.56:829][  0]LogGatherTextCommandlet: Display: Executing GatherTextStep3: GenerateTextLocalizationReportCommandlet
[2022.05.02-18.28.57:170][  0]LogGatherTextCommandlet: Display: Completed GatherTextStep3: GenerateTextLocalizationReportCommandlet in 0.340504 seconds
[2022.05.02-18.28.57:171][  0]LogCore: Engine exit requested (reason: Commandlet GatherTextCommandlet_0 finished execution (result 0))
[2022.05.02-18.28.57:171][  0]LogInit: Display: 
[2022.05.02-18.28.57:171][  0]LogInit: Display: Warning/Error Summary (Unique only)
[2022.05.02-18.28.57:171][  0]LogInit: Display: -----------------------------------
[2022.05.02-18.28.57:232][  0]LogInit: Display: AchievementSystemEditor: Warning: AchievementSystemEditor module has been loaded
[2022.05.02-18.28.57:233][  0]LogInit: Display: 
[2022.05.02-18.28.57:233][  0]LogInit: Display: Success - 0 error(s), 1 warning(s)
[2022.05.02-18.28.57:240][  0]LogInit: Display: 
Execution of commandlet took:  40.85 seconds
[2022.05.02-18.28.57:241][  0]LogCore: Engine exit requested (reason: EngineExit() was called; note: exit was already requested)
[2022.05.02-18.28.57:299][  0]LogExit: Preparing to exit.
[2022.05.02-18.28.57:326][  0]LogLocalizationSourceControl: Source Control wrapper shutting down with checked out files.
[2022.05.02-18.28.57:327][  0]LogDemo: Cleaned up 0 splitscreen connections with owner deletion
[2022.05.02-18.28.57:328][  0]LogWorld: UWorld::CleanupWorld for None, bSessionEnded=true, bCleanupResources=true
[2022.05.02-18.28.57:328][  0]LogExit: Editor shut down
[2022.05.02-18.28.57:341][  0]LogAISub: UAISubsystem::~UAISubsystem AISubsystem (00000200DC97A900), frame # 0
[2022.05.02-18.28.57:341][  0]LogAISub: UAISubsystem::~UAISubsystem AIPerceptionSystem (00000200DC9956C0), frame # 0
[2022.05.02-18.28.57:341][  0]LogAISub: UAISubsystem::~UAISubsystem EnvQueryManager (00000200DC9A1400), frame # 0
[2022.05.02-18.28.57:344][  0]LogAISub: UAISubsystem::~UAISubsystem EnvQueryManager (00000200DDA65A00), frame # 0
[2022.05.02-18.28.57:345][  0]LogAISub: UAISubsystem::~UAISubsystem AIPerceptionSystem (00000200DDA43880), frame # 0
[2022.05.02-18.28.57:369][  0]LogExit: Object subsystem successfully closed.
[2022.05.02-18.28.57:387][  0]LogShaderCompilers: Display: Shaders left to compile 0
[2022.05.02-18.28.57:403][  0]LogModuleManager: Shutting down and abandoning module AudioCaptureEditor (564)
[2022.05.02-18.28.57:403][  0]LogModuleManager: Shutting down and abandoning module TemplateSequenceEditor (562)
[2022.05.02-18.28.57:403][  0]LogModuleManager: Shutting down and abandoning module MatineeToLevelSequence (560)
[2022.05.02-18.28.57:403][  0]LogModuleManager: Shutting down and abandoning module LevelSequenceEditor (558)
[2022.05.02-18.28.57:404][  0]LogModuleManager: Shutting down and abandoning module ActorSequenceEditor (556)
[2022.05.02-18.28.57:404][  0]LogModuleManager: Shutting down and abandoning module WmfMediaFactory (554)
[2022.05.02-18.28.57:404][  0]LogModuleManager: Shutting down and abandoning module WmfMediaEditor (552)
[2022.05.02-18.28.57:404][  0]LogModuleManager: Shutting down and abandoning module WebMMediaFactory (550)
[2022.05.02-18.28.57:404][  0]LogModuleManager: Shutting down and abandoning module WebMMediaEditor (548)
[2022.05.02-18.28.57:404][  0]LogModuleManager: Shutting down and abandoning module MediaPlayerEditor (546)
[2022.05.02-18.28.57:404][  0]LogModuleManager: Shutting down and abandoning module MediaCompositingEditor (544)
[2022.05.02-18.28.57:404][  0]LogModuleManager: Shutting down and abandoning module SequenceRecorder (543)
[2022.05.02-18.28.57:404][  0]LogModuleManager: Shutting down and abandoning module Persona (542)
[2022.05.02-18.28.57:404][  0]LogModuleManager: Shutting down and abandoning module AdvancedPreviewScene (541)
[2022.05.02-18.28.57:404][  0]LogModuleManager: Shutting down and abandoning module AnimGraph (539)
[2022.05.02-18.28.57:404][  0]LogModuleManager: Shutting down and abandoning module Kismet (538)
[2022.05.02-18.28.57:404][  0]LogModuleManager: Shutting down and abandoning module KismetWidgets (537)
[2022.05.02-18.28.57:404][  0]LogModuleManager: Shutting down and abandoning module ImgMediaFactory (530)
[2022.05.02-18.28.57:404][  0]LogModuleManager: Shutting down and abandoning module ImgMediaEditor (528)
[2022.05.02-18.28.57:404][  0]LogModuleManager: Shutting down and abandoning module AvfMediaFactory (526)
[2022.05.02-18.28.57:404][  0]LogModuleManager: Shutting down and abandoning module AvfMediaEditor (524)
[2022.05.02-18.28.57:404][  0]LogModuleManager: Shutting down and abandoning module AndroidMediaFactory (522)
[2022.05.02-18.28.57:404][  0]LogModuleManager: Shutting down and abandoning module AndroidMediaEditor (520)
[2022.05.02-18.28.57:404][  0]LogModuleManager: Shutting down and abandoning module AchievementSystemEditor (518)
[2022.05.02-18.28.57:404][  0]AchievementSystemEditor: Warning: AchievementSystemEditor module has been unloaded
[2022.05.02-18.28.57:404][  0]LogModuleManager: Shutting down and abandoning module MagicLeapMediaEditor (516)
[2022.05.02-18.28.57:404][  0]LogModuleManager: Shutting down and abandoning module TextureAlignMode (514)
[2022.05.02-18.28.57:404][  0]LogModuleManager: Shutting down and abandoning module BspMode (512)
[2022.05.02-18.28.57:404][  0]LogModuleManager: Shutting down and abandoning module PlacementMode (511)
[2022.05.02-18.28.57:404][  0]LogModuleManager: Shutting down and abandoning module GeometryMode (508)
[2022.05.02-18.28.57:404][  0]LogModuleManager: Shutting down and abandoning module CameraShakePreviewer (506)
[2022.05.02-18.28.57:404][  0]LogModuleManager: Shutting down and abandoning module SmartSnapping (504)
[2022.05.02-18.28.57:404][  0]LogModuleManager: Shutting down and abandoning module ToolMenus (502)
[2022.05.02-18.28.57:404][  0]LogModuleManager: Shutting down and abandoning module MeshPaint (500)
[2022.05.02-18.28.57:404][  0]LogModuleManager: Shutting down and abandoning module LiveCoding (498)
[2022.05.02-18.28.57:405][  0]LogModuleManager: Shutting down and abandoning module LevelSequence (496)
[2022.05.02-18.28.57:405][  0]LogModuleManager: Shutting down and abandoning module MovieSceneTracks (494)
[2022.05.02-18.28.57:405][  0]LogModuleManager: Shutting down and abandoning module MovieScene (492)
[2022.05.02-18.28.57:405][  0]LogModuleManager: Shutting down and abandoning module StreamingPauseRendering (490)
[2022.05.02-18.28.57:405][  0]LogModuleManager: Shutting down and abandoning module AIModule (488)
[2022.05.02-18.28.57:405][  0]LogModuleManager: Shutting down and abandoning module GameplayDebugger (487)
[2022.05.02-18.28.57:405][  0]LogModuleManager: Shutting down and abandoning module AITestSuite (485)
[2022.05.02-18.28.57:405][  0]LogModuleManager: Shutting down and abandoning module NavigationSystem (483)
[2022.05.02-18.28.57:405][  0]LogModuleManager: Shutting down and abandoning module ScreenshotTools (480)
[2022.05.02-18.28.57:405][  0]LogModuleManager: Shutting down and abandoning module SynthesisEditor (478)
[2022.05.02-18.28.57:405][  0]LogModuleManager: Shutting down and abandoning module Synthesis (476)
[2022.05.02-18.28.57:405][  0]LogModuleManager: Shutting down and abandoning module SignalProcessing (475)
[2022.05.02-18.28.57:405][  0]LogModuleManager: Shutting down and abandoning module ProceduralMeshComponentEditor (472)
[2022.05.02-18.28.57:405][  0]LogModuleManager: Shutting down and abandoning module ProceduralMeshComponent (470)
[2022.05.02-18.28.57:405][  0]LogModuleManager: Shutting down and abandoning module EditableMesh (468)
[2022.05.02-18.28.57:405][  0]LogModuleManager: Shutting down and abandoning module CustomMeshComponent (466)
[2022.05.02-18.28.57:405][  0]LogModuleManager: Shutting down and abandoning module AudioCapture (464)
[2022.05.02-18.28.57:405][  0]LogModuleManager: Shutting down and abandoning module AudioCaptureRtAudio (463)
[2022.05.02-18.28.57:405][  0]LogModuleManager: Shutting down and abandoning module AssetTags (460)
[2022.05.02-18.28.57:405][  0]LogModuleManager: Shutting down and abandoning module ArchVisCharacter (458)
[2022.05.02-18.28.57:405][  0]LogModuleManager: Shutting down and abandoning module AppleImageUtilsBlueprintSupport (456)
[2022.05.02-18.28.57:405][  0]LogModuleManager: Shutting down and abandoning module AppleImageUtils (454)
[2022.05.02-18.28.57:405][  0]LogModuleManager: Shutting down and abandoning module AndroidPermission (452)
[2022.05.02-18.28.57:405][  0]LogModuleManager: Shutting down and abandoning module NUTUnrealEngine4 (450)
[2022.05.02-18.28.57:405][  0]LogModuleManager: Shutting down and abandoning module NetcodeUnitTest (448)
[2022.05.02-18.28.57:405][  0]LogModuleManager: Shutting down and abandoning module TemplateSequence (446)
[2022.05.02-18.28.57:405][  0]LogModuleManager: Shutting down and abandoning module MovieRenderPipelineEditor (444)
[2022.05.02-18.28.57:405][  0]LogModuleManager: Shutting down and abandoning module MovieRenderPipelineRenderPasses (442)
[2022.05.02-18.28.57:405][  0]LogModuleManager: Shutting down and abandoning module MovieRenderPipelineSettings (440)
[2022.05.02-18.28.57:405][  0]LogModuleManager: Shutting down and abandoning module MovieRenderPipelineCore (438)
[2022.05.02-18.28.57:405][  0]LogModuleManager: Shutting down and abandoning module ImageWriteQueue (437)
[2022.05.02-18.28.57:405][  0]LogModuleManager: Shutting down and abandoning module MeshPaintingToolset (434)
[2022.05.02-18.28.57:405][  0]LogModuleManager: Shutting down and abandoning module MeshPaintEditorMode (432)
[2022.05.02-18.28.57:405][  0]LogModuleManager: Shutting down and abandoning module MediaCompositing (430)
[2022.05.02-18.28.57:405][  0]LogModuleManager: Shutting down and abandoning module DiscordRichPresence (428)
[2022.05.02-18.28.57:405][  0]LogModuleManager: Shutting down and abandoning module AchievementSystem (426)
[2022.05.02-18.28.57:405][  0]LogModuleManager: Shutting down and abandoning module MagicLeapSharedWorld (424)
[2022.05.02-18.28.57:405][  0]LogModuleManager: Shutting down and abandoning module MagicLeapLightEstimation (422)
[2022.05.02-18.28.57:405][  0]LogModuleManager: Shutting down and abandoning module MagicLeapHelperVulkan (420)
[2022.05.02-18.28.57:405][  0]LogModuleManager: Shutting down and abandoning module MagicLeapHelperOpenGL (418)
[2022.05.02-18.28.57:405][  0]LogModuleManager: Shutting down and abandoning module MagicLeapAudio (416)
[2022.05.02-18.28.57:405][  0]LogModuleManager: Shutting down and abandoning module MeshSolverUtilities (414)
[2022.05.02-18.28.57:405][  0]LogModuleManager: Shutting down and abandoning module MeshConversion (412)
[2022.05.02-18.28.57:405][  0]LogModuleManager: Shutting down and abandoning module DynamicMesh (410)
[2022.05.02-18.28.57:405][  0]LogModuleManager: Shutting down and abandoning module GeometryAlgorithms (408)
[2022.05.02-18.28.57:405][  0]LogModuleManager: Shutting down and abandoning module GeometricObjects (406)
[2022.05.02-18.28.57:405][  0]LogModuleManager: Shutting down and abandoning module GeometryCacheTracks (404)
[2022.05.02-18.28.57:405][  0]LogModuleManager: Shutting down and abandoning module GeometryCacheSequencer (402)
[2022.05.02-18.28.57:405][  0]LogModuleManager: Shutting down and abandoning module AutomationUtilsEditor (400)
[2022.05.02-18.28.57:405][  0]LogModuleManager: Shutting down and abandoning module AutomationUtils (398)
[2022.05.02-18.28.57:405][  0]LogModuleManager: Shutting down and abandoning module AlembicImporter (396)
[2022.05.02-18.28.57:406][  0]LogModuleManager: Shutting down and abandoning module AlembicLibrary (395)
[2022.05.02-18.28.57:406][  0]LogModuleManager: Shutting down and abandoning module GeometryCache (394)
[2022.05.02-18.28.57:406][  0]LogModuleManager: Shutting down and abandoning module GeometryCacheEd (393)
[2022.05.02-18.28.57:406][  0]LogModuleManager: Shutting down and abandoning module VariantManagerContentEditor (388)
[2022.05.02-18.28.57:406][  0]LogModuleManager: Shutting down and abandoning module DatasmithContentEditor (386)
[2022.05.02-18.28.57:406][  0]LogModuleManager: Shutting down and abandoning module PluginBrowser (384)
[2022.05.02-18.28.57:406][  0]LogModuleManager: Shutting down and abandoning module MobileLauncherProfileWizard (382)
[2022.05.02-18.28.57:406][  0]LogModuleManager: Shutting down and abandoning module MaterialAnalyzer (380)
[2022.05.02-18.28.57:406][  0]LogModuleManager: Shutting down and abandoning module EditorScriptingUtilities (378)
[2022.05.02-18.28.57:406][  0]LogModuleManager: Shutting down and abandoning module CurveEditorTools (376)
[2022.05.02-18.28.57:406][  0]LogModuleManager: Shutting down and abandoning module CryptoKeysOpenSSL (374)
[2022.05.02-18.28.57:406][  0]LogModuleManager: Shutting down and abandoning module CryptoKeys (372)
[2022.05.02-18.28.57:406][  0]LogModuleManager: Shutting down and abandoning module VisualStudioSourceCodeAccess (370)
[2022.05.02-18.28.57:406][  0]LogModuleManager: Shutting down and abandoning module VisualStudioCodeSourceCodeAccess (368)
[2022.05.02-18.28.57:406][  0]LogModuleManager: Shutting down and abandoning module UObjectPlugin (366)
[2022.05.02-18.28.57:406][  0]LogModuleManager: Shutting down and abandoning module SubversionSourceControl (364)
[2022.05.02-18.28.57:406][  0]LogModuleManager: Shutting down and abandoning module RiderSourceCodeAccess (362)
[2022.05.02-18.28.57:406][  0]LogModuleManager: Shutting down and abandoning module PlasticSourceControl (360)
[2022.05.02-18.28.57:406][  0]LogModuleManager: Shutting down and abandoning module PerforceSourceControl (358)
[2022.05.02-18.28.57:406][  0]LogModuleManager: Shutting down and abandoning module GitSourceControl (356)
[2022.05.02-18.28.57:406][  0]LogModuleManager: Shutting down and abandoning module SourceControl (355)
[2022.05.02-18.28.57:406][  0]LogModuleManager: Shutting down and abandoning module CLionSourceCodeAccess (352)
[2022.05.02-18.28.57:406][  0]LogModuleManager: Shutting down and abandoning module AnimationSharingEd (350)
[2022.05.02-18.28.57:406][  0]LogModuleManager: Shutting down and abandoning module ActorLayerUtilitiesEditor (348)
[2022.05.02-18.28.57:406][  0]LogModuleManager: Shutting down and abandoning module ActorLayerUtilities (346)
[2022.05.02-18.28.57:406][  0]LogModuleManager: Shutting down and abandoning module LightPropagationVolumeEditor (344)
[2022.05.02-18.28.57:406][  0]LogModuleManager: Shutting down and abandoning module PaperTiledImporter (342)
[2022.05.02-18.28.57:406][  0]LogModuleManager: Shutting down and abandoning module PaperSpriteSheetImporter (340)
[2022.05.02-18.28.57:406][  0]LogModuleManager: Shutting down and abandoning module Paper2DEditor (338)
[2022.05.02-18.28.57:406][  0]LogModuleManager: Shutting down and abandoning module SoundFields (336)
[2022.05.02-18.28.57:406][  0]LogModuleManager: Shutting down and abandoning module SignificanceManager (334)
[2022.05.02-18.28.57:406][  0]LogModuleManager: Shutting down and abandoning module RuntimePhysXCooking (332)
[2022.05.02-18.28.57:406][  0]LogModuleManager: Shutting down and abandoning module ActorSequence (330)
[2022.05.02-18.28.57:406][  0]LogModuleManager: Shutting down and abandoning module UdpMessaging (328)
[2022.05.02-18.28.57:406][  0]LogModuleManager: Shutting down and abandoning module TcpMessaging (326)
[2022.05.02-18.28.57:406][  0]LogModuleManager: Shutting down and abandoning module MagicLeapARPin (324)
[2022.05.02-18.28.57:406][  0]LogModuleManager: Shutting down and abandoning module MagicLeapHandMeshing (322)
[2022.05.02-18.28.57:406][  0]LogModuleManager: Shutting down and abandoning module MagicLeapSecureStorage (320)
[2022.05.02-18.28.57:406][  0]LogModuleManager: Shutting down and abandoning module MagicLeapPrivileges (318)
[2022.05.02-18.28.57:406][  0]LogModuleManager: Shutting down and abandoning module MagicLeapPlanes (316)
[2022.05.02-18.28.57:406][  0]LogMagicLeapPlanes: Planes tracker already destroyed.
[2022.05.02-18.28.57:406][  0]LogModuleManager: Shutting down and abandoning module MagicLeapImageTracker (314)
[2022.05.02-18.28.57:406][  0]LogModuleManager: Shutting down and abandoning module MagicLeapIdentity (312)
[2022.05.02-18.28.57:406][  0]LogModuleManager: Shutting down and abandoning module MagicLeapHandTracking (310)
[2022.05.02-18.28.57:406][  0]LogModuleManager: Shutting down and abandoning module MagicLeapEyeTracker (308)
[2022.05.02-18.28.57:406][  0]LogModuleManager: Shutting down and abandoning module MagicLeapController (306)
[2022.05.02-18.28.57:406][  0]LogModuleManager: Shutting down and abandoning module MagicLeapARPinImpl (304)
[2022.05.02-18.28.57:406][  0]LogModuleManager: Shutting down and abandoning module MagicLeapAR (302)
[2022.05.02-18.28.57:406][  0]LogModuleManager: Shutting down and abandoning module AugmentedReality (301)
[2022.05.02-18.28.57:406][  0]LogModuleManager: Shutting down and abandoning module GameplayTagsEditor (298)
[2022.05.02-18.28.57:406][  0]LogModuleManager: Shutting down and abandoning module FacialAnimationEditor (296)
[2022.05.02-18.28.57:406][  0]LogModuleManager: Shutting down and abandoning module FacialAnimation (294)
[2022.05.02-18.28.57:406][  0]LogModuleManager: Shutting down and abandoning module DataValidation (292)
[2022.05.02-18.28.57:406][  0]LogModuleManager: Shutting down and abandoning module AssetManagerEditor (290)
[2022.05.02-18.28.57:406][  0]LogModuleManager: Shutting down and abandoning module TreeMap (289)
[2022.05.02-18.28.57:406][  0]LogModuleManager: Shutting down and abandoning module AnimationSharing (286)
[2022.05.02-18.28.57:407][  0]LogModuleManager: Shutting down and abandoning module LightPropagationVolumeRuntime (284)
[2022.05.02-18.28.57:407][  0]LogModuleManager: Shutting down and abandoning module Paper2D (282)
[2022.05.02-18.28.57:407][  0]LogModuleManager: Shutting down and abandoning module NetworkReplayStreaming (280)
[2022.05.02-18.28.57:407][  0]LogModuleManager: Shutting down and abandoning module PacketHandler (278)
[2022.05.02-18.28.57:407][  0]LogModuleManager: Shutting down and abandoning module ClothingSystemEditor (276)
[2022.05.02-18.28.57:407][  0]LogModuleManager: Shutting down and abandoning module ClothingSystemRuntimeNv (274)
[2022.05.02-18.28.57:407][  0]LogModuleManager: Shutting down and abandoning module MediaAssets (272)
[2022.05.02-18.28.57:407][  0]LogModuleManager: Shutting down and abandoning module Overlay (270)
[2022.05.02-18.28.57:407][  0]LogModuleManager: Shutting down and abandoning module OverlayEditor (269)
[2022.05.02-18.28.57:407][  0]LogModuleManager: Shutting down and abandoning module Blutility (266)
[2022.05.02-18.28.57:407][  0]LogModuleManager: Shutting down and abandoning module LevelEditor (265)
[2022.05.02-18.28.57:407][  0]LogModuleManager: Shutting down and abandoning module PixelInspectorModule (264)
[2022.05.02-18.28.57:407][  0]LogModuleManager: Shutting down and abandoning module CommonMenuExtensions (262)
[2022.05.02-18.28.57:407][  0]LogModuleManager: Shutting down and abandoning module MainFrame (260)
[2022.05.02-18.28.57:407][  0]LogModuleManager: Shutting down and abandoning module HotReload (259)
[2022.05.02-18.28.57:408][  0]LogModuleManager: Shutting down and abandoning module IntroTutorials (254)
[2022.05.02-18.28.57:408][  0]LogModuleManager: Shutting down and abandoning module VREditor (252)
[2022.05.02-18.28.57:408][  0]LogModuleManager: Shutting down and abandoning module StringTableEditor (250)
[2022.05.02-18.28.57:408][  0]LogModuleManager: Shutting down and abandoning module GameplayTasksEditor (248)
[2022.05.02-18.28.57:408][  0]LogModuleManager: Shutting down and abandoning module BehaviorTreeEditor (246)
[2022.05.02-18.28.57:408][  0]LogModuleManager: Shutting down and abandoning module FunctionalTesting (244)
[2022.05.02-18.28.57:408][  0]LogModuleManager: Shutting down and abandoning module CollisionAnalyzer (242)
[2022.05.02-18.28.57:408][  0]LogModuleManager: Shutting down and abandoning module UMG (240)
[2022.05.02-18.28.57:408][  0]LogModuleManager: Shutting down and abandoning module UMGEditor (239)
[2022.05.02-18.28.57:408][  0]LogModuleManager: Shutting down and abandoning module MessageLog (237)
[2022.05.02-18.28.57:408][  0]LogModuleManager: Shutting down and abandoning module MaterialEditor (235)
[2022.05.02-18.28.57:408][  0]LogModuleManager: Shutting down and abandoning module ContentBrowser (234)
[2022.05.02-18.28.57:408][  0]LogModuleManager: Shutting down and abandoning module WorkspaceMenuStructure (233)
[2022.05.02-18.28.57:408][  0]LogModuleManager: Shutting down and abandoning module CollectionManager (231)
[2022.05.02-18.28.57:409][  0]LogModuleManager: Shutting down and abandoning module Settings (228)
[2022.05.02-18.28.57:409][  0]LogModuleManager: Shutting down and abandoning module SlateReflector (222)
[2022.05.02-18.28.57:409][  0]LogModuleManager: Shutting down and abandoning module Slate (220)
[2022.05.02-18.28.57:409][  0]LogModuleManager: Shutting down and abandoning module SlateCore (218)
[2022.05.02-18.28.57:409][  0]LogModuleManager: Shutting down and abandoning module LandscapeEditorUtilities (216)
[2022.05.02-18.28.57:409][  0]LogModuleManager: Shutting down and abandoning module UnrealEd (214)
[2022.05.02-18.28.57:409][  0]LogModuleManager: Shutting down and abandoning module MRMesh (212)
[2022.05.02-18.28.57:409][  0]LogModuleManager: Shutting down and abandoning module SourceCodeAccess (210)
[2022.05.02-18.28.57:409][  0]LogModuleManager: Shutting down and abandoning module HeadMountedDisplay (208)
[2022.05.02-18.28.57:409][  0]LogModuleManager: Shutting down and abandoning module XAudio2 (206)
[2022.05.02-18.28.57:409][  0]LogModuleManager: Shutting down and abandoning module Networking (204)
[2022.05.02-18.28.57:409][  0]LogModuleManager: Shutting down and abandoning module Core (202)
[2022.05.02-18.28.57:409][  0]LogModuleManager: Shutting down and abandoning module MovieSceneTools (200)
[2022.05.02-18.28.57:409][  0]LogModuleManager: Shutting down and abandoning module CurveEditor (199)
[2022.05.02-18.28.57:409][  0]LogModuleManager: Shutting down and abandoning module Sequencer (197)
[2022.05.02-18.28.57:409][  0]LogModuleManager: Shutting down and abandoning module EditorStyle (196)
[2022.05.02-18.28.57:410][  0]LogModuleManager: Shutting down and abandoning module KismetCompiler (192)
[2022.05.02-18.28.57:410][  0]LogModuleManager: Shutting down and abandoning module MeshBuilder (190)
[2022.05.02-18.28.57:410][  0]LogModuleManager: Shutting down and abandoning module MeshUtilities (188)
[2022.05.02-18.28.57:410][  0]LogModuleManager: Shutting down and abandoning module MeshMergeUtilities (187)
[2022.05.02-18.28.57:410][  0]LogModuleManager: Shutting down and abandoning module MeshReductionInterface (186)
[2022.05.02-18.28.57:410][  0]LogModuleManager: Shutting down and abandoning module MeshBoneReduction (185)
[2022.05.02-18.28.57:410][  0]LogModuleManager: Shutting down and abandoning module SkeletalMeshReduction (183)
[2022.05.02-18.28.57:410][  0]LogModuleManager: Shutting down and abandoning module ProxyLODMeshReduction (181)
[2022.05.02-18.28.57:410][  0]LogModuleManager: Shutting down and abandoning module QuadricMeshReduction (179)
[2022.05.02-18.28.57:410][  0]LogModuleManager: Shutting down and abandoning module MaterialBaking (175)
[2022.05.02-18.28.57:410][  0]LogModuleManager: Shutting down and abandoning module DirectoryWatcher (171)
[2022.05.02-18.28.57:410][  0]LogModuleManager: Shutting down and abandoning module NullInstallBundleManager (168)
[2022.05.02-18.28.57:410][  0]LogModuleManager: Shutting down and abandoning module DerivedDataCache (166)
[2022.05.02-18.28.57:411][  0]LogModuleManager: Shutting down and abandoning module XGEController (164)
[2022.05.02-18.28.57:411][  0]LogModuleManager: Shutting down and abandoning module TargetPlatform (162)
[2022.05.02-18.28.57:411][  0]LogModuleManager: Shutting down and abandoning module VulkanShaderFormat (161)
[2022.05.02-18.28.57:411][  0]LogModuleManager: Shutting down and abandoning module ShaderFormatVectorVM (159)
[2022.05.02-18.28.57:411][  0]LogModuleManager: Shutting down and abandoning module ShaderFormatOpenGL (157)
[2022.05.02-18.28.57:411][  0]LogModuleManager: Shutting down and abandoning module ShaderFormatD3D (155)
[2022.05.02-18.28.57:411][  0]LogModuleManager: Shutting down and abandoning module MetalShaderFormat (153)
[2022.05.02-18.28.57:411][  0]LogModuleManager: Shutting down and abandoning module TextureFormatUncompressed (151)
[2022.05.02-18.28.57:411][  0]LogModuleManager: Shutting down and abandoning module TextureFormatPVR (149)
[2022.05.02-18.28.57:411][  0]LogModuleManager: Shutting down and abandoning module TextureFormatDXT (147)
[2022.05.02-18.28.57:411][  0]LogModuleManager: Shutting down and abandoning module TextureFormatIntelISPCTexComp (145)
[2022.05.02-18.28.57:411][  0]LogModuleManager: Shutting down and abandoning module TextureFormatASTC (143)
[2022.05.02-18.28.57:411][  0]LogModuleManager: Shutting down and abandoning module ImageWrapper (142)
[2022.05.02-18.28.57:411][  0]LogModuleManager: Shutting down and abandoning module TextureFormatAndroid (139)
[2022.05.02-18.28.57:411][  0]LogModuleManager: Shutting down and abandoning module AudioFormatOpus (137)
[2022.05.02-18.28.57:411][  0]LogModuleManager: Shutting down and abandoning module AudioFormatOgg (135)
[2022.05.02-18.28.57:411][  0]LogModuleManager: Shutting down and abandoning module AudioFormatADPCM (133)
[2022.05.02-18.28.57:411][  0]LogModuleManager: Shutting down and abandoning module WindowsServerTargetPlatform (131)
[2022.05.02-18.28.57:411][  0]LogModuleManager: Shutting down and abandoning module WindowsClientTargetPlatform (129)
[2022.05.02-18.28.57:411][  0]LogModuleManager: Shutting down and abandoning module WindowsTargetPlatform (127)
[2022.05.02-18.28.57:411][  0]LogModuleManager: Shutting down and abandoning module WindowsNoEditorTargetPlatform (125)
[2022.05.02-18.28.57:411][  0]LogModuleManager: Shutting down and abandoning module TVOSTargetPlatform (123)
[2022.05.02-18.28.57:411][  0]LogModuleManager: Shutting down and abandoning module LuminTargetPlatform (121)
[2022.05.02-18.28.57:412][  0]LogModuleManager: Shutting down and abandoning module LinuxAArch64ServerTargetPlatform (119)
[2022.05.02-18.28.57:412][  0]LogModuleManager: Shutting down and abandoning module LinuxAArch64ClientTargetPlatform (117)
[2022.05.02-18.28.57:412][  0]LogModuleManager: Shutting down and abandoning module LinuxAArch64NoEditorTargetPlatform (115)
[2022.05.02-18.28.57:412][  0]LogModuleManager: Shutting down and abandoning module LinuxServerTargetPlatform (113)
[2022.05.02-18.28.57:412][  0]LogModuleManager: Shutting down and abandoning module LinuxClientTargetPlatform (111)
[2022.05.02-18.28.57:412][  0]LogModuleManager: Shutting down and abandoning module LinuxNoEditorTargetPlatform (109)
[2022.05.02-18.28.57:412][  0]LogModuleManager: Shutting down and abandoning module LinuxTargetPlatform (107)
[2022.05.02-18.28.57:412][  0]LogModuleManager: Shutting down and abandoning module Messaging (105)
[2022.05.02-18.28.57:412][  0]LogModuleManager: Shutting down and abandoning module IOSTargetPlatform (103)
[2022.05.02-18.28.57:413][  0]LogModuleManager: Shutting down and abandoning module AndroidTargetPlatform (101)
[2022.05.02-18.28.57:416][  0]LogModuleManager: Shutting down and abandoning module AllDesktopTargetPlatform (99)
[2022.05.02-18.28.57:416][  0]LogModuleManager: Shutting down and abandoning module NullDrv (96)
[2022.05.02-18.28.57:416][  0]LogModuleManager: Shutting down and abandoning module PhysXCooking (94)
[2022.05.02-18.28.57:416][  0]LogModuleManager: Shutting down and abandoning module ChaosSolvers (92)
[2022.05.02-18.28.57:416][  0]LogModuleManager: Shutting down and abandoning module FieldSystemEngine (91)
[2022.05.02-18.28.57:416][  0]LogModuleManager: Shutting down and abandoning module Chaos (88)
[2022.05.02-18.28.57:416][  0]LogModuleManager: Shutting down and abandoning module WindowsPlatformFeatures (86)
[2022.05.02-18.28.57:416][  0]LogModuleManager: Shutting down and abandoning module GameplayMediaEncoder (85)
[2022.05.02-18.28.57:416][  0]LogModuleManager: Shutting down and abandoning module AVEncoder (84)
[2022.05.02-18.28.57:416][  0]LogModuleManager: Shutting down and abandoning module ExampleDeviceProfileSelector (80)
[2022.05.02-18.28.57:416][  0]LogModuleManager: Shutting down and abandoning module LauncherChunkInstaller (78)
[2022.05.02-18.28.57:416][  0]LogModuleManager: Shutting down and abandoning module OnlineBlueprintSupport (76)
[2022.05.02-18.28.57:416][  0]LogModuleManager: Shutting down and abandoning module OnlineSubsystem (72)
[2022.05.02-18.28.57:417][  0]LogModuleManager: Shutting down and abandoning module XMPP (67)
[2022.05.02-18.28.57:417][  0]LogModuleManager: Shutting down and abandoning module WebSockets (66)
[2022.05.02-18.28.57:423][  0]LogModuleManager: Shutting down and abandoning module HTTP (63)
[2022.05.02-18.28.57:455][  0]LogModuleManager: Shutting down and abandoning module SSL (62)
[2022.05.02-18.28.57:456][  0]LogModuleManager: Shutting down and abandoning module WmfMedia (58)
[2022.05.02-18.28.57:463][  0]LogModuleManager: Shutting down and abandoning module Media (57)
[2022.05.02-18.28.57:463][  0]LogModuleManager: Shutting down and abandoning module MagicLeap (54)
[2022.05.02-18.28.57:463][  0]LogModuleManager: Shutting down and abandoning module VariantManagerContent (52)
[2022.05.02-18.28.57:463][  0]LogModuleManager: Shutting down and abandoning module DatasmithContent (50)
[2022.05.02-18.28.57:464][  0]LogModuleManager: Shutting down and abandoning module AISupportModule (48)
[2022.05.02-18.28.57:464][  0]LogModuleManager: Shutting down and abandoning module DesktopPlatform (46)
[2022.05.02-18.28.57:464][  0]LogModuleManager: Shutting down and abandoning module PlatformCryptoOpenSSL (44)
[2022.05.02-18.28.57:464][  0]LogModuleManager: Shutting down and abandoning module PlatformCryptoTypes (42)
[2022.05.02-18.28.57:464][  0]LogModuleManager: Shutting down and abandoning module PlatformCrypto (40)
[2022.05.02-18.28.57:464][  0]LogModuleManager: Shutting down and abandoning module AnimationModifiers (38)
[2022.05.02-18.28.57:464][  0]LogModuleManager: Shutting down and abandoning module PropertyEditor (37)
[2022.05.02-18.28.57:464][  0]LogModuleManager: Shutting down and abandoning module AudioEditor (34)
[2022.05.02-18.28.57:464][  0]LogModuleManager: Shutting down and abandoning module TextureCompressor (32)
[2022.05.02-18.28.57:464][  0]LogModuleManager: Shutting down and abandoning module RenderCore (30)
[2022.05.02-18.28.57:464][  0]LogModuleManager: Shutting down and abandoning module Landscape (28)
[2022.05.02-18.28.57:464][  0]LogModuleManager: Shutting down and abandoning module SlateRHIRenderer (26)
[2022.05.02-18.28.57:464][  0]LogModuleManager: Shutting down and abandoning module OpenGLDrv (24)
[2022.05.02-18.28.57:464][  0]LogModuleManager: Shutting down and abandoning module D3D11RHI (22)
[2022.05.02-18.28.57:465][  0]LogModuleManager: Shutting down and abandoning module AnimGraphRuntime (20)
[2022.05.02-18.28.57:465][  0]LogModuleManager: Shutting down and abandoning module Renderer (18)
[2022.05.02-18.28.57:465][  0]LogModuleManager: Shutting down and abandoning module Engine (16)
[2022.05.02-18.28.57:465][  0]LogModuleManager: Shutting down and abandoning module CoreUObject (14)
[2022.05.02-18.28.57:465][  0]LogModuleManager: Shutting down and abandoning module NetworkFile (12)
[2022.05.02-18.28.57:465][  0]LogModuleManager: Shutting down and abandoning module CookedIterativeFile (10)
[2022.05.02-18.28.57:465][  0]LogModuleManager: Shutting down and abandoning module StreamingFile (8)
[2022.05.02-18.28.57:465][  0]LogModuleManager: Shutting down and abandoning module SandboxFile (6)
[2022.05.02-18.28.57:465][  0]LogModuleManager: Shutting down and abandoning module PakFile (4)
[2022.05.02-18.28.57:465][  0]LogModuleManager: Shutting down and abandoning module RSA (3)
[2022.05.02-18.28.57:493][  0]LogContentStreaming: Display: There are 1 unreleased StreamingManagers
[2022.05.02-18.28.57:499][  0]LogExit: Exiting.
[2022.05.02-18.28.57:525][  0]Log file closed, 05/02/22 20:28:57
